"../../../Engine/Content/Animation/DefaultAnimCurveCompressionSettings.uasset" 0
"../../../Engine/Content/Functions/Engine_MaterialFunctions01/Opacity/CameraDepthFade.uasset" 1
"../../../Engine/Content/EngineMaterials/T_Default_Material_Grid_M.uasset" 2
"../../../Engine/Content/EngineMaterials/T_Default_Material_Grid_N.uasset" 3
"../../../Engine/Content/EngineMaterials/WorldGridMaterial.uasset" 4
"../../../Engine/Content/ArtTools/RenderToTexture/Meshes/S_1_Unit_Plane.uasset" 5
"../../../Engine/Content/EngineMaterials/DefaultMaterial.uasset" 6
"../../../Engine/Content/BasicShapes/Cone.uasset" 7
"../../../Engine/Content/BasicShapes/Cube.uasset" 8
"../../../Engine/Content/BasicShapes/Cylinder.uasset" 9
"../../../Engine/Content/BasicShapes/Plane.uasset" 10
"../../../Engine/Content/BasicShapes/Sphere.uasset" 11
"../../../Engine/Content/EngineMaterials/DefaultPhysicalMaterial.uasset" 12
"../../../Engine/Content/BufferVisualization/AmbientOcclusion.uasset" 13
"../../../Engine/Content/BufferVisualization/BaseColor.uasset" 14
"../../../Engine/Content/BufferVisualization/CustomDepth.uasset" 15
"../../../Engine/Content/Functions/Engine_MaterialFunctions02/Utility/VectorLength.uasset" 16
"../../../Engine/Content/BufferVisualization/CustomDepthWorldUnits.uasset" 17
"../../../Engine/Content/Functions/Engine_MaterialFunctions02/Utility/BreakOutFloat2Components.uasset" 18
"../../../Engine/Content/Functions/Engine_MaterialFunctions01/Texturing/ScaleUVsByCenter.uasset" 19
"../../../Engine/Content/Functions/Engine_MaterialFunctions02/ScreenResolution.uasset" 20
"../../../Engine/Content/Functions/Engine_MaterialFunctions02/Texturing/ScreenAlignedUVs.uasset" 21
"../../../Engine/Content/Functions/Engine_MaterialFunctions02/Utility/MakeFloat2.uasset" 22
"../../../Engine/Content/Functions/Engine_MaterialFunctions02/Utility/MakeFloat3.uasset" 23
"../../../Engine/Content/EngineMaterials/MiniFont.uasset" 24
"../../../Engine/Content/BufferVisualization/CustomStencil.uasset" 25
"../../../Engine/Content/BufferVisualization/FinalImage.uasset" 26
"../../../Engine/Content/BufferVisualization/LightingModel.uasset" 27
"../../../Engine/Content/BufferVisualization/MaterialAO.uasset" 28
"../../../Engine/Content/BufferVisualization/Metallic.uasset" 29
"../../../Engine/Content/BufferVisualization/Opacity.uasset" 30
"../../../Engine/Content/BufferVisualization/PostTonemapHDRColor.uasset" 31
"../../../Engine/Content/BufferVisualization/PreTonemapHDRColor.uasset" 32
"../../../Engine/Content/BufferVisualization/Roughness.uasset" 33
"../../../Engine/Content/BufferVisualization/SceneColor.uasset" 34
"../../../Engine/Content/BufferVisualization/SceneDepth.uasset" 35
"../../../Engine/Content/BufferVisualization/SceneDepthWorldUnits.uasset" 36
"../../../Engine/Content/BufferVisualization/SeparateTranslucencyA.uasset" 37
"../../../Engine/Content/BufferVisualization/SeparateTranslucencyRGB.uasset" 38
"../../../Engine/Content/BufferVisualization/Specular.uasset" 39
"../../../Engine/Content/BufferVisualization/SubsurfaceColor.uasset" 40
"../../../Engine/Content/BufferVisualization/Velocity.uasset" 41
"../../../Engine/Content/BufferVisualization/WorldNormal.uasset" 42
"../../../Engine/Content/EditorLandscapeResources/DataLayer.uasset" 43
"../../../Engine/Content/EditorLandscapeResources/DefaultAlphaTexture.uasset" 44
"../../../Engine/Content/EditorLandscapeResources/LandscapeGizmoHeight_Mat.uasset" 45
"../../../Engine/Content/EditorLandscapeResources/LandscapeGizmo_Mat.uasset" 46
"../../../Engine/Content/EditorLandscapeResources/LandscapeGizmo_Mat_Copied.uasset" 47
"../../../Engine/Content/EditorLandscapeResources/SplineEditorMeshMat.uasset" 48
"../../../Engine/Content/EditorLandscapeResources/SplineEditorMesh.uasset" 49
"../../../Engine/Content/EditorMaterials/Cross.uasset" 50
"../../../Engine/Content/EditorMaterials/Cross_Mat.uasset" 51
"../../../Engine/Content/EngineMaterials/DefaultDiffuse.uasset" 52
"../../../Engine/Content/Functions/Engine_MaterialFunctions01/Texturing/TextureCropping.uasset" 53
"../../../Engine/Content/Functions/Engine_MaterialFunctions01/Texturing/ComputeMipLevel.uasset" 54
"../../../Engine/Content/Functions/Engine_MaterialFunctions02/ExampleContent/DebugNumberStrip.uasset" 55
"../../../Engine/Content/Functions/Engine_MaterialFunctions02/ExampleContent/Textures/DebugNumberPeriod.uasset" 56
"../../../Engine/Content/Functions/Engine_MaterialFunctions02/Utility/DebugScalarValues.uasset" 57
"../../../Engine/Content/Functions/Engine_MaterialFunctions02/Utility/DebugFloat2Values.uasset" 58
"../../../Engine/Content/Functions/Engine_MaterialFunctions02/ExampleContent/Textures/flipbook.uasset" 59
"../../../Engine/Content/Functions/Engine_MaterialFunctions02/Texturing/FlipBook.uasset" 60
"../../../Engine/Content/Functions/Engine_MaterialFunctions02/Utility/Sign.uasset" 61
"../../../Engine/Content/Functions/Engine_MaterialFunctions02/Utility/Round.uasset" 62
"../../../Engine/Content/EditorResources/T_EditorHelp.uasset" 63
"../../../Engine/Content/EditorMaterials/HelpActorMaterial.uasset" 64
"../../../Engine/Content/EditorMaterials/CompositeARGBLayer.uasset" 65
"../../../Engine/Content/EditorMaterials/TilingAALineIntegral.uasset" 66
"../../../Engine/Content/EditorMaterials/TilingAALineBoxFiltered.uasset" 67
"../../../Engine/Content/Functions/Engine_MaterialFunctions03/Procedurals/ComputeFilterWidth.uasset" 68
"../../../Engine/Content/EditorMaterials/TilingAADots.uasset" 69
"../../../Engine/Content/EngineMaterials/BlendFunc_DefBase.uasset" 70
"../../../Engine/Content/EngineMaterials/BlendFunc_DefBlend.uasset" 71
"../../../Engine/Content/Functions/Engine_MaterialFunctions03/Blends/Blend_Screen.uasset" 72
"../../../Engine/Content/EditorMaterials/TilingAAGrid.uasset" 73
"../../../Engine/Content/EditorMaterials/LevelGridMaterial.uasset" 74
"../../../Engine/Content/EditorMaterials/MakeCompositeARGBLayer.uasset" 75
"../../../Engine/Content/EditorResources/LevelGrid1DStripes.uasset" 76
"../../../Engine/Content/EditorMaterials/TextureGridCascaded1D.uasset" 77
"../../../Engine/Content/EditorMaterials/TextureGridCascaded2D.uasset" 78
"../../../Engine/Content/EditorMaterials/LevelGridMaterial2.uasset" 79
"../../../Engine/Content/EditorMaterials/MAT_Groups_Toggle.uasset" 80
"../../../Engine/Content/EditorMaterials/MAT_Groups_Visibility.uasset" 81
"../../../Engine/Content/EditorMaterials/PhAT_BoneSelectedMaterial.uasset" 82
"../../../Engine/Content/EditorMaterials/PhAT_ElemSelectedMaterial.uasset" 83
"../../../Engine/Content/EditorMaterials/PhAT_NoCollisionMaterial.uasset" 84
"../../../Engine/Content/EditorMaterials/PhAT_UnselectedMaterial.uasset" 85
"../../../Engine/Content/EditorMaterials/PreviewShadowIndicator.uasset" 86
"../../../Engine/Content/EditorMaterials/PreviewShadowIndicatorMaterial.uasset" 87
"../../../Engine/Content/EditorMaterials/TargetIcon.uasset" 88
"../../../Engine/Content/EditorMaterials/Tick.uasset" 89
"../../../Engine/Content/EditorMaterials/Tick_Mat.uasset" 90
"../../../Engine/Content/EditorMaterials/WidgetGridVertexColorMaterial.uasset" 91
"../../../Engine/Content/EditorMaterials/WidgetGridVertexColorMaterial_Ma.uasset" 92
"../../../Engine/Content/EditorMaterials/WidgetMaterial.uasset" 93
"../../../Engine/Content/EditorMaterials/WidgetMaterial_Current.uasset" 94
"../../../Engine/Content/EditorMaterials/WidgetMaterial_X.uasset" 95
"../../../Engine/Content/EditorMaterials/WidgetMaterial_Y.uasset" 96
"../../../Engine/Content/EditorMaterials/WidgetMaterial_Z.uasset" 97
"../../../Engine/Content/EditorMaterials/WidgetVertexColorMaterial.uasset" 98
"../../../Engine/Content/EditorMaterials/MatineeGroups/MAT_ColorTrack.uasset" 99
"../../../Engine/Content/EditorMaterials/MatineeGroups/MAT_Groups_Anim.uasset" 100
"../../../Engine/Content/EditorMaterials/MatineeGroups/MAT_Groups_AudioMaster.uasset" 101
"../../../Engine/Content/EditorMaterials/MatineeGroups/MAT_Groups_Director.uasset" 102
"../../../Engine/Content/EditorMaterials/MatineeGroups/MAT_Groups_Event.uasset" 103
"../../../Engine/Content/EditorMaterials/MatineeGroups/MAT_Groups_Fade.uasset" 104
"../../../Engine/Content/EditorMaterials/MatineeGroups/MAT_Groups_Float.uasset" 105
"../../../Engine/Content/EditorMaterials/MatineeGroups/MAT_Groups_Move.uasset" 106
"../../../Engine/Content/EditorMaterials/MatineeGroups/MAT_Groups_Slomo.uasset" 107
"../../../Engine/Content/EditorMaterials/MatineeGroups/MAT_Groups_Sound.uasset" 108
"../../../Engine/Content/EditorMaterials/MatineeGroups/MAT_Groups_Vector.uasset" 109
"../../../Engine/Content/EditorMaterials/ParticleSystems/PSysThumbnail_NoImage.uasset" 110
"../../../Engine/Content/EditorMaterials/ParticleSystems/PSysThumbnail_OOD.uasset" 111
"../../../Engine/Content/EngineMaterials/Grid.uasset" 112
"../../../Engine/Content/EditorMaterials/Thumbnails/FloorPlaneMaterial.uasset" 113
"../../../Engine/Content/EditorMeshes/EditorCube.uasset" 114
"../../../Engine/Content/EditorMeshes/EditorCylinder.uasset" 115
"../../../Engine/Content/EditorMeshes/EditorPlane.uasset" 116
"../../../Engine/Content/EditorMaterials/Thumbnails/SkySphereMaterial.uasset" 117
"../../../Engine/Content/EditorMeshes/EditorSkySphere.uasset" 118
"../../../Engine/Content/EditorMeshes/EditorSphere.uasset" 119
"../../../Engine/Content/EditorResources/MatineeCam_D.uasset" 120
"../../../Engine/Content/EditorMaterials/MatineeCam_mat.uasset" 121
"../../../Engine/Content/EditorMeshes/MatineeCam_SM.uasset" 122
"../../../Engine/Content/EditorMeshes/PlanarReflectionPlane.uasset" 123
"../../../Engine/Content/EditorMaterials/Camera/CineMat.uasset" 124
"../../../Engine/Content/EditorMaterials/Camera/MI_CineMat_CameraBody.uasset" 125
"../../../Engine/Content/EngineDebugMaterials/M_SimpleOpaque.uasset" 126
"../../../Engine/Content/EditorMaterials/Camera/MI_CineMat_CamViewFinder.uasset" 127
"../../../Engine/Content/EditorMeshes/Camera/SM_CineCam.uasset" 128
"../../../Engine/Content/EditorMaterials/Camera/MI_CineMat_Rig.uasset" 129
"../../../Engine/Content/EditorMeshes/Camera/SM_CraneRig_Arm.uasset" 130
"../../../Engine/Content/EditorMeshes/Camera/SM_CraneRig_Base.uasset" 131
"../../../Engine/Content/EditorMeshes/Camera/SM_CraneRig_Body.uasset" 132
"../../../Engine/Content/EditorMeshes/Camera/SM_CraneRig_Mount.uasset" 133
"../../../Engine/Content/EditorMeshes/Camera/SM_RailRig_Mount.uasset" 134
"../../../Engine/Content/EditorMeshes/Camera/SM_RailRig_Track.uasset" 135
"../../../Engine/Content/EditorMeshes/ColorCalibrator/M_ChromeBall.uasset" 136
"../../../Engine/Content/EditorResources/Bad.uasset" 137
"../../../Engine/Content/EditorResources/BSPVertex.uasset" 138
"../../../Engine/Content/EditorResources/EmptyActor.uasset" 139
"../../../Engine/Content/EditorResources/MatInstActSprite.uasset" 140
"../../../Engine/Content/EditorResources/SceneManager.uasset" 141
"../../../Engine/Content/EditorResources/SmallFont.uasset" 142
"../../../Engine/Content/EditorResources/S_Actor.uasset" 143
"../../../Engine/Content/EditorResources/S_CameraShakeSource.uasset" 144
"../../../Engine/Content/EditorResources/S_DecalActorIcon.uasset" 145
"../../../Engine/Content/EditorResources/S_Emitter.uasset" 146
"../../../Engine/Content/EditorResources/S_ExpoHeightFog.uasset" 147
"../../../Engine/Content/EditorResources/S_FTest.uasset" 148
"../../../Engine/Content/EditorResources/S_KBSJoint.uasset" 149
"../../../Engine/Content/EditorResources/S_KHinge.uasset" 150
"../../../Engine/Content/EditorResources/S_KPrismatic.uasset" 151
"../../../Engine/Content/EditorResources/S_LevelSequence.uasset" 152
"../../../Engine/Content/EditorResources/S_NavP.uasset" 153
"../../../Engine/Content/EditorResources/S_Note.uasset" 154
"../../../Engine/Content/EditorResources/S_Player.uasset" 155
"../../../Engine/Content/EditorResources/S_PortalActorIcon2.uasset" 156
"../../../Engine/Content/EditorResources/S_RadForce.uasset" 157
"../../../Engine/Content/EditorResources/S_ReflActorIcon.uasset" 158
"../../../Engine/Content/EditorResources/S_SkyAtmosphere.uasset" 159
"../../../Engine/Content/EditorResources/S_Solver.uasset" 160
"../../../Engine/Content/EditorResources/S_Terrain.uasset" 161
"../../../Engine/Content/EditorResources/S_TextRenderActorIcon.uasset" 162
"../../../Engine/Content/EditorResources/S_Thruster.uasset" 163
"../../../Engine/Content/EditorResources/S_Trigger.uasset" 164
"../../../Engine/Content/EditorResources/S_VectorFieldVol.uasset" 165
"../../../Engine/Content/EditorResources/S_WindDirectional.uasset" 166
"../../../Engine/Content/EditorResources/AI/S_NavLink.uasset" 167
"../../../Engine/Content/EditorResources/LightIcons/SkyLight.uasset" 168
"../../../Engine/Content/EditorResources/LightIcons/S_LightDirectional.uasset" 169
"../../../Engine/Content/EditorResources/LightIcons/S_LightDirectionalMove.uasset" 170
"../../../Engine/Content/EditorResources/LightIcons/S_LightError.uasset" 171
"../../../Engine/Content/EditorResources/LightIcons/S_LightPoint.uasset" 172
"../../../Engine/Content/EditorResources/LightIcons/S_LightPointMove.uasset" 173
"../../../Engine/Content/EditorResources/LightIcons/S_LightSpot.uasset" 174
"../../../Engine/Content/EditorResources/LightIcons/S_LightSpotMove.uasset" 175
"../../../Engine/Content/EditorResources/SequenceRecorder/Countdown.uasset" 176
"../../../Engine/Content/EditorResources/SequenceRecorder/RecordingIndicator.uasset" 177
"../../../Engine/Content/EditorResources/Spline/T_Loft_Spline.uasset" 178
"../../../Engine/Content/EditorSounds/Notifications/CompileFailed.uasset" 179
"../../../Engine/Content/EditorSounds/Notifications/CompileFailed_Cue.uasset" 180
"../../../Engine/Content/EditorSounds/Notifications/CompileSuccess.uasset" 181
"../../../Engine/Content/EditorSounds/Notifications/CompileStart_Cue.uasset" 182
"../../../Engine/Content/EditorSounds/Notifications/CompileSuccess_Cue.uasset" 183
"../../../Engine/Content/EngineDamageTypes/DmgTypeBP_Environmental.uasset" 184
"../../../Engine/Content/EngineDebugMaterials/HeatmapGradient.uasset" 185
"../../../Engine/Content/EngineDebugMaterials/BoneWeightMaterial.uasset" 186
"../../../Engine/Content/EngineDebugMaterials/ClothMaterial.uasset" 187
"../../../Engine/Content/EngineDebugMaterials/ClothMaterial_WF.uasset" 188
"../../../Engine/Content/EngineDebugMaterials/DebugEditorMaterial.uasset" 189
"../../../Engine/Content/EngineDebugMaterials/DebugMeshMaterial.uasset" 190
"../../../Engine/Content/EngineDebugMaterials/GeomMaterial.uasset" 191
"../../../Engine/Content/Functions/Engine_MaterialFunctions01/Shading/ConvertFromDiffSpec.uasset" 192
"../../../Engine/Content/EngineDebugMaterials/LevelColorationLitMaterial.uasset" 193
"../../../Engine/Content/EngineDebugMaterials/LevelColorationUnlitMaterial.uasset" 194
"../../../Engine/Content/EngineMaterials/DefaultWhiteGrid.uasset" 195
"../../../Engine/Content/EngineDebugMaterials/MAT_LevelColorationLitLightmapUV.uasset" 196
"../../../Engine/Content/EngineDebugMaterials/M_SimpleUnlitTranslucent.uasset" 197
"../../../Engine/Content/Functions/Engine_MaterialFunctions02/Utility/CameraDirectionVector.uasset" 198
"../../../Engine/Content/EngineDebugMaterials/VolumeToRender.uasset" 199
"../../../Engine/Content/EngineDebugMaterials/M_VolumeRenderSphereTracePP.uasset" 200
"../../../Engine/Content/EngineMaterials/DefaultWhiteGrid_Low.uasset" 201
"../../../Engine/Content/EngineDebugMaterials/PhysicalMaterialMaskMaterial.uasset" 202
"../../../Engine/Content/EngineDebugMaterials/ShadedLevelColorationLitMaterial.uasset" 203
"../../../Engine/Content/EngineDebugMaterials/ShadedLevelColorationUnlitMateri.uasset" 204
"../../../Engine/Content/EngineDebugMaterials/VertexColorMaterial.uasset" 205
"../../../Engine/Content/EngineDebugMaterials/VertexColorViewMode_AlphaAsColor.uasset" 206
"../../../Engine/Content/EngineDebugMaterials/VertexColorViewMode_BlueOnly.uasset" 207
"../../../Engine/Content/EngineDebugMaterials/VertexColorViewMode_ColorOnly.uasset" 208
"../../../Engine/Content/EngineDebugMaterials/VertexColorViewMode_GreenOnly.uasset" 209
"../../../Engine/Content/EngineDebugMaterials/VertexColorViewMode_RedOnly.uasset" 210
"../../../Engine/Content/EngineDebugMaterials/WireframeMaterial.uasset" 211
"../../../Engine/Content/EngineFonts/Faces/DroidSansFallback.uasset" 212
"../../../Engine/Content/EngineFonts/Faces/RobotoBold.uasset" 213
"../../../Engine/Content/EngineFonts/Faces/RobotoBoldItalic.uasset" 214
"../../../Engine/Content/EngineFonts/Faces/RobotoItalic.uasset" 215
"../../../Engine/Content/EngineFonts/Faces/RobotoLight.uasset" 216
"../../../Engine/Content/EngineFonts/Faces/RobotoRegular.uasset" 217
"../../../Engine/Content/EngineFonts/Roboto.uasset" 218
"../../../Engine/Content/EngineFonts/Faces/RobotoTiny.uasset" 219
"../../../Engine/Content/EngineFonts/RobotoTiny.uasset" 220
"../../../Engine/Content/EngineFonts/SmallFont.uasset" 221
"../../../Engine/Content/EngineFonts/TinyFont.uasset" 222
"../../../Engine/Content/EngineMaterials/BaseFlattenDiffuseMap.uasset" 223
"../../../Engine/Content/EngineMaterials/BaseFlattenEmissiveMap.uasset" 224
"../../../Engine/Content/EngineMaterials/BaseFlattenGrayscaleMap.uasset" 225
"../../../Engine/Content/EngineMaterials/BaseFlattenNormalMap.uasset" 226
"../../../Engine/Content/EngineMaterials/BaseFlattenMaterial.uasset" 227
"../../../Engine/Content/EngineResources/WhiteSquareTexture.uasset" 228
"../../../Engine/Content/EngineMaterials/BlinkingCaret.uasset" 229
"../../../Engine/Content/EngineMaterials/BlueNoise.uasset" 230
"../../../Engine/Content/EngineMaterials/DefaultBloomKernel.uasset" 231
"../../../Engine/Content/EngineMaterials/DefaultBokeh.uasset" 232
"../../../Engine/Content/EngineMaterials/DefaultDeferredDecalMaterial.uasset" 233
"../../../Engine/Content/EngineMaterials/DefaultLightFunctionMaterial.uasset" 234
"../../../Engine/Content/EngineMaterials/DefaultNormal.uasset" 235
"../../../Engine/Content/EngineMaterials/DefaultPostProcessMaterial.uasset" 236
"../../../Engine/Content/EngineFonts/RobotoDistanceField.uasset" 237
"../../../Engine/Content/EngineMaterials/DefaultTextMaterialOpaque.uasset" 238
"../../../Engine/Content/EngineMaterials/EditorBrushMaterial.uasset" 239
"../../../Engine/Content/EngineMaterials/EmissiveMeshMaterial.uasset" 240
"../../../Engine/Content/EngineMaterials/GizmoMaterial.uasset" 241
"../../../Engine/Content/EngineMaterials/Good64x64TilingNoiseHighFreq.uasset" 242
"../../../Engine/Content/EngineMaterials/Grid_N.uasset" 243
"../../../Engine/Content/EngineMaterials/HighResolutionScreenshotMaskFunction.uasset" 244
"../../../Engine/Content/EngineMaterials/HighResScreenshot.uasset" 245
"../../../Engine/Content/EngineMaterials/HighResScreenshotCaptureRegion.uasset" 246
"../../../Engine/Content/EngineMaterials/HighResScreenshotMask.uasset" 247
"../../../Engine/Content/EngineMaterials/LandscapeHolePhysicalMaterial.uasset" 248
"../../../Engine/Content/EngineMaterials/InvalidLightmapSettings.uasset" 249
"../../../Engine/Content/EngineMaterials/M_InvalidLightmapSettings.uasset" 250
"../../../Engine/Content/EngineMaterials/PaperDiffuse.uasset" 251
"../../../Engine/Content/EngineMaterials/PaperNormal.uasset" 252
"../../../Engine/Content/Functions/Engine_MaterialFunctions02/WorldPositionOffset/CameraOffset.uasset" 253
"../../../Engine/Content/EngineMaterials/PhAT_JointLimitMaterial.uasset" 254
"../../../Engine/Content/EngineMaterials/PhysMat_Rubber.uasset" 255
"../../../Engine/Content/EngineMaterials/PreintegratedSkinBRDF.uasset" 256
"../../../Engine/Content/EngineMaterials/RemoveSurfaceMaterial.uasset" 257
"../../../Engine/Content/EngineMaterials/WeightMapPlaceholderTexture.uasset" 258
"../../../Engine/Content/Functions/Engine_MaterialFunctions01/ImageAdjustment/sRGBToLinear.uasset" 259
"../../../Engine/Content/Functions/Engine_MaterialFunctions02/Utility/BreakOutFloat3Components.uasset" 260
"../../../Engine/Content/EngineMaterials/Widget3DCameraPassThrough_Opaque_OneSided.uasset" 261
"../../../Engine/Content/EngineMaterials/Widget3DPassThrough.uasset" 262
"../../../Engine/Content/EngineMaterials/Widget3DPassThrough_Masked.uasset" 263
"../../../Engine/Content/EngineMaterials/Widget3DPassThrough_Opaque.uasset" 264
"../../../Engine/Content/EngineMaterials/Widget3DPassThrough_Masked_OneSided.uasset" 265
"../../../Engine/Content/EngineMaterials/Widget3DPassThrough_Opaque_OneSided.uasset" 266
"../../../Engine/Content/EngineMaterials/Widget3DPassThrough_Translucent.uasset" 267
"../../../Engine/Content/EngineMaterials/Widget3DPassThrough_Translucent_OneSided.uasset" 268
"../../../Engine/Content/EngineMeshes/Cylinder.uasset" 269
"../../../Engine/Content/EngineMeshes/Sphere.uasset" 270
"../../../Engine/Content/EngineResources/Black.uasset" 271
"../../../Engine/Content/EngineResources/DefaultTexture.uasset" 272
"../../../Engine/Content/EngineResources/DefaultTextureCube.uasset" 273
"../../../Engine/Content/EngineResources/DefaultVolumeTexture2D.uasset" 274
"../../../Engine/Content/EngineResources/DefaultVolumeTexture.uasset" 275
"../../../Engine/Content/EngineResources/GradientTexture0.uasset" 276
"../../../Engine/Content/EngineResources/StreamingPauseIcon.uasset" 277
"../../../Engine/Content/EngineResources/M_StreamingPause.uasset" 278
"../../../Engine/Content/EngineSounds/Master.uasset" 279
"../../../Engine/Content/Functions/Engine_MaterialFunctions01/Shading/PowerToRoughness.uasset" 280
"../../../Engine/Content/Maps/Templates/Thumbnails/Default.uasset" 281
"../../../Engine/Content/Maps/Templates/Thumbnails/TimeOfDay.uasset" 282
"../../../Engine/Content/Maps/Templates/Thumbnails/VR-Basic.uasset" 283
"../../../Engine/Content/MapTemplates/Sky/DaylightAmbientCubemap.uasset" 284
"../../../Engine/Content/MobileResources/T_MobileControls_texture.uasset" 285
"../../../Engine/Content/MobileResources/T_MobileMenu2.uasset" 286
"../../../Engine/Content/MobileResources/HUD/AnalogHat.uasset" 287
"../../../Engine/Content/MobileResources/HUD/VirtualJoystick_Background.uasset" 288
"../../../Engine/Content/MobileResources/HUD/VirtualJoystick_Thumb.uasset" 289
"../../../Engine/Content/MobileResources/HUD/DefaultVirtualJoysticks.uasset" 290
"../../../Engine/Content/MobileResources/HUD/LeftVirtualJoystickOnly.uasset" 291
"../../../Engine/Content/MobileResources/HUD/MobileHUDButton1_off.uasset" 292
"../../../Engine/Content/MobileResources/HUD/MobileHUDButton1_on.uasset" 293
"../../../Engine/Content/MobileResources/HUD/MobileHUDButton2_off.uasset" 294
"../../../Engine/Content/MobileResources/HUD/MobileHUDButton2_on.uasset" 295
"../../../Engine/Content/MobileResources/HUD/MobileHUDButton3.uasset" 296
"../../../Engine/Content/MobileResources/HUD/MobileHUDButtonFire.uasset" 297
"../../../Engine/Content/MobileResources/HUD/MobileHUDDirectionPad.uasset" 298
"../../../Engine/Content/MobileResources/HUD/MobileHUDDirectionPad2.uasset" 299
"../../../Engine/Content/MobileResources/HUD/MobileHUDDirectionPad3.uasset" 300
"../../../Engine/Content/MobileResources/HUD/MobileHUDDirectionStick.uasset" 301
"../../../Engine/Content/MobileResources/HUD/T_Castle_ThumbstickInner.uasset" 302
"../../../Engine/Content/MobileResources/HUD/T_Castle_ThumbstickOutter.uasset" 303
"../../../Engine/Content/Tutorial/ContentIntroCurve.uasset" 304
"../../../Engine/Content/Tutorial/Basics/LevelEditorAttract.uasset" 305
"../../../Engine/Content/Tutorial/Basics/TutorialAssets/icon_tab_Levels_40x.uasset" 306
"../../../Engine/Content/Tutorial/Basics/LevelEditorOverview.uasset" 307
"../../../Engine/Content/VREditor/LaserPointer/VR_LaserPower_01.uasset" 308
"../../../Engine/Content/VREditor/TransformGizmo/TransformGizmoMaterial.uasset" 309
"../../../Engine/Content/VREditor/TransformGizmo/TranslucentTransformGizmoMaterial.uasset" 310
"../../../Engine/Content/VREditor/TransformGizmo/BoundingBoxCorner.uasset" 311
"../../../Engine/Content/VREditor/TransformGizmo/BoundingBoxEdge.uasset" 312
"../../../Engine/Content/VREditor/TransformGizmo/PlaneTranslationHandle.uasset" 313
"../../../Engine/Content/VREditor/TransformGizmo/Main.uasset" 314
"../../../Engine/Content/VREditor/TransformGizmo/Xray.uasset" 315
"../../../Engine/Content/VREditor/TransformGizmo/SM_Sequencer_Key.uasset" 316
"../../../Engine/Content/VREditor/TransformGizmo/SM_Sequencer_Node.uasset" 317
"../../Plugins/2D/Paper2D/Content/PlaceholderTextures/DummySpriteTexture.uasset" 318
"../../Plugins/2D/Paper2D/Content/DummySprite.uasset" 319
"../../Plugins/2D/Paper2D/Content/DefaultPaperTerrainMaterial.uasset" 320
"../../Plugins/2D/Paper2D/Content/DefaultSpriteMaterial.uasset" 321
"../../Plugins/2D/Paper2D/Content/MaskedUnlitSpriteMaterial.uasset" 322
"../../Plugins/2D/Paper2D/Content/OpaqueUnlitSpriteMaterial.uasset" 323
"../../Plugins/FX/Niagara/Content/Enums/ENiagaraBooleanLogicOps.uasset" 324
"../../Plugins/FX/Niagara/Content/Enums/ENiagaraCoordinateSpace.uasset" 325
"../../Plugins/FX/Niagara/Content/Enums/ENiagaraExpansionMode.uasset" 326
"../../Plugins/FX/Niagara/Content/Enums/ENiagaraOrientationAxis.uasset" 327
"../../Plugins/FX/Niagara/Content/Enums/ENiagaraRandomnessMode.uasset" 328
"../../Plugins/FX/Niagara/Content/Icons/S_ParticleSystem.uasset" 329
"../../../Engine/Content/Functions/Engine_MaterialFunctions02/Utility/BreakOutFloat4Components.uasset" 330
"../../Plugins/Runtime/Oculus/OculusVR/Content/Materials/OculusMR_ChromaKey.uasset" 331
"../../Plugins/Runtime/Oculus/OculusVR/Content/Materials/OculusMR_ChromaKey_Lit.uasset" 332
"../../Plugins/Runtime/Oculus/OculusVR/Content/Materials/OculusMR_OpaqueColoredMaterial.uasset" 333
"../../Plugins/Runtime/Oculus/OculusVR/Content/Materials/OculusMR_WhiteMaterial.uasset" 334
"../../../Engine/Content/Maps/Entry_BuiltData.uasset" 335
"../../../Engine/Content/Maps/Entry.umap" 336
"../../../Engine/Content/EditorBlueprintResources/StandardMacros.uasset" 337
"../../../Engine/Content/EngineSky/C_Sky_Cloud_Color.uasset" 338
"../../../Engine/Content/EngineSky/C_Sky_Horizon_Color.uasset" 339
"../../../Engine/Content/EngineSky/C_Sky_Zenith_Color.uasset" 340
"../../../Engine/Content/EngineSky/T_Sky_Blue.uasset" 341
"../../../Engine/Content/EngineSky/T_Sky_Clouds_M.uasset" 342
"../../../Engine/Content/EngineSky/T_Sky_Stars.uasset" 343
"../../../Engine/Content/EngineSky/M_Sky_Panning_Clouds2.uasset" 344
"../../../Engine/Content/EngineSky/SM_SkySphere.uasset" 345
"../../../Engine/Content/EngineSky/BP_Sky_Sphere.uasset" 346
"../../../../../../Users/carlt/source/repos/HexAdventure/Unreal Project/HexAdventure/Content/Blueprints/SharedMacros.uasset" 347
"../../../../../../Users/carlt/source/repos/HexAdventure/Unreal Project/HexAdventure/Content/Blueprints/Adventure/AdventurePlayerState.uasset" 348
"../../../../../../Users/carlt/source/repos/HexAdventure/Unreal Project/HexAdventure/Content/Blueprints/SharedFunctions.uasset" 349
"../../../../../../Users/carlt/source/repos/HexAdventure/Unreal Project/HexAdventure/Content/Materials/PlayerMaterial.uasset" 350
"../../../../../../Users/carlt/source/repos/HexAdventure/Unreal Project/HexAdventure/Content/Materials/PlayerMaterials/PlayerMainMaterial.uasset" 351
"../../../../../../Users/carlt/source/repos/HexAdventure/Unreal Project/HexAdventure/Content/Blueprints/Adventure/Hexes/ArrayHexes.uasset" 352
"../../../../../../Users/carlt/source/repos/HexAdventure/Unreal Project/HexAdventure/Content/Models/MODEL_Player.uasset" 353
"../../../../../../Users/carlt/source/repos/HexAdventure/Unreal Project/HexAdventure/Content/Blueprints/Adventure/AdventurePlayerPawn.uasset" 354
"../../../../../../Users/carlt/source/repos/HexAdventure/Unreal Project/HexAdventure/Content/Blueprints/Adventure/Hexes/HexObjects/HexObjectTypes.uasset" 355
"../../../../../../Users/carlt/source/repos/HexAdventure/Unreal Project/HexAdventure/Content/Blueprints/Adventure/Hexes/HexObjects/HexObject.uasset" 356
"../../../../../../Users/carlt/source/repos/HexAdventure/Unreal Project/HexAdventure/Content/Materials/HexBase.uasset" 357
"../../../../../../Users/carlt/source/repos/HexAdventure/Unreal Project/HexAdventure/Content/Materials/HexMaterials/HexGreen.uasset" 358
"../../../../../../Users/carlt/source/repos/HexAdventure/Unreal Project/HexAdventure/Content/Blueprints/Adventure/Hexes/HexTypes.uasset" 359
"../../../../../../Users/carlt/source/repos/HexAdventure/Unreal Project/HexAdventure/Content/Models/MODEL_Hex.uasset" 360
"../../../../../../Users/carlt/source/repos/HexAdventure/Unreal Project/HexAdventure/Content/Blueprints/Adventure/Hexes/Hex.uasset" 361
"../../../../../../Users/carlt/source/repos/HexAdventure/Unreal Project/HexAdventure/Content/Blueprints/Adventure/AdventureGameState.uasset" 362
"../../../../../../Users/carlt/source/repos/HexAdventure/Unreal Project/HexAdventure/Content/Blueprints/Adventure/AdventureHUD.uasset" 363
"../../../../../../Users/carlt/source/repos/HexAdventure/Unreal Project/HexAdventure/Content/Blueprints/Adventure/Hexes/GrassHex.uasset" 364
"../../../../../../Users/carlt/source/repos/HexAdventure/Unreal Project/HexAdventure/Content/Materials/HexMaterials/HexLightGreen.uasset" 365
"../../../../../../Users/carlt/source/repos/HexAdventure/Unreal Project/HexAdventure/Content/Models/BarkBrown.uasset" 366
"../../../../../../Users/carlt/source/repos/HexAdventure/Unreal Project/HexAdventure/Content/Models/FenceBrown.uasset" 367
"../../../../../../Users/carlt/source/repos/HexAdventure/Unreal Project/HexAdventure/Content/Models/FieldYellow.uasset" 368
"../../../../../../Users/carlt/source/repos/HexAdventure/Unreal Project/HexAdventure/Content/Models/FieldYellow_001.uasset" 369
"../../../../../../Users/carlt/source/repos/HexAdventure/Unreal Project/HexAdventure/Content/Models/FieldYellow_002.uasset" 370
"../../../../../../Users/carlt/source/repos/HexAdventure/Unreal Project/HexAdventure/Content/Models/FieldYellow_003.uasset" 371
"../../../../../../Users/carlt/source/repos/HexAdventure/Unreal Project/HexAdventure/Content/Models/FieldYellow_004.uasset" 372
"../../../../../../Users/carlt/source/repos/HexAdventure/Unreal Project/HexAdventure/Content/Models/HedgeGreen.uasset" 373
"../../../../../../Users/carlt/source/repos/HexAdventure/Unreal Project/HexAdventure/Content/Models/LeafGreen.uasset" 374
"../../../../../../Users/carlt/source/repos/HexAdventure/Unreal Project/HexAdventure/Content/Models/MODEL_Fields.uasset" 375
"../../../../../../Users/carlt/source/repos/HexAdventure/Unreal Project/HexAdventure/Content/Blueprints/Adventure/Hexes/GrassHexes/FieldHex.uasset" 376
"../../../../../../Users/carlt/source/repos/HexAdventure/Unreal Project/HexAdventure/Content/Materials/HexMaterials/HexDarkGreen.uasset" 377
"../../../../../../Users/carlt/source/repos/HexAdventure/Unreal Project/HexAdventure/Content/Models/PineGreen.uasset" 378
"../../../../../../Users/carlt/source/repos/HexAdventure/Unreal Project/HexAdventure/Content/Models/MODEL_PineTrees.uasset" 379
"../../../../../../Users/carlt/source/repos/HexAdventure/Unreal Project/HexAdventure/Content/Blueprints/Adventure/Hexes/GrassHexes/ForestHex.uasset" 380
"../../../../../../Users/carlt/source/repos/HexAdventure/Unreal Project/HexAdventure/Content/Models/WaterBlue.uasset" 381
"../../../../../../Users/carlt/source/repos/HexAdventure/Unreal Project/HexAdventure/Content/Models/MODEL_Meadow.uasset" 382
"../../../../../../Users/carlt/source/repos/HexAdventure/Unreal Project/HexAdventure/Content/Blueprints/Adventure/Hexes/GrassHexes/MeadowHex.uasset" 383
"../../../../../../Users/carlt/source/repos/HexAdventure/Unreal Project/HexAdventure/Content/Blueprints/Adventure/Hexes/HexObjects/HexOcean.uasset" 384
"../../../../../../Users/carlt/source/repos/HexAdventure/Unreal Project/HexAdventure/Content/Materials/HexMaterials/HexGrey.uasset" 385
"../../../../../../Users/carlt/source/repos/HexAdventure/Unreal Project/HexAdventure/Content/Blueprints/Adventure/Hexes/StoneHex.uasset" 386
"../../../../../../Users/carlt/source/repos/HexAdventure/Unreal Project/HexAdventure/Content/Materials/HexMaterials/HexDarkGrey.uasset" 387
"../../../../../../Users/carlt/source/repos/HexAdventure/Unreal Project/HexAdventure/Content/Models/RockGrey.uasset" 388
"../../../../../../Users/carlt/source/repos/HexAdventure/Unreal Project/HexAdventure/Content/Models/MODEL_Caves.uasset" 389
"../../../../../../Users/carlt/source/repos/HexAdventure/Unreal Project/HexAdventure/Content/Blueprints/Adventure/Hexes/StoneHexes/CavesHex.uasset" 390
"../../../../../../Users/carlt/source/repos/HexAdventure/Unreal Project/HexAdventure/Content/Materials/HexMaterials/HexLightGrey.uasset" 391
"../../../../../../Users/carlt/source/repos/HexAdventure/Unreal Project/HexAdventure/Content/Models/MODEL_Hills.uasset" 392
"../../../../../../Users/carlt/source/repos/HexAdventure/Unreal Project/HexAdventure/Content/Blueprints/Adventure/Hexes/StoneHexes/HillsHex.uasset" 393
"../../../../../../Users/carlt/source/repos/HexAdventure/Unreal Project/HexAdventure/Content/Models/SnowyMountainMaterialImage.uasset" 394
"../../../../../../Users/carlt/source/repos/HexAdventure/Unreal Project/HexAdventure/Content/Models/SnowyMountain.uasset" 395
"../../../../../../Users/carlt/source/repos/HexAdventure/Unreal Project/HexAdventure/Content/Models/MODEL_Mountains.uasset" 396
"../../../../../../Users/carlt/source/repos/HexAdventure/Unreal Project/HexAdventure/Content/Blueprints/Adventure/Hexes/StoneHexes/MountainHex.uasset" 397
"../../../../../../Users/carlt/source/repos/HexAdventure/Unreal Project/HexAdventure/Content/Materials/HexMaterials/HexBlue.uasset" 398
"../../../../../../Users/carlt/source/repos/HexAdventure/Unreal Project/HexAdventure/Content/Blueprints/Adventure/Hexes/WaterHex.uasset" 399
"../../../../../../Users/carlt/source/repos/HexAdventure/Unreal Project/HexAdventure/Content/Blueprints/Adventure/Hexes/WaterHexes/LakeHex.uasset" 400
"../../../../../../Users/carlt/source/repos/HexAdventure/Unreal Project/HexAdventure/Content/Blueprints/Adventure/Hexes/HexObjects/HexRiver.uasset" 401
"../../../../../../Users/carlt/source/repos/HexAdventure/Unreal Project/HexAdventure/Content/Materials/HexMaterials/HexLightBlue.uasset" 402
"../../../../../../Users/carlt/source/repos/HexAdventure/Unreal Project/HexAdventure/Content/Blueprints/Adventure/Hexes/HexTypeDetails.uasset" 403
"../../../../../../Users/carlt/source/repos/HexAdventure/Unreal Project/HexAdventure/Content/Blueprints/Adventure/Hexes/WaterHexes/RiverHex.uasset" 404
"../../../../../../Users/carlt/source/repos/HexAdventure/Unreal Project/HexAdventure/Content/Blueprints/Adventure/Hexes/HexTypesData.uasset" 405
"../../../../../../Users/carlt/source/repos/HexAdventure/Unreal Project/HexAdventure/Content/Materials/HexMaterials/HexDarkBlue.uasset" 406
"../../../../../../Users/carlt/source/repos/HexAdventure/Unreal Project/HexAdventure/Content/Blueprints/Adventure/Hexes/WaterHexes/OceanHex.uasset" 407
"../../../../../../Users/carlt/source/repos/HexAdventure/Unreal Project/HexAdventure/Content/Blueprints/SaveGames/GameSaveData.uasset" 408
"../../../../../../Users/carlt/source/repos/HexAdventure/Unreal Project/HexAdventure/Content/Blueprints/SaveGames/HexSaveData.uasset" 409
"../../../../../../Users/carlt/source/repos/HexAdventure/Unreal Project/HexAdventure/Content/Blueprints/SaveGames/MapSaveData.uasset" 410
"../../../../../../Users/carlt/source/repos/HexAdventure/Unreal Project/HexAdventure/Content/Blueprints/SaveGames/PlayerSaveData.uasset" 411
"../../../../../../Users/carlt/source/repos/HexAdventure/Unreal Project/HexAdventure/Content/Blueprints/HexAdventureGameInstance.uasset" 412
"../../../../../../Users/carlt/source/repos/HexAdventure/Unreal Project/HexAdventure/Content/Blueprints/SaveGames/AdventureSaveGame.uasset" 413
"../../../../../../Users/carlt/source/repos/HexAdventure/Unreal Project/HexAdventure/Content/Blueprints/Adventure/Hexes/HexObjects/HexObjectDetails.uasset" 414
"../../../../../../Users/carlt/source/repos/HexAdventure/Unreal Project/HexAdventure/Content/Blueprints/Adventure/Hexes/HexObjects/HexObjects.uasset" 415
"../../../../../../Users/carlt/source/repos/HexAdventure/Unreal Project/HexAdventure/Content/UI/AdventureHUD/AdventureHUD.uasset" 416
"../../../../../../Users/carlt/source/repos/HexAdventure/Unreal Project/HexAdventure/Content/Blueprints/Adventure/AdventureGameMode.uasset" 417
"../../../../../../Users/carlt/source/repos/HexAdventure/Unreal Project/HexAdventure/Content/Maps/MainMap_BuiltData.uasset" 418
"../../../../../../Users/carlt/source/repos/HexAdventure/Unreal Project/HexAdventure/Content/Maps/MainMap.umap" 419
"../../../../../../Users/carlt/source/repos/HexAdventure/Unreal Project/HexAdventure/Content/Blueprints/SaveGames/SaveGamesList.uasset" 420
"../../../../../../Users/carlt/source/repos/HexAdventure/Unreal Project/HexAdventure/Content/Blueprints/MainMenu/MainMenuGameMode.uasset" 421
"../../../../../../Users/carlt/source/repos/HexAdventure/Unreal Project/HexAdventure/Content/UI/LoadableGamePanel.uasset" 422
"../../../../../../Users/carlt/source/repos/HexAdventure/Unreal Project/HexAdventure/Content/UI/LoadGame.uasset" 423
"../../../../../../Users/carlt/source/repos/HexAdventure/Unreal Project/HexAdventure/Content/UI/NewGame.uasset" 424
"../../../../../../Users/carlt/source/repos/HexAdventure/Unreal Project/HexAdventure/Content/UI/MainMenu.uasset" 425
"../../../../../../Users/carlt/source/repos/HexAdventure/Unreal Project/HexAdventure/Content/Maps/MainMenu.umap" 426
