Log file open, 02/19/23 17:14:26
LogInit: Display: Running engine for game: HexAdventure
LogPlatformFile: Not using cached read wrapper
LogTaskGraph: Started task graph with 5 named threads and 23 total threads with 3 sets of task threads.
LogStats: Stats thread started at 0.306757
LogD3D11RHI: Loaded GFSDK_Aftermath_Lib.x64.dll
LogICUInternationalization: ICU TimeZone Detection - Raw Offset: -8:00, Platform Override: ''
LogPluginManager: Mounting plugin Paper2D
LogPluginManager: Mounting plugin AISupport
LogPluginManager: Mounting plugin LightPropagationVolume
LogPluginManager: Mounting plugin CameraShakePreviewer
LogPluginManager: Mounting plugin ActorLayerUtilities
LogPluginManager: Mounting plugin AnimationSharing
LogPluginManager: Mounting plugin CLionSourceCodeAccess
LogPluginManager: Mounting plugin CodeLiteSourceCodeAccess
LogPluginManager: Mounting plugin GitSourceControl
LogPluginManager: Mounting plugin KDevelopSourceCodeAccess
LogPluginManager: Mounting plugin NullSourceCodeAccess
LogPluginManager: Mounting plugin PerforceSourceControl
LogPluginManager: Mounting plugin PlasticSourceControl
LogPluginManager: Mounting plugin RiderSourceCodeAccess
LogPluginManager: Mounting plugin SubversionSourceControl
LogPluginManager: Mounting plugin UObjectPlugin
LogPluginManager: Mounting plugin VisualStudioCodeSourceCodeAccess
LogPluginManager: Mounting plugin VisualStudioSourceCodeAccess
LogPluginManager: Mounting plugin XCodeSourceCodeAccess
LogPluginManager: Mounting plugin AssetManagerEditor
LogPluginManager: Mounting plugin CryptoKeys
LogPluginManager: Mounting plugin CurveEditorTools
LogPluginManager: Mounting plugin DataValidation
LogPluginManager: Mounting plugin EditorScriptingUtilities
LogPluginManager: Mounting plugin FacialAnimation
LogPluginManager: Mounting plugin GameplayTagsEditor
LogPluginManager: Mounting plugin GeometryMode
LogPluginManager: Mounting plugin MacGraphicsSwitching
LogPluginManager: Mounting plugin MaterialAnalyzer
LogPluginManager: Mounting plugin MobileLauncherProfileWizard
LogPluginManager: Mounting plugin PluginBrowser
LogPluginManager: Mounting plugin SpeedTreeImporter
LogPluginManager: Mounting plugin DatasmithContent
LogPluginManager: Mounting plugin VariantManagerContent
LogPluginManager: Mounting plugin AlembicImporter
LogPluginManager: Mounting plugin AutomationUtils
LogPluginManager: Mounting plugin BackChannel
LogPluginManager: Mounting plugin ChaosCloth
LogPluginManager: Mounting plugin ChaosClothEditor
LogPluginManager: Mounting plugin ChaosEditor
LogPluginManager: Mounting plugin ChaosNiagara
LogPluginManager: Mounting plugin ChaosSolverPlugin
LogPluginManager: Mounting plugin CharacterAI
LogPluginManager: Mounting plugin GeometryCache
LogPluginManager: Mounting plugin GeometryCollectionPlugin
LogPluginManager: Mounting plugin GeometryProcessing
LogPluginManager: Mounting plugin PlanarCut
LogPluginManager: Mounting plugin PlatformCrypto
LogPluginManager: Mounting plugin ProxyLODPlugin
LogPluginManager: Mounting plugin SkeletalReduction
LogPluginManager: Mounting plugin Niagara
LogPluginManager: Mounting plugin MagicLeap
LogPluginManager: Mounting plugin MagicLeapLightEstimation
LogPluginManager: Mounting plugin MagicLeapMedia
LogPluginManager: Mounting plugin MagicLeapPassableWorld
LogPluginManager: Mounting plugin MLSDK
LogPluginManager: Mounting plugin AndroidMedia
LogPluginManager: Mounting plugin AvfMedia
LogPluginManager: Mounting plugin ImgMedia
LogPluginManager: Mounting plugin MediaCompositing
LogPluginManager: Mounting plugin MediaPlayerEditor
LogPluginManager: Mounting plugin WebMMedia
LogPluginManager: Mounting plugin WmfMedia
LogPluginManager: Mounting plugin MeshPainting
LogPluginManager: Mounting plugin TcpMessaging
LogPluginManager: Mounting plugin UdpMessaging
LogPluginManager: Mounting plugin ActorSequence
LogPluginManager: Mounting plugin LevelSequenceEditor
LogPluginManager: Mounting plugin MatineeToLevelSequence
LogPluginManager: Mounting plugin MovieRenderPipeline
LogPluginManager: Mounting plugin TemplateSequence
LogPluginManager: Mounting plugin NetcodeUnitTest
LogPluginManager: Mounting plugin NUTUnrealEngine4
LogPluginManager: Mounting plugin OnlineSubsystemGooglePlay
LogPluginManager: Mounting plugin OnlineSubsystemIOS
LogPluginManager: Mounting plugin OnlineSubsystem
LogPluginManager: Mounting plugin OnlineSubsystemNull
LogPluginManager: Mounting plugin OnlineSubsystemUtils
LogPluginManager: Mounting plugin LauncherChunkInstaller
LogPluginManager: Mounting plugin AndroidDeviceProfileSelector
LogPluginManager: Mounting plugin AndroidMoviePlayer
LogPluginManager: Mounting plugin AndroidPermission
LogPluginManager: Mounting plugin AppleImageUtils
LogPluginManager: Mounting plugin AppleMoviePlayer
LogPluginManager: Mounting plugin ArchVisCharacter
LogPluginManager: Mounting plugin AssetTags
LogPluginManager: Mounting plugin AudioCapture
LogPluginManager: Mounting plugin CableComponent
LogPluginManager: Mounting plugin CustomMeshComponent
LogPluginManager: Mounting plugin EditableMesh
LogPluginManager: Mounting plugin ExampleDeviceProfileSelector
LogPluginManager: Mounting plugin GoogleCloudMessaging
LogPluginManager: Mounting plugin GooglePAD
LogPluginManager: Mounting plugin IOSDeviceProfileSelector
LogPluginManager: Mounting plugin LinuxDeviceProfileSelector
LogPluginManager: Mounting plugin LocationServicesBPLibrary
LogPluginManager: Mounting plugin MobilePatchingUtils
LogPluginManager: Mounting plugin OculusVR
LogPluginManager: Mounting plugin PhysXVehicles
LogPluginManager: Mounting plugin PostSplashScreen
LogPluginManager: Mounting plugin ProceduralMeshComponent
LogPluginManager: Mounting plugin RuntimePhysXCooking
LogPluginManager: Mounting plugin SignificanceManager
LogPluginManager: Mounting plugin SoundFields
LogPluginManager: Mounting plugin SteamVR
LogPluginManager: Mounting plugin Synthesis
LogPluginManager: Mounting plugin WebMMoviePlayer
LogPluginManager: Mounting plugin WindowsMoviePlayer
LogPluginManager: Mounting plugin ScreenshotTools
LogInit: Using libcurl 7.55.1-DEV
LogInit:  - built for x86_64-pc-win32
LogInit:  - supports SSL with OpenSSL/1.1.1
LogInit:  - supports HTTP deflate (compression) using libz 1.2.8
LogInit:  - other features:
LogInit:      CURL_VERSION_SSL
LogInit:      CURL_VERSION_LIBZ
LogInit:      CURL_VERSION_IPV6
LogInit:      CURL_VERSION_ASYNCHDNS
LogInit:      CURL_VERSION_LARGEFILE
LogInit:      CURL_VERSION_IDN
LogInit:  CurlRequestOptions (configurable via config and command line):
LogInit:  - bVerifyPeer = true  - Libcurl will verify peer certificate
LogInit:  - bUseHttpProxy = false  - Libcurl will NOT use HTTP proxy
LogInit:  - bDontReuseConnections = false  - Libcurl will reuse connections
LogInit:  - MaxHostConnections = 16  - Libcurl will limit the number of connections to a host
LogInit:  - LocalHostAddr = Default
LogInit:  - BufferSize = 65536
LogOnline: OSS: Creating online subsystem instance for: NULL
LogInit: WinSock: version 1.1 (2.2), MaxSocks=32767, MaxUdp=65467
LogOnline: OSS: TryLoadSubsystemAndSetDefault: Loaded subsystem for module [NULL]
LogInit: Build: ++UE4+Release-4.25-CL-14469661
LogInit: Engine Version: 4.25.4-14469661+++UE4+Release-4.25
LogInit: Compatible Engine Version: 4.25.0-13144385+++UE4+Release-4.25
LogInit: Net CL: 13144385
LogInit: OS: Windows 10 (Release 2009) (), CPU: Intel(R) Core(TM) i7-6700HQ CPU @ 2.60GHz, GPU: Intel(R) HD Graphics 530
LogInit: Compiled (64-bit): Oct 11 2020 08:10:49
LogInit: Compiled with Visual C++: 19.24.28315.00
LogInit: Build Configuration: Development
LogInit: Branch Name: ++UE4+Release-4.25
LogInit: Command Line: 
LogInit: Base Directory: C:/Program Files/Epic Games/UE_4.25/Engine/Binaries/Win64/
LogInit: Allocator: TBB
LogInit: Installed Engine Build: 1
LogDevObjectVersion: Number of dev versions registered: 26
LogDevObjectVersion:   Dev-Blueprints (B0D832E4-1F89-4F0D-ACCF-7EB736FD4AA2): 10
LogDevObjectVersion:   Dev-Build (E1C64328-A22C-4D53-A36C-8E866417BD8C): 0
LogDevObjectVersion:   Dev-Core (375EC13C-06E4-48FB-B500-84F0262A717E): 4
LogDevObjectVersion:   Dev-Editor (E4B068ED-F494-42E9-A231-DA0B2E46BB41): 38
LogDevObjectVersion:   Dev-Framework (CFFC743F-43B0-4480-9391-14DF171D2073): 37
LogDevObjectVersion:   Dev-Mobile (B02B49B5-BB20-44E9-A304-32B752E40360): 2
LogDevObjectVersion:   Dev-Networking (A4E4105C-59A1-49B5-A7C5-40C4547EDFEE): 0
LogDevObjectVersion:   Dev-Online (39C831C9-5AE6-47DC-9A44-9C173E1C8E7C): 0
LogDevObjectVersion:   Dev-Physics (78F01B33-EBEA-4F98-B9B4-84EACCB95AA2): 4
LogDevObjectVersion:   Dev-Platform (6631380F-2D4D-43E0-8009-CF276956A95A): 0
LogDevObjectVersion:   Dev-Rendering (12F88B9F-8875-4AFC-A67C-D90C383ABD29): 43
LogDevObjectVersion:   Dev-Sequencer (7B5AE74C-D270-4C10-A958-57980B212A5A): 12
LogDevObjectVersion:   Dev-VR (D7296918-1DD6-4BDD-9DE2-64A83CC13884): 3
LogDevObjectVersion:   Dev-LoadTimes (C2A15278-BFE7-4AFE-6C17-90FF531DF755): 1
LogDevObjectVersion:   Private-Geometry (6EACA3D4-40EC-4CC1-B786-8BED09428FC5): 3
LogDevObjectVersion:   Dev-AnimPhys (29E575DD-E0A3-4627-9D10-D276232CDCEA): 17
LogDevObjectVersion:   Dev-Anim (AF43A65D-7FD3-4947-9873-3E8ED9C1BB05): 7
LogDevObjectVersion:   Dev-ReflectionCapture (6B266CEC-1EC7-4B8F-A30B-E4D90942FC07): 1
LogDevObjectVersion:   Dev-Automation (0DF73D61-A23F-47EA-B727-89E90C41499A): 1
LogDevObjectVersion:   FortniteMain (601D1886-AC64-4F84-AA16-D3DE0DEAC7D6): 31
LogDevObjectVersion:   Dev-Enterprise (9DFFBCD6-494F-0158-E221-12823C92A888): 10
LogDevObjectVersion:   Dev-Niagara (F2AED0AC-9AFE-416F-8664-AA7FFA26D6FC): 1
LogDevObjectVersion:   Dev-Destruction (174F1F0B-B4C6-45A5-B13F-2EE8D0FB917D): 10
LogDevObjectVersion:   Dev-Physics-Ext (35F94A83-E258-406C-A318-09F59610247C): 37
LogDevObjectVersion:   Dev-PhysicsMaterial-Chaos (B68FC16E-8B1B-42E2-B453-215C058844FE): 1
LogDevObjectVersion:   Dev-CineCamera (B2E18506-4273-CFC2-A54E-F4BB758BBA07): 1
LogInit: Presizing for max 25165824 objects, including 0 objects not considered by GC, pre-allocating 0 bytes for permanent pool.
LogConfig: Applying CVar settings from Section [/Script/Engine.StreamingSettings] File [C:/Users/carlt/source/repos/HexAdventure/Unreal Project/HexAdventure/Saved/Config/Windows/Engine.ini]
LogConfig: Setting CVar [[s.MinBulkDataSizeForAsyncLoading:131072]]
LogConfig: Setting CVar [[s.AsyncLoadingThreadEnabled:0]]
LogConfig: Setting CVar [[s.EventDrivenLoaderEnabled:1]]
LogConfig: Setting CVar [[s.WarnIfTimeLimitExceeded:0]]
LogConfig: Setting CVar [[s.TimeLimitExceededMultiplier:1.5]]
LogConfig: Setting CVar [[s.TimeLimitExceededMinTime:0.005]]
LogConfig: Setting CVar [[s.UseBackgroundLevelStreaming:1]]
LogConfig: Setting CVar [[s.PriorityAsyncLoadingExtraTime:15.0]]
LogConfig: Setting CVar [[s.LevelStreamingActorsUpdateTimeLimit:5.0]]
LogConfig: Setting CVar [[s.PriorityLevelStreamingActorsUpdateExtraTime:5.0]]
LogConfig: Setting CVar [[s.LevelStreamingComponentsRegistrationGranularity:10]]
LogConfig: Setting CVar [[s.UnregisterComponentsTimeLimit:1.0]]
LogConfig: Setting CVar [[s.LevelStreamingComponentsUnregistrationGranularity:5]]
LogConfig: Setting CVar [[s.FlushStreamingOnExit:1]]
LogInit: Object subsystem initialized
LogConfig: Setting CVar [[con.DebugEarlyDefault:1]]
LogConfig: Setting CVar [[r.setres:1280x720]]
[2023.02.20-01.14.27:361][  0]LogConfig: Setting CVar [[r.VSync:0]]
[2023.02.20-01.14.27:361][  0]LogConfig: Setting CVar [[r.RHICmdBypass:0]]
[2023.02.20-01.14.27:361][  0]LogConfig: Applying CVar settings from Section [/Script/Engine.RendererSettings] File [C:/Users/carlt/source/repos/HexAdventure/Unreal Project/HexAdventure/Saved/Config/Windows/Engine.ini]
[2023.02.20-01.14.27:361][  0]LogConfig: Setting CVar [[r.GPUCrashDebugging:0]]
[2023.02.20-01.14.27:361][  0]LogConfig: Setting CVar [[r.Mobile.DisableVertexFog:1]]
[2023.02.20-01.14.27:361][  0]LogConfig: Setting CVar [[r.Shadow.CSM.MaxMobileCascades:2]]
[2023.02.20-01.14.27:361][  0]LogConfig: Setting CVar [[r.MobileMSAA:1]]
[2023.02.20-01.14.27:361][  0]LogConfig: Setting CVar [[r.Mobile.UseLegacyShadingModel:0]]
[2023.02.20-01.14.27:361][  0]LogConfig: Setting CVar [[r.Mobile.AllowDitheredLODTransition:0]]
[2023.02.20-01.14.27:361][  0]LogConfig: Setting CVar [[r.Mobile.AllowSoftwareOcclusion:0]]
[2023.02.20-01.14.27:361][  0]LogConfig: Setting CVar [[r.Mobile.VirtualTextures:0]]
[2023.02.20-01.14.27:361][  0]LogConfig: Setting CVar [[r.DiscardUnusedQuality:0]]
[2023.02.20-01.14.27:361][  0]LogConfig: Setting CVar [[r.AllowOcclusionQueries:1]]
[2023.02.20-01.14.27:361][  0]LogConfig: Setting CVar [[r.MinScreenRadiusForLights:0.030000]]
[2023.02.20-01.14.27:361][  0]LogConfig: Setting CVar [[r.MinScreenRadiusForDepthPrepass:0.030000]]
[2023.02.20-01.14.27:361][  0]LogConfig: Setting CVar [[r.MinScreenRadiusForCSMDepth:0.010000]]
[2023.02.20-01.14.27:361][  0]LogConfig: Setting CVar [[r.PrecomputedVisibilityWarning:0]]
[2023.02.20-01.14.27:361][  0]LogConfig: Setting CVar [[r.TextureStreaming:1]]
[2023.02.20-01.14.27:361][  0]LogConfig: Setting CVar [[Compat.UseDXT5NormalMaps:0]]
[2023.02.20-01.14.27:361][  0]LogConfig: Setting CVar [[r.VirtualTextures:0]]
[2023.02.20-01.14.27:361][  0]LogConfig: Setting CVar [[r.VirtualTexturedLightmaps:0]]
[2023.02.20-01.14.27:361][  0]LogConfig: Setting CVar [[r.VT.TileSize:128]]
[2023.02.20-01.14.27:361][  0]LogConfig: Setting CVar [[r.VT.TileBorderSize:4]]
[2023.02.20-01.14.27:362][  0]LogConfig: Setting CVar [[r.vt.FeedbackFactor:16]]
[2023.02.20-01.14.27:362][  0]LogConfig: Setting CVar [[r.VT.EnableCompressZlib:1]]
[2023.02.20-01.14.27:362][  0]LogConfig: Setting CVar [[r.VT.EnableCompressCrunch:0]]
[2023.02.20-01.14.27:362][  0]LogConfig: Setting CVar [[r.ClearCoatNormal:0]]
[2023.02.20-01.14.27:362][  0]LogConfig: Setting CVar [[r.AnisotropicBRDF:0]]
[2023.02.20-01.14.27:362][  0]LogConfig: Setting CVar [[r.ReflectionCaptureResolution:128]]
[2023.02.20-01.14.27:362][  0]LogConfig: Setting CVar [[r.ReflectionEnvironmentLightmapMixBasedOnRoughness:1]]
[2023.02.20-01.14.27:362][  0]LogConfig: Setting CVar [[r.ForwardShading:0]]
[2023.02.20-01.14.27:362][  0]LogConfig: Setting CVar [[r.VertexFoggingForOpaque:1]]
[2023.02.20-01.14.27:362][  0]LogConfig: Setting CVar [[r.AllowStaticLighting:1]]
[2023.02.20-01.14.27:362][  0]LogConfig: Setting CVar [[r.NormalMapsForStaticLighting:0]]
[2023.02.20-01.14.27:362][  0]LogConfig: Setting CVar [[r.GenerateMeshDistanceFields:0]]
[2023.02.20-01.14.27:362][  0]LogConfig: Setting CVar [[r.DistanceFieldBuild.EightBit:0]]
[2023.02.20-01.14.27:362][  0]LogConfig: Setting CVar [[r.GenerateLandscapeGIData:0]]
[2023.02.20-01.14.27:362][  0]LogConfig: Setting CVar [[r.DistanceFieldBuild.Compress:0]]
[2023.02.20-01.14.27:362][  0]LogConfig: Setting CVar [[r.TessellationAdaptivePixelsPerTriangle:48.000000]]
[2023.02.20-01.14.27:362][  0]LogConfig: Setting CVar [[r.SeparateTranslucency:0]]
[2023.02.20-01.14.27:362][  0]LogConfig: Setting CVar [[r.TranslucentSortPolicy:0]]
[2023.02.20-01.14.27:362][  0]LogConfig: Setting CVar [[r.CustomDepth:1]]
[2023.02.20-01.14.27:362][  0]LogConfig: Setting CVar [[r.CustomDepthTemporalAAJitter:1]]
[2023.02.20-01.14.27:362][  0]LogConfig: Setting CVar [[r.PostProcessing.PropagateAlpha:0]]
[2023.02.20-01.14.27:362][  0]LogConfig: Setting CVar [[r.DefaultFeature.Bloom:1]]
[2023.02.20-01.14.27:362][  0]LogConfig: Setting CVar [[r.DefaultFeature.AmbientOcclusion:0]]
[2023.02.20-01.14.27:362][  0]LogConfig: Setting CVar [[r.DefaultFeature.AmbientOcclusionStaticFraction:1]]
[2023.02.20-01.14.27:362][  0]LogConfig: Setting CVar [[r.DefaultFeature.AutoExposure:0]]
[2023.02.20-01.14.27:362][  0]LogConfig: Setting CVar [[r.DefaultFeature.AutoExposure.Method:0]]
[2023.02.20-01.14.27:362][  0]LogConfig: Setting CVar [[r.DefaultFeature.AutoExposure.Bias:1.000000]]
[2023.02.20-01.14.27:362][  0]LogConfig: Setting CVar [[r.DefaultFeature.AutoExposure.ExtendDefaultLuminanceRange:1]]
[2023.02.20-01.14.27:362][  0]LogConfig: Setting CVar [[r.UsePreExposure:1]]
[2023.02.20-01.14.27:362][  0]LogConfig: Setting CVar [[r.EyeAdaptation.EditorOnly:0]]
[2023.02.20-01.14.27:362][  0]LogConfig: Setting CVar [[r.DefaultFeature.MotionBlur:0]]
[2023.02.20-01.14.27:362][  0]LogConfig: Setting CVar [[r.DefaultFeature.LensFlare:0]]
[2023.02.20-01.14.27:362][  0]LogConfig: Setting CVar [[r.TemporalAA.Upsampling:0]]
[2023.02.20-01.14.27:362][  0]LogConfig: Setting CVar [[r.SSGI.Enable:0]]
[2023.02.20-01.14.27:362][  0]LogConfig: Setting CVar [[r.DefaultFeature.AntiAliasing:0]]
[2023.02.20-01.14.27:362][  0]LogConfig: Setting CVar [[r.DefaultFeature.LightUnits:1]]
[2023.02.20-01.14.27:362][  0]LogConfig: Setting CVar [[r.DefaultBackBufferPixelFormat:4]]
[2023.02.20-01.14.27:362][  0]LogConfig: Setting CVar [[r.Shadow.UnbuiltPreviewInGame:1]]
[2023.02.20-01.14.27:362][  0]LogConfig: Setting CVar [[r.StencilForLODDither:0]]
[2023.02.20-01.14.27:362][  0]LogConfig: Setting CVar [[r.EarlyZPass:3]]
[2023.02.20-01.14.27:362][  0]LogConfig: Setting CVar [[r.EarlyZPassOnlyMaterialMasking:0]]
[2023.02.20-01.14.27:362][  0]LogConfig: Setting CVar [[r.DBuffer:1]]
[2023.02.20-01.14.27:362][  0]LogConfig: Setting CVar [[r.ClearSceneMethod:1]]
[2023.02.20-01.14.27:362][  0]LogConfig: Setting CVar [[r.BasePassOutputsVelocity:0]]
[2023.02.20-01.14.27:362][  0]LogConfig: Setting CVar [[r.VertexDeformationOutputsVelocity:0]]
[2023.02.20-01.14.27:362][  0]LogConfig: Setting CVar [[r.SelectiveBasePassOutputs:0]]
[2023.02.20-01.14.27:362][  0]LogConfig: Setting CVar [[fx.GPUSimulationTextureSizeX:1024]]
[2023.02.20-01.14.27:362][  0]LogConfig: Setting CVar [[fx.GPUSimulationTextureSizeY:1024]]
[2023.02.20-01.14.27:362][  0]LogConfig: Setting CVar [[r.AllowGlobalClipPlane:0]]
[2023.02.20-01.14.27:362][  0]LogConfig: Setting CVar [[r.GBufferFormat:1]]
[2023.02.20-01.14.27:363][  0]LogConfig: Setting CVar [[r.MorphTarget.Mode:1]]
[2023.02.20-01.14.27:363][  0]LogConfig: Setting CVar [[vr.InstancedStereo:0]]
[2023.02.20-01.14.27:363][  0]LogConfig: Setting CVar [[r.MobileHDR:1]]
[2023.02.20-01.14.27:363][  0]LogConfig: Setting CVar [[vr.MobileMultiView:0]]
[2023.02.20-01.14.27:363][  0]LogConfig: Setting CVar [[r.Mobile.UseHWsRGBEncoding:0]]
[2023.02.20-01.14.27:363][  0]LogConfig: Setting CVar [[vr.RoundRobinOcclusion:0]]
[2023.02.20-01.14.27:363][  0]LogConfig: Setting CVar [[vr.ODSCapture:0]]
[2023.02.20-01.14.27:363][  0]LogConfig: Setting CVar [[r.MeshStreaming:0]]
[2023.02.20-01.14.27:363][  0]LogConfig: Setting CVar [[r.WireframeCullThreshold:5.000000]]
[2023.02.20-01.14.27:363][  0]LogConfig: Setting CVar [[r.RayTracing:0]]
[2023.02.20-01.14.27:363][  0]LogConfig: Setting CVar [[r.RayTracing.UseTextureLod:0]]
[2023.02.20-01.14.27:363][  0]LogConfig: Setting CVar [[r.SupportStationarySkylight:1]]
[2023.02.20-01.14.27:363][  0]LogConfig: Setting CVar [[r.SupportLowQualityLightmaps:1]]
[2023.02.20-01.14.27:363][  0]LogConfig: Setting CVar [[r.SupportPointLightWholeSceneShadows:1]]
[2023.02.20-01.14.27:363][  0]LogConfig: Setting CVar [[r.SupportAtmosphericFog:1]]
[2023.02.20-01.14.27:363][  0]LogConfig: Setting CVar [[r.SupportSkyAtmosphere:1]]
[2023.02.20-01.14.27:363][  0]LogConfig: Setting CVar [[r.SupportSkyAtmosphereAffectsHeightFog:0]]
[2023.02.20-01.14.27:363][  0]LogConfig: Setting CVar [[r.SkinCache.CompileShaders:0]]
[2023.02.20-01.14.27:363][  0]LogConfig: Setting CVar [[r.SkinCache.DefaultBehavior:1]]
[2023.02.20-01.14.27:363][  0]LogConfig: Setting CVar [[r.SkinCache.SceneMemoryLimitInMB:128.000000]]
[2023.02.20-01.14.27:363][  0]LogConfig: Setting CVar [[r.Mobile.EnableStaticAndCSMShadowReceivers:1]]
[2023.02.20-01.14.27:363][  0]LogConfig: Setting CVar [[r.Mobile.EnableMovableLightCSMShaderCulling:1]]
[2023.02.20-01.14.27:363][  0]LogConfig: Setting CVar [[r.Mobile.AllowDistanceFieldShadows:1]]
[2023.02.20-01.14.27:363][  0]LogConfig: Setting CVar [[r.Mobile.AllowMovableDirectionalLights:1]]
[2023.02.20-01.14.27:363][  0]LogConfig: Setting CVar [[r.MobileNumDynamicPointLights:4]]
[2023.02.20-01.14.27:363][  0]LogConfig: Setting CVar [[r.MobileDynamicPointLightsUseStaticBranch:1]]
[2023.02.20-01.14.27:363][  0]LogConfig: Setting CVar [[r.Mobile.EnableMovableSpotlights:0]]
[2023.02.20-01.14.27:363][  0]LogConfig: Setting CVar [[r.GPUSkin.Support16BitBoneIndex:0]]
[2023.02.20-01.14.27:363][  0]LogConfig: Setting CVar [[r.GPUSkin.Limit2BoneInfluences:0]]
[2023.02.20-01.14.27:363][  0]LogConfig: Setting CVar [[r.SupportDepthOnlyIndexBuffers:1]]
[2023.02.20-01.14.27:363][  0]LogConfig: Setting CVar [[r.SupportReversedIndexBuffers:1]]
[2023.02.20-01.14.27:363][  0]LogConfig: Setting CVar [[r.SupportMaterialLayers:0]]
[2023.02.20-01.14.27:363][  0]LogConfig: Setting CVar [[r.LightPropagationVolume:0]]
[2023.02.20-01.14.27:363][  0]LogConfig: Applying CVar settings from Section [/Script/Engine.RendererOverrideSettings] File [C:/Users/carlt/source/repos/HexAdventure/Unreal Project/HexAdventure/Saved/Config/Windows/Engine.ini]
[2023.02.20-01.14.27:363][  0]LogConfig: Applying CVar settings from Section [/Script/Engine.StreamingSettings] File [C:/Users/carlt/source/repos/HexAdventure/Unreal Project/HexAdventure/Saved/Config/Windows/Engine.ini]
[2023.02.20-01.14.27:363][  0]LogConfig: Setting CVar [[s.MinBulkDataSizeForAsyncLoading:131072]]
[2023.02.20-01.14.27:363][  0]LogConfig: Setting CVar [[s.AsyncLoadingThreadEnabled:0]]
[2023.02.20-01.14.27:363][  0]LogConfig: Setting CVar [[s.EventDrivenLoaderEnabled:1]]
[2023.02.20-01.14.27:363][  0]LogConfig: Setting CVar [[s.WarnIfTimeLimitExceeded:0]]
[2023.02.20-01.14.27:363][  0]LogConfig: Setting CVar [[s.TimeLimitExceededMultiplier:1.5]]
[2023.02.20-01.14.27:363][  0]LogConfig: Setting CVar [[s.TimeLimitExceededMinTime:0.005]]
[2023.02.20-01.14.27:363][  0]LogConfig: Setting CVar [[s.UseBackgroundLevelStreaming:1]]
[2023.02.20-01.14.27:363][  0]LogConfig: Setting CVar [[s.PriorityAsyncLoadingExtraTime:15.0]]
[2023.02.20-01.14.27:363][  0]LogConfig: Setting CVar [[s.LevelStreamingActorsUpdateTimeLimit:5.0]]
[2023.02.20-01.14.27:363][  0]LogConfig: Setting CVar [[s.PriorityLevelStreamingActorsUpdateExtraTime:5.0]]
[2023.02.20-01.14.27:363][  0]LogConfig: Setting CVar [[s.LevelStreamingComponentsRegistrationGranularity:10]]
[2023.02.20-01.14.27:363][  0]LogConfig: Setting CVar [[s.UnregisterComponentsTimeLimit:1.0]]
[2023.02.20-01.14.27:363][  0]LogConfig: Setting CVar [[s.LevelStreamingComponentsUnregistrationGranularity:5]]
[2023.02.20-01.14.27:363][  0]LogConfig: Setting CVar [[s.FlushStreamingOnExit:1]]
[2023.02.20-01.14.27:363][  0]LogConfig: Applying CVar settings from Section [/Script/Engine.GarbageCollectionSettings] File [C:/Users/carlt/source/repos/HexAdventure/Unreal Project/HexAdventure/Saved/Config/Windows/Engine.ini]
[2023.02.20-01.14.27:363][  0]LogConfig: Setting CVar [[gc.MaxObjectsNotConsideredByGC:1]]
[2023.02.20-01.14.27:363][  0]LogConfig: Setting CVar [[gc.SizeOfPermanentObjectPool:0]]
[2023.02.20-01.14.27:363][  0]LogConfig: Setting CVar [[gc.FlushStreamingOnGC:0]]
[2023.02.20-01.14.27:363][  0]LogConfig: Setting CVar [[gc.NumRetriesBeforeForcingGC:10]]
[2023.02.20-01.14.27:363][  0]LogConfig: Setting CVar [[gc.AllowParallelGC:1]]
[2023.02.20-01.14.27:363][  0]LogConfig: Setting CVar [[gc.TimeBetweenPurgingPendingKillObjects:61.1]]
[2023.02.20-01.14.27:363][  0]LogConfig: Setting CVar [[gc.MaxObjectsInEditor:25165824]]
[2023.02.20-01.14.27:363][  0]LogConfig: Setting CVar [[gc.IncrementalBeginDestroyEnabled:1]]
[2023.02.20-01.14.27:363][  0]LogConfig: Setting CVar [[gc.CreateGCClusters:1]]
[2023.02.20-01.14.27:363][  0]LogConfig: Setting CVar [[gc.MinGCClusterSize:5]]
[2023.02.20-01.14.27:363][  0]LogConfig: Setting CVar [[gc.ActorClusteringEnabled:0]]
[2023.02.20-01.14.27:363][  0]LogConfig: Setting CVar [[gc.BlueprintClusteringEnabled:0]]
[2023.02.20-01.14.27:363][  0]LogConfig: Setting CVar [[gc.UseDisregardForGCOnDedicatedServers:0]]
[2023.02.20-01.14.27:363][  0]LogConfig: Applying CVar settings from Section [/Script/Engine.NetworkSettings] File [C:/Users/carlt/source/repos/HexAdventure/Unreal Project/HexAdventure/Saved/Config/Windows/Engine.ini]
[2023.02.20-01.14.27:363][  0]LogConfig: Applying CVar settings from Section [/Script/UnrealEd.CookerSettings] File [C:/Users/carlt/source/repos/HexAdventure/Unreal Project/HexAdventure/Saved/Config/Windows/Engine.ini]
[2023.02.20-01.14.27:369][  0]LogConfig: Applying CVar settings from Section [ViewDistanceQuality@3] File [C:/Users/carlt/source/repos/HexAdventure/Unreal Project/HexAdventure/Saved/Config/Windows/Scalability.ini]
[2023.02.20-01.14.27:369][  0]LogConfig: Setting CVar [[r.SkeletalMeshLODBias:0]]
[2023.02.20-01.14.27:369][  0]LogConfig: Setting CVar [[r.ViewDistanceScale:1.0]]
[2023.02.20-01.14.27:369][  0]LogConfig: Applying CVar settings from Section [AntiAliasingQuality@3] File [C:/Users/carlt/source/repos/HexAdventure/Unreal Project/HexAdventure/Saved/Config/Windows/Scalability.ini]
[2023.02.20-01.14.27:369][  0]LogConfig: Setting CVar [[r.PostProcessAAQuality:4]]
[2023.02.20-01.14.27:369][  0]LogConfig: Applying CVar settings from Section [ShadowQuality@3] File [C:/Users/carlt/source/repos/HexAdventure/Unreal Project/HexAdventure/Saved/Config/Windows/Scalability.ini]
[2023.02.20-01.14.27:369][  0]LogConfig: Setting CVar [[r.LightFunctionQuality:1]]
[2023.02.20-01.14.27:369][  0]LogConfig: Setting CVar [[r.ShadowQuality:5]]
[2023.02.20-01.14.27:369][  0]LogConfig: Setting CVar [[r.Shadow.CSM.MaxCascades:10]]
[2023.02.20-01.14.27:369][  0]LogConfig: Setting CVar [[r.Shadow.MaxResolution:2048]]
[2023.02.20-01.14.27:369][  0]LogConfig: Setting CVar [[r.Shadow.MaxCSMResolution:2048]]
[2023.02.20-01.14.27:369][  0]LogConfig: Setting CVar [[r.Shadow.RadiusThreshold:0.01]]
[2023.02.20-01.14.27:369][  0]LogConfig: Setting CVar [[r.Shadow.DistanceScale:1.0]]
[2023.02.20-01.14.27:369][  0]LogConfig: Setting CVar [[r.Shadow.CSM.TransitionScale:1.0]]
[2023.02.20-01.14.27:369][  0]LogConfig: Setting CVar [[r.Shadow.PreShadowResolutionFactor:1.0]]
[2023.02.20-01.14.27:369][  0]LogConfig: Setting CVar [[r.DistanceFieldShadowing:1]]
[2023.02.20-01.14.27:369][  0]LogConfig: Setting CVar [[r.DistanceFieldAO:1]]
[2023.02.20-01.14.27:369][  0]LogConfig: Setting CVar [[r.AOQuality:2]]
[2023.02.20-01.14.27:369][  0]LogConfig: Setting CVar [[r.VolumetricFog:1]]
[2023.02.20-01.14.27:369][  0]LogConfig: Setting CVar [[r.VolumetricFog.GridPixelSize:8]]
[2023.02.20-01.14.27:369][  0]LogConfig: Setting CVar [[r.VolumetricFog.GridSizeZ:128]]
[2023.02.20-01.14.27:369][  0]LogConfig: Setting CVar [[r.VolumetricFog.HistoryMissSupersampleCount:4]]
[2023.02.20-01.14.27:369][  0]LogConfig: Setting CVar [[r.LightMaxDrawDistanceScale:1]]
[2023.02.20-01.14.27:369][  0]LogConfig: Setting CVar [[r.CapsuleShadows:1]]
[2023.02.20-01.14.27:369][  0]LogConfig: Applying CVar settings from Section [PostProcessQuality@3] File [C:/Users/carlt/source/repos/HexAdventure/Unreal Project/HexAdventure/Saved/Config/Windows/Scalability.ini]
[2023.02.20-01.14.27:369][  0]LogConfig: Setting CVar [[r.MotionBlurQuality:4]]
[2023.02.20-01.14.27:369][  0]LogConfig: Setting CVar [[r.AmbientOcclusionMipLevelFactor:0.4]]
[2023.02.20-01.14.27:369][  0]LogConfig: Setting CVar [[r.AmbientOcclusionMaxQuality:100]]
[2023.02.20-01.14.27:369][  0]LogConfig: Setting CVar [[r.AmbientOcclusionLevels:-1]]
[2023.02.20-01.14.27:369][  0]LogConfig: Setting CVar [[r.AmbientOcclusionRadiusScale:1.0]]
[2023.02.20-01.14.27:369][  0]LogConfig: Setting CVar [[r.DepthOfFieldQuality:2]]
[2023.02.20-01.14.27:369][  0]LogConfig: Setting CVar [[r.RenderTargetPoolMin:400]]
[2023.02.20-01.14.27:369][  0]LogConfig: Setting CVar [[r.LensFlareQuality:2]]
[2023.02.20-01.14.27:369][  0]LogConfig: Setting CVar [[r.SceneColorFringeQuality:1]]
[2023.02.20-01.14.27:369][  0]LogConfig: Setting CVar [[r.EyeAdaptationQuality:2]]
[2023.02.20-01.14.27:369][  0]LogConfig: Setting CVar [[r.BloomQuality:5]]
[2023.02.20-01.14.27:369][  0]LogConfig: Setting CVar [[r.FastBlurThreshold:100]]
[2023.02.20-01.14.27:369][  0]LogConfig: Setting CVar [[r.Upscale.Quality:3]]
[2023.02.20-01.14.27:369][  0]LogConfig: Setting CVar [[r.Tonemapper.GrainQuantization:1]]
[2023.02.20-01.14.27:369][  0]LogConfig: Setting CVar [[r.LightShaftQuality:1]]
[2023.02.20-01.14.27:369][  0]LogConfig: Setting CVar [[r.Filter.SizeScale:1]]
[2023.02.20-01.14.27:369][  0]LogConfig: Setting CVar [[r.Tonemapper.Quality:5]]
[2023.02.20-01.14.27:369][  0]LogConfig: Setting CVar [[r.DOF.Gather.AccumulatorQuality:1        ; higher gathering accumulator quality]]
[2023.02.20-01.14.27:369][  0]LogConfig: Setting CVar [[r.DOF.Gather.PostfilterMethod:1          ; Median3x3 postfilering method]]
[2023.02.20-01.14.27:369][  0]LogConfig: Setting CVar [[r.DOF.Gather.EnableBokehSettings:0       ; no bokeh simulation when gathering]]
[2023.02.20-01.14.27:369][  0]LogConfig: Setting CVar [[r.DOF.Gather.RingCount:4                 ; medium number of samples when gathering]]
[2023.02.20-01.14.27:369][  0]LogConfig: Setting CVar [[r.DOF.Scatter.ForegroundCompositing:1    ; additive foreground scattering]]
[2023.02.20-01.14.27:369][  0]LogConfig: Setting CVar [[r.DOF.Scatter.BackgroundCompositing:2    ; additive background scattering]]
[2023.02.20-01.14.27:369][  0]LogConfig: Setting CVar [[r.DOF.Scatter.EnableBokehSettings:1      ; bokeh simulation when scattering]]
[2023.02.20-01.14.27:369][  0]LogConfig: Setting CVar [[r.DOF.Scatter.MaxSpriteRatio:0.1         ; only a maximum of 10% of scattered bokeh]]
[2023.02.20-01.14.27:369][  0]LogConfig: Setting CVar [[r.DOF.Recombine.Quality:1                ; cheap slight out of focus]]
[2023.02.20-01.14.27:369][  0]LogConfig: Setting CVar [[r.DOF.Recombine.EnableBokehSettings:0    ; no bokeh simulation on slight out of focus]]
[2023.02.20-01.14.27:369][  0]LogConfig: Setting CVar [[r.DOF.TemporalAAQuality:1                ; more stable temporal accumulation]]
[2023.02.20-01.14.27:369][  0]LogConfig: Setting CVar [[r.DOF.Kernel.MaxForegroundRadius:0.025]]
[2023.02.20-01.14.27:369][  0]LogConfig: Setting CVar [[r.DOF.Kernel.MaxBackgroundRadius:0.025]]
[2023.02.20-01.14.27:369][  0]LogConfig: Applying CVar settings from Section [TextureQuality@3] File [C:/Users/carlt/source/repos/HexAdventure/Unreal Project/HexAdventure/Saved/Config/Windows/Scalability.ini]
[2023.02.20-01.14.27:369][  0]LogConfig: Setting CVar [[r.Streaming.MipBias:0]]
[2023.02.20-01.14.27:369][  0]LogConfig: Setting CVar [[r.Streaming.AmortizeCPUToGPUCopy:0]]
[2023.02.20-01.14.27:369][  0]LogConfig: Setting CVar [[r.Streaming.MaxNumTexturesToStreamPerFrame:0]]
[2023.02.20-01.14.27:369][  0]LogConfig: Setting CVar [[r.Streaming.Boost:1]]
[2023.02.20-01.14.27:369][  0]LogConfig: Setting CVar [[r.MaxAnisotropy:8]]
[2023.02.20-01.14.27:369][  0]LogConfig: Setting CVar [[r.VT.MaxAnisotropy:8]]
[2023.02.20-01.14.27:369][  0]LogConfig: Setting CVar [[r.Streaming.LimitPoolSizeToVRAM:0]]
[2023.02.20-01.14.27:370][  0]LogConfig: Setting CVar [[r.Streaming.PoolSize:1000]]
[2023.02.20-01.14.27:370][  0]LogConfig: Setting CVar [[r.Streaming.MaxEffectiveScreenSize:0]]
[2023.02.20-01.14.27:370][  0]LogConfig: Applying CVar settings from Section [EffectsQuality@3] File [C:/Users/carlt/source/repos/HexAdventure/Unreal Project/HexAdventure/Saved/Config/Windows/Scalability.ini]
[2023.02.20-01.14.27:370][  0]LogConfig: Setting CVar [[r.TranslucencyLightingVolumeDim:64]]
[2023.02.20-01.14.27:370][  0]LogConfig: Setting CVar [[r.RefractionQuality:2]]
[2023.02.20-01.14.27:370][  0]LogConfig: Setting CVar [[r.SSR.Quality:3]]
[2023.02.20-01.14.27:370][  0]LogConfig: Setting CVar [[r.SSR.HalfResSceneColor:0]]
[2023.02.20-01.14.27:370][  0]LogConfig: Setting CVar [[r.SceneColorFormat:4]]
[2023.02.20-01.14.27:370][  0]LogConfig: Setting CVar [[r.DetailMode:2]]
[2023.02.20-01.14.27:370][  0]LogConfig: Setting CVar [[r.TranslucencyVolumeBlur:1]]
[2023.02.20-01.14.27:370][  0]LogConfig: Setting CVar [[r.MaterialQualityLevel:1 ; High quality]]
[2023.02.20-01.14.27:370][  0]LogConfig: Setting CVar [[r.SSS.Scale:1]]
[2023.02.20-01.14.27:370][  0]LogConfig: Setting CVar [[r.SSS.SampleSet:2]]
[2023.02.20-01.14.27:370][  0]LogConfig: Setting CVar [[r.SSS.Quality:1]]
[2023.02.20-01.14.27:370][  0]LogConfig: Setting CVar [[r.SSS.HalfRes:0]]
[2023.02.20-01.14.27:370][  0]LogConfig: Setting CVar [[r.SSGI.Quality:3]]
[2023.02.20-01.14.27:370][  0]LogConfig: Setting CVar [[r.EmitterSpawnRateScale:1.0]]
[2023.02.20-01.14.27:370][  0]LogConfig: Setting CVar [[r.ParticleLightQuality:2]]
[2023.02.20-01.14.27:370][  0]LogConfig: Setting CVar [[r.SkyAtmosphere.AerialPerspectiveLUT.FastApplyOnOpaque:1 ; Always have FastSkyLUT 1 in this case to avoid wrong sky]]
[2023.02.20-01.14.27:370][  0]LogConfig: Setting CVar [[r.SkyAtmosphere.AerialPerspectiveLUT.SampleCountPerSlice:1]]
[2023.02.20-01.14.27:370][  0]LogConfig: Setting CVar [[r.SkyAtmosphere.AerialPerspectiveLUT.DepthResolution:16.0]]
[2023.02.20-01.14.27:370][  0]LogConfig: Setting CVar [[r.SkyAtmosphere.FastSkyLUT:1]]
[2023.02.20-01.14.27:370][  0]LogConfig: Setting CVar [[r.SkyAtmosphere.FastSkyLUT.SampleCountMin:4.0]]
[2023.02.20-01.14.27:370][  0]LogConfig: Setting CVar [[r.SkyAtmosphere.FastSkyLUT.SampleCountMax:32.0]]
[2023.02.20-01.14.27:370][  0]LogConfig: Setting CVar [[r.SkyAtmosphere.SampleCountMin:4.0]]
[2023.02.20-01.14.27:370][  0]LogConfig: Setting CVar [[r.SkyAtmosphere.SampleCountMax:32.0]]
[2023.02.20-01.14.27:370][  0]LogConfig: Setting CVar [[r.SkyAtmosphere.TransmittanceLUT.UseSmallFormat:0]]
[2023.02.20-01.14.27:370][  0]LogConfig: Setting CVar [[r.SkyAtmosphere.TransmittanceLUT.SampleCount:10.0]]
[2023.02.20-01.14.27:370][  0]LogConfig: Setting CVar [[r.SkyAtmosphere.MultiScatteringLUT.SampleCount:15.0]]
[2023.02.20-01.14.27:370][  0]LogConfig: Applying CVar settings from Section [FoliageQuality@3] File [C:/Users/carlt/source/repos/HexAdventure/Unreal Project/HexAdventure/Saved/Config/Windows/Scalability.ini]
[2023.02.20-01.14.27:370][  0]LogConfig: Setting CVar [[foliage.DensityScale:1.0]]
[2023.02.20-01.14.27:370][  0]LogConfig: Setting CVar [[grass.DensityScale:1.0]]
[2023.02.20-01.14.27:370][  0]LogConfig: Applying CVar settings from Section [ShadingQuality@3] File [C:/Users/carlt/source/repos/HexAdventure/Unreal Project/HexAdventure/Saved/Config/Windows/Scalability.ini]
[2023.02.20-01.14.27:370][  0]LogConfig: Setting CVar [[r.HairStrands.SkyLighting.SampleCount:16]]
[2023.02.20-01.14.27:370][  0]LogConfig: Setting CVar [[r.HairStrands.SkyLighting.JitterIntegration:0]]
[2023.02.20-01.14.27:370][  0]LogConfig: Setting CVar [[r.HairStrands.SkyAO.SampleCount:16]]
[2023.02.20-01.14.27:370][  0]LogConfig: Setting CVar [[r.HairStrands.DeepShadow.SuperSampling:0]]
[2023.02.20-01.14.27:370][  0]LogConfig: Setting CVar [[r.HairStrands.VisibilityPPLL:0]]
[2023.02.20-01.14.27:370][  0]LogConfig: Setting CVar [[r.HairStrands.RasterizationScale:0.5]]
[2023.02.20-01.14.27:371][  0]LogConfig: Setting CVar [[r.HairStrands.VelocityRasterizationScale:1]]
[2023.02.20-01.14.27:371][  0]LogInit: Selected Device Profile: [Windows]
[2023.02.20-01.14.27:371][  0]LogInit: Applying CVar settings loaded from the selected device profile: [Windows]
[2023.02.20-01.14.27:371][  0]LogHAL: Display: Platform has ~ 16 GB [17034686464 / 17179869184 / 16], which maps to Larger [LargestMinGB=32, LargerMinGB=12, DefaultMinGB=8, SmallerMinGB=6, SmallestMinGB=0)
[2023.02.20-01.14.27:371][  0]LogInit: Going up to parent DeviceProfile []
[2023.02.20-01.14.27:371][  0]LogConfig: Applying CVar settings from Section [ViewDistanceQuality@3] File [C:/Users/carlt/source/repos/HexAdventure/Unreal Project/HexAdventure/Saved/Config/Windows/Scalability.ini]
[2023.02.20-01.14.27:371][  0]LogConfig: Setting CVar [[r.SkeletalMeshLODBias:0]]
[2023.02.20-01.14.27:371][  0]LogConfig: Setting CVar [[r.ViewDistanceScale:1.0]]
[2023.02.20-01.14.27:371][  0]LogConfig: Applying CVar settings from Section [AntiAliasingQuality@3] File [C:/Users/carlt/source/repos/HexAdventure/Unreal Project/HexAdventure/Saved/Config/Windows/Scalability.ini]
[2023.02.20-01.14.27:371][  0]LogConfig: Setting CVar [[r.PostProcessAAQuality:4]]
[2023.02.20-01.14.27:371][  0]LogConfig: Applying CVar settings from Section [ShadowQuality@3] File [C:/Users/carlt/source/repos/HexAdventure/Unreal Project/HexAdventure/Saved/Config/Windows/Scalability.ini]
[2023.02.20-01.14.27:371][  0]LogConfig: Setting CVar [[r.LightFunctionQuality:1]]
[2023.02.20-01.14.27:371][  0]LogConfig: Setting CVar [[r.ShadowQuality:5]]
[2023.02.20-01.14.27:371][  0]LogConfig: Setting CVar [[r.Shadow.CSM.MaxCascades:10]]
[2023.02.20-01.14.27:371][  0]LogConfig: Setting CVar [[r.Shadow.MaxResolution:2048]]
[2023.02.20-01.14.27:371][  0]LogConfig: Setting CVar [[r.Shadow.MaxCSMResolution:2048]]
[2023.02.20-01.14.27:371][  0]LogConfig: Setting CVar [[r.Shadow.RadiusThreshold:0.01]]
[2023.02.20-01.14.27:371][  0]LogConfig: Setting CVar [[r.Shadow.DistanceScale:1.0]]
[2023.02.20-01.14.27:371][  0]LogConfig: Setting CVar [[r.Shadow.CSM.TransitionScale:1.0]]
[2023.02.20-01.14.27:371][  0]LogConfig: Setting CVar [[r.Shadow.PreShadowResolutionFactor:1.0]]
[2023.02.20-01.14.27:371][  0]LogConfig: Setting CVar [[r.DistanceFieldShadowing:1]]
[2023.02.20-01.14.27:371][  0]LogConfig: Setting CVar [[r.DistanceFieldAO:1]]
[2023.02.20-01.14.27:371][  0]LogConfig: Setting CVar [[r.AOQuality:2]]
[2023.02.20-01.14.27:371][  0]LogConfig: Setting CVar [[r.VolumetricFog:1]]
[2023.02.20-01.14.27:371][  0]LogConfig: Setting CVar [[r.VolumetricFog.GridPixelSize:8]]
[2023.02.20-01.14.27:371][  0]LogConfig: Setting CVar [[r.VolumetricFog.GridSizeZ:128]]
[2023.02.20-01.14.27:371][  0]LogConfig: Setting CVar [[r.VolumetricFog.HistoryMissSupersampleCount:4]]
[2023.02.20-01.14.27:371][  0]LogConfig: Setting CVar [[r.LightMaxDrawDistanceScale:1]]
[2023.02.20-01.14.27:371][  0]LogConfig: Setting CVar [[r.CapsuleShadows:1]]
[2023.02.20-01.14.27:371][  0]LogConfig: Applying CVar settings from Section [PostProcessQuality@3] File [C:/Users/carlt/source/repos/HexAdventure/Unreal Project/HexAdventure/Saved/Config/Windows/Scalability.ini]
[2023.02.20-01.14.27:371][  0]LogConfig: Setting CVar [[r.MotionBlurQuality:4]]
[2023.02.20-01.14.27:371][  0]LogConfig: Setting CVar [[r.AmbientOcclusionMipLevelFactor:0.4]]
[2023.02.20-01.14.27:371][  0]LogConfig: Setting CVar [[r.AmbientOcclusionMaxQuality:100]]
[2023.02.20-01.14.27:371][  0]LogConfig: Setting CVar [[r.AmbientOcclusionLevels:-1]]
[2023.02.20-01.14.27:371][  0]LogConfig: Setting CVar [[r.AmbientOcclusionRadiusScale:1.0]]
[2023.02.20-01.14.27:371][  0]LogConfig: Setting CVar [[r.DepthOfFieldQuality:2]]
[2023.02.20-01.14.27:371][  0]LogConfig: Setting CVar [[r.RenderTargetPoolMin:400]]
[2023.02.20-01.14.27:372][  0]LogConfig: Setting CVar [[r.LensFlareQuality:2]]
[2023.02.20-01.14.27:372][  0]LogConfig: Setting CVar [[r.SceneColorFringeQuality:1]]
[2023.02.20-01.14.27:372][  0]LogConfig: Setting CVar [[r.EyeAdaptationQuality:2]]
[2023.02.20-01.14.27:372][  0]LogConfig: Setting CVar [[r.BloomQuality:5]]
[2023.02.20-01.14.27:372][  0]LogConfig: Setting CVar [[r.FastBlurThreshold:100]]
[2023.02.20-01.14.27:372][  0]LogConfig: Setting CVar [[r.Upscale.Quality:3]]
[2023.02.20-01.14.27:372][  0]LogConfig: Setting CVar [[r.Tonemapper.GrainQuantization:1]]
[2023.02.20-01.14.27:372][  0]LogConfig: Setting CVar [[r.LightShaftQuality:1]]
[2023.02.20-01.14.27:372][  0]LogConfig: Setting CVar [[r.Filter.SizeScale:1]]
[2023.02.20-01.14.27:372][  0]LogConfig: Setting CVar [[r.Tonemapper.Quality:5]]
[2023.02.20-01.14.27:372][  0]LogConfig: Setting CVar [[r.DOF.Gather.AccumulatorQuality:1        ; higher gathering accumulator quality]]
[2023.02.20-01.14.27:372][  0]LogConfig: Setting CVar [[r.DOF.Gather.PostfilterMethod:1          ; Median3x3 postfilering method]]
[2023.02.20-01.14.27:372][  0]LogConfig: Setting CVar [[r.DOF.Gather.EnableBokehSettings:0       ; no bokeh simulation when gathering]]
[2023.02.20-01.14.27:372][  0]LogConfig: Setting CVar [[r.DOF.Gather.RingCount:4                 ; medium number of samples when gathering]]
[2023.02.20-01.14.27:372][  0]LogConfig: Setting CVar [[r.DOF.Scatter.ForegroundCompositing:1    ; additive foreground scattering]]
[2023.02.20-01.14.27:372][  0]LogConfig: Setting CVar [[r.DOF.Scatter.BackgroundCompositing:2    ; additive background scattering]]
[2023.02.20-01.14.27:372][  0]LogConfig: Setting CVar [[r.DOF.Scatter.EnableBokehSettings:1      ; bokeh simulation when scattering]]
[2023.02.20-01.14.27:372][  0]LogConfig: Setting CVar [[r.DOF.Scatter.MaxSpriteRatio:0.1         ; only a maximum of 10% of scattered bokeh]]
[2023.02.20-01.14.27:372][  0]LogConfig: Setting CVar [[r.DOF.Recombine.Quality:1                ; cheap slight out of focus]]
[2023.02.20-01.14.27:372][  0]LogConfig: Setting CVar [[r.DOF.Recombine.EnableBokehSettings:0    ; no bokeh simulation on slight out of focus]]
[2023.02.20-01.14.27:372][  0]LogConfig: Setting CVar [[r.DOF.TemporalAAQuality:1                ; more stable temporal accumulation]]
[2023.02.20-01.14.27:372][  0]LogConfig: Setting CVar [[r.DOF.Kernel.MaxForegroundRadius:0.025]]
[2023.02.20-01.14.27:372][  0]LogConfig: Setting CVar [[r.DOF.Kernel.MaxBackgroundRadius:0.025]]
[2023.02.20-01.14.27:372][  0]LogConfig: Applying CVar settings from Section [TextureQuality@3] File [C:/Users/carlt/source/repos/HexAdventure/Unreal Project/HexAdventure/Saved/Config/Windows/Scalability.ini]
[2023.02.20-01.14.27:372][  0]LogConfig: Setting CVar [[r.Streaming.MipBias:0]]
[2023.02.20-01.14.27:372][  0]LogConfig: Setting CVar [[r.Streaming.AmortizeCPUToGPUCopy:0]]
[2023.02.20-01.14.27:372][  0]LogConfig: Setting CVar [[r.Streaming.MaxNumTexturesToStreamPerFrame:0]]
[2023.02.20-01.14.27:372][  0]LogConfig: Setting CVar [[r.Streaming.Boost:1]]
[2023.02.20-01.14.27:372][  0]LogConfig: Setting CVar [[r.MaxAnisotropy:8]]
[2023.02.20-01.14.27:372][  0]LogConfig: Setting CVar [[r.VT.MaxAnisotropy:8]]
[2023.02.20-01.14.27:372][  0]LogConfig: Setting CVar [[r.Streaming.LimitPoolSizeToVRAM:0]]
[2023.02.20-01.14.27:372][  0]LogConfig: Setting CVar [[r.Streaming.PoolSize:1000]]
[2023.02.20-01.14.27:372][  0]LogConfig: Setting CVar [[r.Streaming.MaxEffectiveScreenSize:0]]
[2023.02.20-01.14.27:372][  0]LogConfig: Applying CVar settings from Section [EffectsQuality@3] File [C:/Users/carlt/source/repos/HexAdventure/Unreal Project/HexAdventure/Saved/Config/Windows/Scalability.ini]
[2023.02.20-01.14.27:372][  0]LogConfig: Setting CVar [[r.TranslucencyLightingVolumeDim:64]]
[2023.02.20-01.14.27:372][  0]LogConfig: Setting CVar [[r.RefractionQuality:2]]
[2023.02.20-01.14.27:372][  0]LogConfig: Setting CVar [[r.SSR.Quality:3]]
[2023.02.20-01.14.27:372][  0]LogConfig: Setting CVar [[r.SSR.HalfResSceneColor:0]]
[2023.02.20-01.14.27:372][  0]LogConfig: Setting CVar [[r.SceneColorFormat:4]]
[2023.02.20-01.14.27:372][  0]LogConfig: Setting CVar [[r.DetailMode:2]]
[2023.02.20-01.14.27:372][  0]LogConfig: Setting CVar [[r.TranslucencyVolumeBlur:1]]
[2023.02.20-01.14.27:372][  0]LogConfig: Setting CVar [[r.MaterialQualityLevel:1 ; High quality]]
[2023.02.20-01.14.27:372][  0]LogConfig: Setting CVar [[r.SSS.Scale:1]]
[2023.02.20-01.14.27:372][  0]LogConfig: Setting CVar [[r.SSS.SampleSet:2]]
[2023.02.20-01.14.27:372][  0]LogConfig: Setting CVar [[r.SSS.Quality:1]]
[2023.02.20-01.14.27:372][  0]LogConfig: Setting CVar [[r.SSS.HalfRes:0]]
[2023.02.20-01.14.27:373][  0]LogConfig: Setting CVar [[r.SSGI.Quality:3]]
[2023.02.20-01.14.27:373][  0]LogConfig: Setting CVar [[r.EmitterSpawnRateScale:1.0]]
[2023.02.20-01.14.27:373][  0]LogConfig: Setting CVar [[r.ParticleLightQuality:2]]
[2023.02.20-01.14.27:373][  0]LogConfig: Setting CVar [[r.SkyAtmosphere.AerialPerspectiveLUT.FastApplyOnOpaque:1 ; Always have FastSkyLUT 1 in this case to avoid wrong sky]]
[2023.02.20-01.14.27:373][  0]LogConfig: Setting CVar [[r.SkyAtmosphere.AerialPerspectiveLUT.SampleCountPerSlice:1]]
[2023.02.20-01.14.27:373][  0]LogConfig: Setting CVar [[r.SkyAtmosphere.AerialPerspectiveLUT.DepthResolution:16.0]]
[2023.02.20-01.14.27:373][  0]LogConfig: Setting CVar [[r.SkyAtmosphere.FastSkyLUT:1]]
[2023.02.20-01.14.27:373][  0]LogConfig: Setting CVar [[r.SkyAtmosphere.FastSkyLUT.SampleCountMin:4.0]]
[2023.02.20-01.14.27:373][  0]LogConfig: Setting CVar [[r.SkyAtmosphere.FastSkyLUT.SampleCountMax:32.0]]
[2023.02.20-01.14.27:373][  0]LogConfig: Setting CVar [[r.SkyAtmosphere.SampleCountMin:4.0]]
[2023.02.20-01.14.27:373][  0]LogConfig: Setting CVar [[r.SkyAtmosphere.SampleCountMax:32.0]]
[2023.02.20-01.14.27:373][  0]LogConfig: Setting CVar [[r.SkyAtmosphere.TransmittanceLUT.UseSmallFormat:0]]
[2023.02.20-01.14.27:373][  0]LogConfig: Setting CVar [[r.SkyAtmosphere.TransmittanceLUT.SampleCount:10.0]]
[2023.02.20-01.14.27:373][  0]LogConfig: Setting CVar [[r.SkyAtmosphere.MultiScatteringLUT.SampleCount:15.0]]
[2023.02.20-01.14.27:373][  0]LogConfig: Applying CVar settings from Section [FoliageQuality@3] File [C:/Users/carlt/source/repos/HexAdventure/Unreal Project/HexAdventure/Saved/Config/Windows/Scalability.ini]
[2023.02.20-01.14.27:373][  0]LogConfig: Setting CVar [[foliage.DensityScale:1.0]]
[2023.02.20-01.14.27:373][  0]LogConfig: Setting CVar [[grass.DensityScale:1.0]]
[2023.02.20-01.14.27:373][  0]LogConfig: Applying CVar settings from Section [ShadingQuality@3] File [C:/Users/carlt/source/repos/HexAdventure/Unreal Project/HexAdventure/Saved/Config/Windows/Scalability.ini]
[2023.02.20-01.14.27:373][  0]LogConfig: Setting CVar [[r.HairStrands.SkyLighting.SampleCount:16]]
[2023.02.20-01.14.27:373][  0]LogConfig: Setting CVar [[r.HairStrands.SkyLighting.JitterIntegration:0]]
[2023.02.20-01.14.27:373][  0]LogConfig: Setting CVar [[r.HairStrands.SkyAO.SampleCount:16]]
[2023.02.20-01.14.27:373][  0]LogConfig: Setting CVar [[r.HairStrands.DeepShadow.SuperSampling:0]]
[2023.02.20-01.14.27:373][  0]LogConfig: Setting CVar [[r.HairStrands.VisibilityPPLL:0]]
[2023.02.20-01.14.27:373][  0]LogConfig: Setting CVar [[r.HairStrands.RasterizationScale:0.5]]
[2023.02.20-01.14.27:373][  0]LogConfig: Setting CVar [[r.HairStrands.VelocityRasterizationScale:1]]
[2023.02.20-01.14.27:373][  0]LogConfig: Applying CVar settings from Section [Startup] File [../../../Engine/Config/ConsoleVariables.ini]
[2023.02.20-01.14.27:373][  0]LogConfig: Setting CVar [[net.UseAdaptiveNetUpdateFrequency:0]]
[2023.02.20-01.14.27:373][  0]LogConfig: Setting CVar [[p.chaos.AllowCreatePhysxBodies:1]]
[2023.02.20-01.14.27:373][  0]LogConfig: Setting CVar [[fx.SkipVectorVMBackendOptimizations:1]]
[2023.02.20-01.14.27:373][  0]LogConfig: Applying CVar settings from Section [ConsoleVariables] File [C:/Users/carlt/source/repos/HexAdventure/Unreal Project/HexAdventure/Saved/Config/Windows/Engine.ini]
[2023.02.20-01.14.27:374][  0]LogInit: Computer: ELLEN-XPS-NEW
[2023.02.20-01.14.27:374][  0]LogInit: User: carlt
[2023.02.20-01.14.27:374][  0]LogInit: CPU Page size=4096, Cores=4
[2023.02.20-01.14.27:374][  0]LogInit: High frequency timer resolution =10.000000 MHz
[2023.02.20-01.14.27:374][  0]LogMemory: Memory total: Physical=15.9GB (16GB approx)
[2023.02.20-01.14.27:374][  0]LogMemory: Platform Memory Stats for Windows
[2023.02.20-01.14.27:374][  0]LogMemory: Process Physical Memory: 117.01 MB used, 117.02 MB peak
[2023.02.20-01.14.27:374][  0]LogMemory: Process Virtual Memory: 96.79 MB used, 96.79 MB peak
[2023.02.20-01.14.27:374][  0]LogMemory: Physical Memory: 5664.09 MB used,  10581.45 MB free, 16245.54 MB total
[2023.02.20-01.14.27:374][  0]LogMemory: Virtual Memory: 5113.99 MB used,  134212616.00 MB free, 134217728.00 MB total
[2023.02.20-01.14.27:383][  0]LogWindows: WindowsPlatformFeatures enabled
[2023.02.20-01.14.27:450][  0]LogInit: Physics initialised using underlying interface: PhysX
[2023.02.20-01.14.27:452][  0]LogInit: Using OS detected language (en-GB).
[2023.02.20-01.14.27:452][  0]LogInit: Using OS detected locale (en-GB).
[2023.02.20-01.14.27:463][  0]LogTextLocalizationManager: No specific localization for 'en-GB' exists, so the 'en' localization will be used.
[2023.02.20-01.14.27:773][  0]LogInit: Setting process to per monitor DPI aware
[2023.02.20-01.14.27:827][  0]LogSlate: New Slate User Created.  User Index 0, Is Virtual User: 0
[2023.02.20-01.14.27:827][  0]LogSlate: Slate User Registered.  User Index 0, Is Virtual User: 0
[2023.02.20-01.14.28:213][  0]LogHMD: Failed to initialize OpenVR with code 110
[2023.02.20-01.14.28:213][  0]LogD3D11RHI: D3D11 min allowed feature level: 11_0
[2023.02.20-01.14.28:213][  0]LogD3D11RHI: D3D11 max allowed feature level: 11_0
[2023.02.20-01.14.28:213][  0]LogD3D11RHI: D3D11 adapters:
[2023.02.20-01.14.28:337][  0]LogD3D11RHI:    0. 'NVIDIA GeForce GTX 960M' (Feature Level 11_0)
[2023.02.20-01.14.28:337][  0]LogD3D11RHI:       2010/0/8122 MB DedicatedVideo/DedicatedSystem/SharedSystem, Outputs:1, VendorId:0x10de
[2023.02.20-01.14.28:410][  0]LogD3D11RHI:    1. 'Intel(R) HD Graphics 530' (Feature Level 11_0)
[2023.02.20-01.14.28:410][  0]LogD3D11RHI:       128/0/8122 MB DedicatedVideo/DedicatedSystem/SharedSystem, Outputs:0, VendorId:0x8086
[2023.02.20-01.14.28:414][  0]LogD3D11RHI:    2. 'Microsoft Basic Render Driver' (Feature Level 11_0)
[2023.02.20-01.14.28:414][  0]LogD3D11RHI:       0/0/8122 MB DedicatedVideo/DedicatedSystem/SharedSystem, Outputs:0, VendorId:0x1414
[2023.02.20-01.14.28:448][  0]LogD3D11RHI:    3. 'Intel(R) HD Graphics 530' (Feature Level 11_0)
[2023.02.20-01.14.28:448][  0]LogD3D11RHI:       128/0/8122 MB DedicatedVideo/DedicatedSystem/SharedSystem, Outputs:0, VendorId:0x8086
[2023.02.20-01.14.28:448][  0]LogD3D11RHI: Chosen D3D11 Adapter: 0
[2023.02.20-01.14.28:526][  0]LogD3D11RHI: Creating new Direct3DDevice
[2023.02.20-01.14.28:526][  0]LogD3D11RHI:     GPU DeviceId: 0x139b (for the marketing name, search the web for "GPU Device Id")
[2023.02.20-01.14.28:526][  0]LogWindows: EnumDisplayDevices:
[2023.02.20-01.14.28:526][  0]LogWindows:    0. 'Intel(R) HD Graphics 530' (P:1 D:1)
[2023.02.20-01.14.28:527][  0]LogWindows:    1. 'Intel(R) HD Graphics 530' (P:0 D:0)
[2023.02.20-01.14.28:528][  0]LogWindows:    2. 'Intel(R) HD Graphics 530' (P:0 D:0)
[2023.02.20-01.14.28:528][  0]LogWindows:    3. 'Citrix Indirect Display Adapter' (P:0 D:0)
[2023.02.20-01.14.28:528][  0]LogWindows:    4. 'Citrix Indirect Display Adapter' (P:0 D:0)
[2023.02.20-01.14.28:529][  0]LogWindows:    5. 'Citrix Indirect Display Adapter' (P:0 D:0)
[2023.02.20-01.14.28:529][  0]LogWindows:    6. 'Citrix Indirect Display Adapter' (P:0 D:0)
[2023.02.20-01.14.28:529][  0]LogWindows:    7. 'Citrix Indirect Display Adapter' (P:0 D:0)
[2023.02.20-01.14.28:530][  0]LogWindows:    8. 'Citrix Indirect Display Adapter' (P:0 D:0)
[2023.02.20-01.14.28:530][  0]LogWindows:    9. 'Citrix Indirect Display Adapter' (P:0 D:0)
[2023.02.20-01.14.28:530][  0]LogWindows:    10. 'Citrix Indirect Display Adapter' (P:0 D:0)
[2023.02.20-01.14.28:530][  0]LogWindows: DebugString: PrimaryIsNotTheChoosenAdapter PrimaryIsNotTheChoosenAdapter PrimaryIsNotTheChoosenAdapter GetVideoDriverDetailsInvalid PrimaryIsNotTheChoosenAdapter GetVideoDriverDetailsInvalid PrimaryIsNotTheChoosenAdapter GetVideoDriverDetailsInvalid PrimaryIsNotTheChoosenAdapter GetVideoDriverDetailsInvalid PrimaryIsNotTheChoosenAdapter GetVideoDriverDetailsInvalid PrimaryIsNotTheChoosenAdapter GetVideoDriverDetailsInvalid PrimaryIsNotTheChoosenAdapter GetVideoDriverDetailsInvalid PrimaryIsNotTheChoosenAdapter GetVideoDriverDetailsInvalid PrimaryIsNotTheChoosenAdapter FoundDriverCount:0 
[2023.02.20-01.14.28:530][  0]LogD3D11RHI:     Adapter Name: NVIDIA GeForce GTX 960M
[2023.02.20-01.14.28:530][  0]LogD3D11RHI:   Driver Version: Unknown (internal:Unknown, unified:Unknown)
[2023.02.20-01.14.28:530][  0]LogD3D11RHI:      Driver Date: Unknown
[2023.02.20-01.14.28:531][  0]LogRHI: Texture pool is 1407 MB (70% of 2010 MB)
[2023.02.20-01.14.28:623][  0]LogD3D11RHI: RHI has support for 64 bit atomics
[2023.02.20-01.14.28:623][  0]LogD3D11RHI: Async texture creation enabled
[2023.02.20-01.14.28:643][  0]LogD3D11RHI: GPU Timing Frequency: 1000.000000 (Debug: 2 1)
[2023.02.20-01.14.29:215][  0]LogTargetPlatformManager: Display: Loaded TargetPlatform 'AllDesktop'
[2023.02.20-01.14.29:252][  0]LogTargetPlatformManager: Display: Loaded TargetPlatform 'Android'
[2023.02.20-01.14.29:252][  0]LogTargetPlatformManager: Display: Loaded TargetPlatform 'Android_ASTC'
[2023.02.20-01.14.29:252][  0]LogTargetPlatformManager: Display: Loaded TargetPlatform 'Android_DXT'
[2023.02.20-01.14.29:252][  0]LogTargetPlatformManager: Display: Loaded TargetPlatform 'Android_ETC2'
[2023.02.20-01.14.29:252][  0]LogTargetPlatformManager: Display: Loaded TargetPlatform 'AndroidClient'
[2023.02.20-01.14.29:252][  0]LogTargetPlatformManager: Display: Loaded TargetPlatform 'Android_ASTCClient'
[2023.02.20-01.14.29:252][  0]LogTargetPlatformManager: Display: Loaded TargetPlatform 'Android_DXTClient'
[2023.02.20-01.14.29:252][  0]LogTargetPlatformManager: Display: Loaded TargetPlatform 'Android_ETC2Client'
[2023.02.20-01.14.29:252][  0]LogTargetPlatformManager: Display: Loaded TargetPlatform 'Android_Multi'
[2023.02.20-01.14.29:252][  0]LogTargetPlatformManager: Display: Loaded TargetPlatform 'Android_MultiClient'
[2023.02.20-01.14.29:296][  0]LogTargetPlatformManager: Display: Loaded TargetPlatform 'IOSClient'
[2023.02.20-01.14.29:296][  0]LogTargetPlatformManager: Display: Loaded TargetPlatform 'IOS'
[2023.02.20-01.14.29:314][  0]LogTargetPlatformManager: Display: Loaded TargetPlatform 'Linux'
[2023.02.20-01.14.29:329][  0]LogTargetPlatformManager: Display: Loaded TargetPlatform 'LinuxNoEditor'
[2023.02.20-01.14.29:344][  0]LogTargetPlatformManager: Display: Loaded TargetPlatform 'LinuxClient'
[2023.02.20-01.14.29:360][  0]LogTargetPlatformManager: Display: Loaded TargetPlatform 'LinuxServer'
[2023.02.20-01.14.29:375][  0]LogTargetPlatformManager: Display: Loaded TargetPlatform 'LinuxAArch64NoEditor'
[2023.02.20-01.14.29:390][  0]LogTargetPlatformManager: Display: Loaded TargetPlatform 'LinuxAArch64Client'
[2023.02.20-01.14.29:406][  0]LogTargetPlatformManager: Display: Loaded TargetPlatform 'LinuxAArch64Server'
[2023.02.20-01.14.29:452][  0]LogTargetPlatformManager: Display: Loaded TargetPlatform 'Lumin'
[2023.02.20-01.14.29:452][  0]LogTargetPlatformManager: Display: Loaded TargetPlatform 'LuminClient'
[2023.02.20-01.14.29:480][  0]LogTargetPlatformManager: Display: Loaded TargetPlatform 'TVOSClient'
[2023.02.20-01.14.29:480][  0]LogTargetPlatformManager: Display: Loaded TargetPlatform 'TVOS'
[2023.02.20-01.14.29:495][  0]LogTargetPlatformManager: Display: Loaded TargetPlatform 'WindowsNoEditor'
[2023.02.20-01.14.29:511][  0]LogTargetPlatformManager: Display: Loaded TargetPlatform 'Windows'
[2023.02.20-01.14.29:527][  0]LogTargetPlatformManager: Display: Loaded TargetPlatform 'WindowsClient'
[2023.02.20-01.14.29:542][  0]LogTargetPlatformManager: Display: Loaded TargetPlatform 'WindowsServer'
[2023.02.20-01.14.29:542][  0]LogTargetPlatformManager: Display: Building Assets For Windows
[2023.02.20-01.14.29:557][  0]LogAudioDebug: Display: Lib vorbis DLL was dynamically loaded.
[2023.02.20-01.14.29:668][  0]LogShaderCompilers: Guid format shader working directory is -38 characters bigger than the processId version (../../../../../../Users/carlt/source/repos/HexAdventure/Unreal Project/HexAdventure/Intermediate/Shaders/WorkingDirectory/18952/).
[2023.02.20-01.14.29:668][  0]LogShaderCompilers: Cleaned the shader compiler working directory 'C:/Users/carlt/AppData/Local/Temp/UnrealShaderWorkingDir/2C8FDA2D47CD1E6EF7D808B0B1A3E812/'.
[2023.02.20-01.14.29:669][  0]LogXGEController: Cannot use XGE Controller as Incredibuild is not installed on this machine.
[2023.02.20-01.14.29:669][  0]LogShaderCompilers: Cannot use XGE Shader Compiler as Incredibuild is not installed on this machine.
[2023.02.20-01.14.29:669][  0]LogShaderCompilers: Display: Using Local Shader Compiler.
[2023.02.20-01.14.30:666][  0]LogDerivedDataCache: Display: Max Cache Size: 512 MB
[2023.02.20-01.14.30:724][  0]LogDerivedDataCache: Loaded boot cache 0.06s 75MB C:/Users/carlt/AppData/Local/UnrealEngine/4.25/DerivedDataCache/Boot.ddc.
[2023.02.20-01.14.30:724][  0]LogDerivedDataCache: Display: Loaded Boot cache: C:/Users/carlt/AppData/Local/UnrealEngine/4.25/DerivedDataCache/Boot.ddc
[2023.02.20-01.14.30:724][  0]LogDerivedDataCache: FDerivedDataBackendGraph:  Pak pak cache file ../../../../../../Users/carlt/source/repos/HexAdventure/Unreal Project/HexAdventure/DerivedDataCache/DDC.ddp not found, will not use a pak cache.
[2023.02.20-01.14.30:724][  0]LogDerivedDataCache: Unable to find inner node Pak for hierarchical cache Hierarchy.
[2023.02.20-01.14.30:724][  0]LogDerivedDataCache: FDerivedDataBackendGraph:  CompressedPak pak cache file ../../../../../../Users/carlt/source/repos/HexAdventure/Unreal Project/HexAdventure/DerivedDataCache/Compressed.ddp not found, will not use a pak cache.
[2023.02.20-01.14.30:724][  0]LogDerivedDataCache: Unable to find inner node CompressedPak for hierarchical cache Hierarchy.
[2023.02.20-01.14.30:736][  0]LogDerivedDataCache: Display: Pak cache opened for reading ../../../Engine/DerivedDataCache/Compressed.ddp.
[2023.02.20-01.14.30:736][  0]LogDerivedDataCache: FDerivedDataBackendGraph:  EnterprisePak pak cache file ../../../Enterprise/DerivedDataCache/Compressed.ddp not found, will not use a pak cache.
[2023.02.20-01.14.30:736][  0]LogDerivedDataCache: Unable to find inner node EnterprisePak for hierarchical cache Hierarchy.
[2023.02.20-01.14.30:738][  0]LogDerivedDataCache: Using Local data cache path C:/Users/carlt/AppData/Local/UnrealEngine/Common/DerivedDataCache: Writable
[2023.02.20-01.14.30:738][  0]LogDerivedDataCache: Shared data cache path not found in *engine.ini, will not use an Shared cache.
[2023.02.20-01.14.30:738][  0]LogDerivedDataCache: Unable to find inner node Shared for hierarchical cache Hierarchy.
[2023.02.20-01.14.30:806][  0]LogSlate: Using FreeType 2.10.0
[2023.02.20-01.14.30:807][  0]LogSlate: SlateFontServices - WITH_FREETYPE: 1, WITH_HARFBUZZ: 1
[2023.02.20-01.14.30:843][  0]LogAssetRegistry: FAssetRegistry took 0.0038 seconds to start up
[2023.02.20-01.14.31:145][  0]LogInit: Selected Device Profile: [Windows]
[2023.02.20-01.14.31:278][  0]LogMeshReduction: Using QuadricMeshReduction for automatic static mesh reduction
[2023.02.20-01.14.31:278][  0]LogMeshReduction: Using SimplygonMeshReduction for automatic skeletal mesh reduction
[2023.02.20-01.14.31:278][  0]LogMeshReduction: Using ProxyLODMeshReduction for automatic mesh merging
[2023.02.20-01.14.31:278][  0]LogMeshReduction: No distributed automatic mesh merging module available
[2023.02.20-01.14.31:278][  0]LogMeshMerging: No distributed automatic mesh merging module available
[2023.02.20-01.14.31:300][  0]LogNetVersion: HexAdventure 1.0.0, NetCL: 13144385, EngineNetVer: 14, GameNetVer: 0 (Checksum: 3690509985)
[2023.02.20-01.14.31:860][  0]LogAISub: UAISubsystem::UAISubsystem AISubsystem (0000020337527880), frame # 0
[2023.02.20-01.14.31:860][  0]LogAISub: UAISubsystem::UAISubsystem AIPerceptionSystem (0000020337523D80), frame # 0
[2023.02.20-01.14.31:861][  0]LogAISub: UAISubsystem::UAISubsystem EnvQueryManager (00000203375A4800), frame # 0
[2023.02.20-01.14.31:930][  0]LogPackageLocalizationCache: Processed 19 localized package path(s) for 1 prioritized culture(s) in 0.060049 seconds
[2023.02.20-01.14.31:936][  0]LogUObjectArray: 15917 objects as part of root set at end of initial load.
[2023.02.20-01.14.31:936][  0]LogUObjectAllocator: 3965568 out of 0 bytes used by permanent object pool.
[2023.02.20-01.14.31:936][  0]LogUObjectArray: CloseDisregardForGC: 0/0 objects in disregard for GC pool
[2023.02.20-01.14.32:388][  0]LogTcpMessaging: Initializing TcpMessaging bridge
[2023.02.20-01.14.32:394][  0]LogUdpMessaging: Initializing bridge on interface 0.0.0.0:0 to multicast group 230.0.0.1:6666.
[2023.02.20-01.14.32:502][  0]SourceControl: Source control is disabled
[2023.02.20-01.14.32:503][  0]LogWindows: Warning: CreateProc failed: The system cannot find the file specified. (0x00000002)
[2023.02.20-01.14.32:503][  0]LogWindows: Warning: URL: C:/Program Files/Git/bin/git.exe version
[2023.02.20-01.14.32:504][  0]LogWindows: Warning: CreateProc failed: The system cannot find the file specified. (0x00000002)
[2023.02.20-01.14.32:504][  0]LogWindows: Warning: URL: C:/Program Files (x86)/Git/bin/git.exe version
[2023.02.20-01.14.32:505][  0]LogWindows: Warning: CreateProc failed: The system cannot find the file specified. (0x00000002)
[2023.02.20-01.14.32:505][  0]LogWindows: Warning: URL: C:\Users\carlt\AppData\Local/Programs/Git/cmd/git.exe version
[2023.02.20-01.14.32:505][  0]LogWindows: Warning: CreateProc failed: The system cannot find the file specified. (0x00000002)
[2023.02.20-01.14.32:505][  0]LogWindows: Warning: URL: C:/Program Files (x86)/SmartGit/git/bin/git.exe version
[2023.02.20-01.14.32:506][  0]LogWindows: Warning: CreateProc failed: The system cannot find the file specified. (0x00000002)
[2023.02.20-01.14.32:506][  0]LogWindows: Warning: URL: C:/Program Files (x86)/SmartGit/bin/git.exe version
[2023.02.20-01.14.34:620][  0]LogAndroidPermission: UAndroidPermissionCallbackProxy::GetInstance
[2023.02.20-01.14.34:654][  0]LogAudioCaptureCore: Display: No Audio Capture implementations found. Audio input will be silent.
[2023.02.20-01.14.34:654][  0]LogAudioCaptureCore: Display: No Audio Capture implementations found. Audio input will be silent.
[2023.02.20-01.14.34:737][  0]LogOcInput: OculusInput pre-init called
[2023.02.20-01.14.34:757][  0]LogWindows: Failed to load 'OVRPlugin.dll' (GetLastError=126)
[2023.02.20-01.14.34:757][  0]LogWindows: File 'OVRPlugin.dll' does not exist
[2023.02.20-01.14.34:854][  0]LogEngine: Initializing Engine...
[2023.02.20-01.14.34:857][  0]LogHMD: Failed to initialize OpenVR with code 110
[2023.02.20-01.14.34:857][  0]LogMagicLeap: Warning: VR disabled because ZI is not enabled.  To enable, in the editor, Edit -> Project Settings -> Plugins -> Magic Leap Plugin -> Enable Zero Iteration
[2023.02.20-01.14.34:859][  0]LogStats: UGameplayTagsManager::InitializeManager -  0.000 s
[2023.02.20-01.14.35:021][  0]LogInit: Initializing FReadOnlyCVARCache
[2023.02.20-01.14.35:031][  0]LogAIModule: Creating AISystem for world Untitled
[2023.02.20-01.14.35:031][  0]LogAISub: UAISubsystem::UAISubsystem EnvQueryManager (000002033A20DC00), frame # 0
[2023.02.20-01.14.35:031][  0]LogAISub: UAISubsystem::UAISubsystem AIPerceptionSystem (000002033A232D40), frame # 0
[2023.02.20-01.14.35:062][  0]LogAudioMixer: Display: Audio Mixer Platform Settings:
[2023.02.20-01.14.35:062][  0]LogAudioMixer: Display: 	Sample Rate:						  48000
[2023.02.20-01.14.35:062][  0]LogAudioMixer: Display: 	Callback Buffer Frame Size Requested: 256
[2023.02.20-01.14.35:062][  0]LogAudioMixer: Display: 	Callback Buffer Frame Size To Use:	  256
[2023.02.20-01.14.35:062][  0]LogAudioMixer: Display: 	Number of buffers to queue:			  7
[2023.02.20-01.14.35:062][  0]LogAudioMixer: Display: 	Max Channels (voices):				  32
[2023.02.20-01.14.35:062][  0]LogAudioMixer: Display: 	Number of Async Source Workers:		  0
[2023.02.20-01.14.35:062][  0]LogAudio: Display: AudioDevice MaxSources: 32
[2023.02.20-01.14.35:062][  0]LogAudio: Display: Using built-in audio occlusion.
[2023.02.20-01.14.35:062][  0]LogAudioMixer: Display: Initializing audio mixer.
[2023.02.20-01.14.35:085][  0]LogAudioMixer: Display: 0: FrontLeft
[2023.02.20-01.14.35:085][  0]LogAudioMixer: Display: 1: FrontRight
[2023.02.20-01.14.35:327][  0]LogAudioMixer: Display: Using Audio Device Speakers / Headphones (Realtek Audio)
[2023.02.20-01.14.35:329][  0]LogAudioMixer: Display: Initializing Sound Submixes...
[2023.02.20-01.14.35:332][  0]LogAudioMixer: Display: Creating Master Submix 'MasterSubmixDefault'
[2023.02.20-01.14.35:333][  0]LogAudioMixer: Display: Creating Master Submix 'MasterReverbSubmixDefault'
[2023.02.20-01.14.35:334][  0]LogAudioMixer: Display: Creating Master Submix 'MasterEQSubmixDefault'
[2023.02.20-01.14.35:335][  0]LogInit: FAudioDevice initialized.
[2023.02.20-01.14.35:336][  0]LogNetVersion: Set ProjectVersion to 1.0.0.0. Version Checksum will be recalculated on next use.
[2023.02.20-01.14.35:417][  0]LogDerivedDataCache: Saved boot cache 0.08s 75MB C:/Users/carlt/AppData/Local/UnrealEngine/4.25/DerivedDataCache/Boot.ddc.
[2023.02.20-01.14.35:418][  0]LogInit: Texture streaming: Enabled
[2023.02.20-01.14.35:443][  0]LogEngineSessionManager: EngineSessionManager initialized
[2023.02.20-01.14.35:444][  0]LogEditorSessionSummary: Verbose: Initializing EditorSessionSummaryWriter for editor session tracking
[2023.02.20-01.14.35:450][  0]LogEditorSessionSummary: EditorSessionSummaryWriter initialized
[2023.02.20-01.14.35:510][  0]LogInit: Transaction tracking system initialized
[2023.02.20-01.14.35:539][  0]BlueprintLog: New page: Editor Load
[2023.02.20-01.14.35:635][  0]LocalizationService: Localization service is disabled
[2023.02.20-01.14.35:840][  0]LogCook: Display: Max memory allowance for cook 16384mb min free memory 0mb
[2023.02.20-01.14.35:840][  0]LogCook: Display: Mobile HDR setting 1
[2023.02.20-01.14.36:032][  0]LogFileCache: Scanning file cache for directory 'C:/Users/carlt/source/repos/HexAdventure/Unreal Project/HexAdventure/Content/' took 0.00s
[2023.02.20-01.14.36:319][  0]LogUnrealEdMisc: Loading editor; pre map load, took 11.707
[2023.02.20-01.14.36:320][  0]Cmd: MAP LOAD FILE="../../../../../../Users/carlt/source/repos/HexAdventure/Unreal Project/HexAdventure/Content/Maps/MainMap.umap" TEMPLATE=0 SHOWPROGRESS=1 FEATURELEVEL=3
[2023.02.20-01.14.36:321][  0]LightingResults: New page: Lighting Build
[2023.02.20-01.14.36:322][  0]LogWorld: UWorld::CleanupWorld for Untitled, bSessionEnded=true, bCleanupResources=true
[2023.02.20-01.14.36:322][  0]LogSlate: InvalidateAllWidgets triggered.  All widgets were invalidated
[2023.02.20-01.14.36:322][  0]MapCheck: New page: Map Check
[2023.02.20-01.14.36:322][  0]LightingResults: New page: Lighting Build
[2023.02.20-01.14.36:332][  0]LogAISub: UAISubsystem::~UAISubsystem EnvQueryManager (000002033A20DC00), frame # 0
[2023.02.20-01.14.36:332][  0]LogAISub: UAISubsystem::~UAISubsystem AIPerceptionSystem (000002033A232D40), frame # 0
[2023.02.20-01.14.36:333][  0]LogUObjectHash: Compacting FUObjectHashTables data took   0.82ms
[2023.02.20-01.14.36:437][  0]LogProperty: Error: FStructProperty::Serialize Loading: Property 'StructProperty /Game/Blueprints/HexAdventureGameInstance.HexAdventureGameInstance_C:MapSaveData'. Unknown structure.
[2023.02.20-01.14.36:438][  0]LogClass: Warning: Property MapSaveData of MapSaveData has a struct type mismatch (tag STRUCT_REINST_MapSaveData_1 != prop FallbackStruct) in package:  ../../../../../../Users/carlt/source/repos/HexAdventure/Unreal Project/HexAdventure/Content/Blueprints/HexAdventureGameInstance.uasset. If that struct got renamed, add an entry to ActiveStructRedirects.
[2023.02.20-01.14.36:439][  0]LogProperty: Error: FStructProperty::Serialize Loading: Property 'StructProperty /Game/Blueprints/SaveGames/AdventureSaveGame.AdventureSaveGame_C:MapSaveData'. Unknown structure.
[2023.02.20-01.14.36:439][  0]LogClass: Warning: Property MapSaveData of MapSaveData has a struct type mismatch (tag STRUCT_REINST_MapSaveData_1 != prop FallbackStruct) in package:  ../../../../../../Users/carlt/source/repos/HexAdventure/Unreal Project/HexAdventure/Content/Blueprints/SaveGames/AdventureSaveGame.uasset. If that struct got renamed, add an entry to ActiveStructRedirects.
[2023.02.20-01.14.36:628][  0]LogClass: Warning: Property MapSaveData of MapSaveData has a struct type mismatch (tag FallbackStruct != prop MapSaveData) in package:  FObjectReader. If that struct got renamed, add an entry to ActiveStructRedirects.
[2023.02.20-01.14.36:628][  0]LogClass: Warning: Property MapSaveData of MapSaveData has a struct type mismatch (tag FallbackStruct != prop MapSaveData) in package:  FObjectReader. If that struct got renamed, add an entry to ActiveStructRedirects.
[2023.02.20-01.14.36:678][  0]LogAIModule: Creating AISystem for world MainMap
[2023.02.20-01.14.36:678][  0]LogAISub: UAISubsystem::UAISubsystem EnvQueryManager (000002032949BE00), frame # 0
[2023.02.20-01.14.36:678][  0]LogAISub: UAISubsystem::UAISubsystem AIPerceptionSystem (00000203295DD080), frame # 0
[2023.02.20-01.14.36:684][  0]LogEditorServer: Finished looking for orphan Actors (0.000 secs)
[2023.02.20-01.14.36:699][  0]LogUObjectHash: Compacting FUObjectHashTables data took   1.62ms
[2023.02.20-01.14.36:699][  0]Cmd: MAP CHECKDEP NOCLEARLOG
[2023.02.20-01.14.36:700][  0]MapCheck: Map check complete: 0 Error(s), 0 Warning(s), took 0.291ms to complete.
[2023.02.20-01.14.36:700][  0]LogFileHelpers: Loading map 'MainMap' took 0.380
[2023.02.20-01.14.36:702][  0]LogUnrealEdMisc: Total Editor Startup Time, took 12.089
[2023.02.20-01.14.36:925][  0]LogSlate: Updating window title bar state: overlay mode, drag disabled, window buttons hidden, title bar hidden
[2023.02.20-01.14.36:939][  0]LogSlate: Updating window title bar state: overlay mode, drag disabled, window buttons hidden, title bar hidden
[2023.02.20-01.14.36:957][  0]LogSlate: Updating window title bar state: overlay mode, drag disabled, window buttons hidden, title bar hidden
[2023.02.20-01.14.36:966][  0]LogSlate: Updating window title bar state: overlay mode, drag disabled, window buttons hidden, title bar hidden
[2023.02.20-01.14.36:991][  0]LogCollectionManager: Loaded 0 collections in 0.003785 seconds
[2023.02.20-01.14.37:044][  0]LogFileCache: Scanning file cache for directory 'C:/Users/carlt/source/repos/HexAdventure/Unreal Project/HexAdventure/Saved/Collections/' took 0.00s
[2023.02.20-01.14.37:044][  0]LogFileCache: Scanning file cache for directory 'C:/Users/carlt/source/repos/HexAdventure/Unreal Project/HexAdventure/Content/Developers/carlt/Collections/' took 0.00s
[2023.02.20-01.14.37:044][  0]LogFileCache: Scanning file cache for directory 'C:/Users/carlt/source/repos/HexAdventure/Unreal Project/HexAdventure/Content/Collections/' took 0.00s
[2023.02.20-01.14.37:044][  0]LogContentBrowser: Native class hierarchy populated in 0.0136 seconds. Added 3427 classes and 821 folders.
[2023.02.20-01.14.37:055][  0]LogContentBrowser: Native class hierarchy updated for 'WidgetCarousel' in 0.0004 seconds. Added 0 classes and 0 folders.
[2023.02.20-01.14.37:063][  0]LogContentBrowser: Native class hierarchy updated for 'AddContentDialog' in 0.0003 seconds. Added 0 classes and 0 folders.
[2023.02.20-01.14.37:073][  0]LogContentBrowser: Native class hierarchy updated for 'SceneOutliner' in 0.0004 seconds. Added 2 classes and 0 folders.
[2023.02.20-01.14.37:354][  0]LogSlate: Took 0.000932 seconds to synchronously load lazily loaded font '../../../Engine/Content/Slate/Fonts/Roboto-Regular.ttf' (155K)
[2023.02.20-01.14.37:359][  0]LogSlate: Took 0.000549 seconds to synchronously load lazily loaded font '../../../Engine/Content/Slate/Fonts/Roboto-Bold.ttf' (160K)
[2023.02.20-01.14.37:366][  0]LogSlate: Took 0.000813 seconds to synchronously load lazily loaded font '../../../Engine/Content/Editor/Slate/Fonts/FontAwesome.ttf' (139K)
[2023.02.20-01.14.37:483][  0]LogRenderer: Reallocating scene render targets to support 976x436 Format 10 NumSamples 1 (Frame:1).
[2023.02.20-01.14.37:743][  0]LogContentBrowser: Native class hierarchy updated for 'HierarchicalLODOutliner' in 0.0003 seconds. Added 0 classes and 0 folders.
[2023.02.20-01.14.37:743][  0]LogLoad: (Engine Initialization) Total time: 13.13 seconds
[2023.02.20-01.14.37:744][  0]LogLoad: (Engine Initialization) Total Blueprint compile time: 0.00 seconds
[2023.02.20-01.14.37:798][  0]LogAssetRegistry: Asset discovery search completed in 6.9570 seconds
[2023.02.20-01.14.37:803][  0]LogCollectionManager: Fixed up redirectors for 0 collections in 0.000003 seconds (updated 0 objects)
[2023.02.20-01.14.37:804][  0]LogContentStreaming: Texture pool size now 1000 MB
[2023.02.20-01.14.37:961][  3]LogRenderer: Reallocating scene render targets to support 976x512 Format 10 NumSamples 1 (Frame:1).
[2023.02.20-01.14.42:266][255]LogTemp: Repeating last play command: Selected Viewport
[2023.02.20-01.14.42:290][255]LogPlayLevel: PlayLevel: No blueprints needed recompiling
[2023.02.20-01.14.42:295][255]PIE: New page: PIE session: MainMap (19 Feb 2023, 09:14:42)
[2023.02.20-01.14.42:297][255]LogOnline: OSS: Creating online subsystem instance for: NULL
[2023.02.20-01.14.42:299][255]LogOnline: OSS: TryLoadSubsystemAndSetDefault: Loaded subsystem for module [NULL]
[2023.02.20-01.14.42:299][255]LogPlayLevel: Creating play world package: /Game/Maps/UEDPIE_0_MainMap
[2023.02.20-01.14.42:301][255]LogPlayLevel: PIE: StaticDuplicateObject took: (0.002170s)
[2023.02.20-01.14.42:303][255]LogAIModule: Creating AISystem for world MainMap
[2023.02.20-01.14.42:303][255]LogAISub: UAISubsystem::UAISubsystem EnvQueryManager (000002035F688E00), frame # 255
[2023.02.20-01.14.42:303][255]LogAISub: UAISubsystem::UAISubsystem AIPerceptionSystem (00000203298291C0), frame # 255
[2023.02.20-01.14.42:303][255]LogPlayLevel: PIE: World Init took: (0.001507s)
[2023.02.20-01.14.42:303][255]LogPlayLevel: PIE: Created PIE world by copying editor world from /Game/Maps/MainMap.MainMap to /Game/Maps/UEDPIE_0_MainMap.MainMap (0.004582s)
[2023.02.20-01.14.42:313][255]LogUObjectHash: Compacting FUObjectHashTables data took   0.67ms
[2023.02.20-01.14.42:317][255]LogAudioMixer: Display: Audio Mixer Platform Settings:
[2023.02.20-01.14.42:317][255]LogAudioMixer: Display: 	Sample Rate:						  48000
[2023.02.20-01.14.42:317][255]LogAudioMixer: Display: 	Callback Buffer Frame Size Requested: 256
[2023.02.20-01.14.42:317][255]LogAudioMixer: Display: 	Callback Buffer Frame Size To Use:	  256
[2023.02.20-01.14.42:317][255]LogAudioMixer: Display: 	Number of buffers to queue:			  7
[2023.02.20-01.14.42:317][255]LogAudioMixer: Display: 	Max Channels (voices):				  32
[2023.02.20-01.14.42:317][255]LogAudioMixer: Display: 	Number of Async Source Workers:		  0
[2023.02.20-01.14.42:317][255]LogAudio: Display: AudioDevice MaxSources: 32
[2023.02.20-01.14.42:317][255]LogAudio: Display: Using built-in audio occlusion.
[2023.02.20-01.14.42:317][255]LogAudioMixer: Display: Initializing audio mixer.
[2023.02.20-01.14.42:320][255]LogAudioMixer: Display: 0: FrontLeft
[2023.02.20-01.14.42:320][255]LogAudioMixer: Display: 1: FrontRight
[2023.02.20-01.14.42:362][255]LogAudioMixer: Display: Using Audio Device Speakers / Headphones (Realtek Audio)
[2023.02.20-01.14.42:362][255]LogAudioMixer: Display: Initializing Sound Submixes...
[2023.02.20-01.14.42:362][255]LogAudioMixer: Display: Creating Master Submix 'MasterSubmixDefault'
[2023.02.20-01.14.42:362][255]LogAudioMixer: Display: Creating Master Submix 'MasterReverbSubmixDefault'
[2023.02.20-01.14.42:362][255]LogAudioMixer: Display: Creating Master Submix 'MasterEQSubmixDefault'
[2023.02.20-01.14.42:378][255]LogInit: FAudioDevice initialized.
[2023.02.20-01.14.42:384][255]LogLoad: Game class is 'AdventureGameMode_C'
[2023.02.20-01.14.42:386][255]LogWorld: Bringing World /Game/Maps/UEDPIE_0_MainMap.MainMap up for play (max tick rate 60) at 2023.02.19-17.14.42
[2023.02.20-01.14.42:386][255]LogWorld: Bringing up level for play took: 0.000553
[2023.02.20-01.14.42:386][255]LogOnline: OSS: Creating online subsystem instance for: :Context_3
[2023.02.20-01.14.42:404][255]LogContentBrowser: Native class hierarchy updated for 'MovieSceneCapture' in 0.0004 seconds. Added 20 classes and 0 folders.
[2023.02.20-01.14.42:462][255]PIE: Server logged in
[2023.02.20-01.14.42:464][255]PIE: Play in editor total start time 0.178 seconds.
[2023.02.20-01.15.35:012][686]LogSlate: Updating window title bar state: overlay mode, drag disabled, window buttons hidden, title bar hidden
[2023.02.20-01.15.35:012][686]LogWorld: BeginTearingDown for /Game/Maps/UEDPIE_0_MainMap
[2023.02.20-01.15.35:013][686]LogWorld: UWorld::CleanupWorld for MainMap, bSessionEnded=true, bCleanupResources=true
[2023.02.20-01.15.35:016][686]LogSlate: InvalidateAllWidgets triggered.  All widgets were invalidated
[2023.02.20-01.15.35:032][686]LogPlayLevel: Display: Shutting down PIE online subsystems
[2023.02.20-01.15.35:034][686]LogSlate: InvalidateAllWidgets triggered.  All widgets were invalidated
[2023.02.20-01.15.35:068][686]LogSlate: Updating window title bar state: overlay mode, drag disabled, window buttons hidden, title bar hidden
[2023.02.20-01.15.35:071][686]LogAISub: UAISubsystem::~UAISubsystem AIPerceptionSystem (00000203298291C0), frame # 2686
[2023.02.20-01.15.35:071][686]LogAISub: UAISubsystem::~UAISubsystem EnvQueryManager (000002035F688E00), frame # 2686
[2023.02.20-01.15.35:072][686]LogUObjectHash: Compacting FUObjectHashTables data took   0.83ms
[2023.02.20-01.15.35:114][688]LogPlayLevel: Display: Destroying online subsystem :Context_3
[2023.02.20-01.16.36:358][956]LogEditorViewport: Clicking on Actor (LMB): BP_Sky_Sphere_C (Sky Sphere)
[2023.02.20-01.19.58:895][867]LogSlate: Took 0.001741 seconds to synchronously load lazily loaded font '../../../Engine/Content/Slate/Fonts/Roboto-Light.ttf' (167K)
[2023.02.20-01.19.58:922][867]LogAssetEditorSubsystem: Opening Asset editor for Blueprint /Game/Blueprints/Adventure/AdventureGameMode.AdventureGameMode
[2023.02.20-01.19.59:327][867]LogContentBrowser: Native class hierarchy updated for 'BlueprintGraph' in 0.0008 seconds. Added 125 classes and 0 folders.
[2023.02.20-01.20.00:534][867]LogSlate: Took 0.000434 seconds to synchronously load lazily loaded font '../../../Engine/Content/Slate/Fonts/Roboto-BoldCondensed.ttf' (158K)
[2023.02.20-01.20.07:476][163]LogSlate: Took 0.001261 seconds to synchronously load lazily loaded font '../../../Engine/Content/Slate/Fonts/Roboto-Italic.ttf' (157K)
[2023.02.20-01.20.28:788][114]LogAssetEditorSubsystem: Opening Asset editor for Blueprint /Game/Blueprints/Adventure/AdventurePlayerPawn.AdventurePlayerPawn
[2023.02.20-01.33.20:400][286]LogAssetEditorSubsystem: Opening Asset editor for Blueprint /Game/Blueprints/SharedMacros.SharedMacros
[2023.02.20-01.33.51:445][809]LogSlate: Took 0.001163 seconds to synchronously load lazily loaded font '../../../Engine/Content/Slate/Fonts/Roboto-BoldCondensedItalic.ttf' (160K)
[2023.02.20-01.35.04:107][523]LogContentBrowser: Verbose: The majority of assets in the view are of type: Blueprint
[2023.02.20-01.35.06:804][669]LogAssetEditorSubsystem: Opening Asset editor for Blueprint /Game/Blueprints/Adventure/AdventureGameState.AdventureGameState
[2023.02.20-01.37.24:156][924]LogUObjectHash: Compacting FUObjectHashTables data took   3.20ms
[2023.02.20-01.37.24:158][924]LogFileHelpers: Editor autosave (incl. sublevels) for '/Game/Maps/MainMap' took 0.038
[2023.02.20-01.37.24:158][924]OBJ SavePackage: Generating thumbnails for [0] asset(s) in package [/Game/Blueprints/SharedMacros] ([1] browsable assets)...
[2023.02.20-01.37.24:158][924]OBJ SavePackage: Finished generating thumbnails for package [/Game/Blueprints/SharedMacros]
[2023.02.20-01.37.24:278][924]LogSavePackage: Moving '../../../../../../Users/carlt/source/repos/HexAdventure/Unreal Project/HexAdventure/Saved/SharedMacros_Auto11B66D7F440E42F6B65EAE0825DA3FF37.tmp' to '../../../../../../Users/carlt/source/repos/HexAdventure/Unreal Project/HexAdventure/Saved/Autosaves/Game/Blueprints/SharedMacros_Auto1.uasset'
[2023.02.20-01.37.24:281][924]OBJ SavePackage: Generating thumbnails for [1] asset(s) in package [/Game/Blueprints/Adventure/AdventurePlayerPawn] ([1] browsable assets)...
[2023.02.20-01.37.24:332][924]OBJ SavePackage:     Rendered thumbnail for [Blueprint /Game/Blueprints/Adventure/AdventurePlayerPawn.AdventurePlayerPawn]
[2023.02.20-01.37.24:332][924]OBJ SavePackage: Finished generating thumbnails for package [/Game/Blueprints/Adventure/AdventurePlayerPawn]
[2023.02.20-01.37.24:437][924]LogSavePackage: Moving '../../../../../../Users/carlt/source/repos/HexAdventure/Unreal Project/HexAdventure/Saved/AdventurePlayerPawn_Auto1B92EC02B4B2A6152DB90A6BAE1CE439A.tmp' to '../../../../../../Users/carlt/source/repos/HexAdventure/Unreal Project/HexAdventure/Saved/Autosaves/Game/Blueprints/Adventure/AdventurePlayerPawn_Auto1.uasset'
[2023.02.20-01.37.24:439][924]LogFileHelpers: Auto-saving content packages took 0.281
[2023.02.20-01.37.49:238][699]LogAssetEditorSubsystem: Opening Asset editor for Blueprint /Game/Blueprints/SharedFunctions.SharedFunctions
[2023.02.20-01.47.54:889][915]LogEditorTransaction: Undo Move Node
[2023.02.20-01.48.43:232][ 90]BlueprintLog: New page: Compile SharedFunctions
[2023.02.20-01.48.43:332][ 90]LogUObjectHash: Compacting FUObjectHashTables data took   5.68ms
[2023.02.20-01.48.43:402][ 90]LogSlate: Took 0.001136 seconds to synchronously load lazily loaded font '../../../Engine/Content/Slate/Fonts/DroidSansMono.ttf' (77K)
[2023.02.20-01.48.44:625][116]LogSavePackage: Moving '../../../../../../Users/carlt/source/repos/HexAdventure/Unreal Project/HexAdventure/Saved/SharedFunctionsF5E7030B431F8E17C59FF3AAFF6DDAF6.tmp' to '../../../../../../Users/carlt/source/repos/HexAdventure/Unreal Project/HexAdventure/Content/Blueprints/SharedFunctions.uasset'
[2023.02.20-01.48.45:222][116]AssetCheck: New page: Asset Save: SharedFunctions
[2023.02.20-01.48.45:222][116]LogContentValidation: Display: Validating Blueprint /Game/Blueprints/SharedFunctions.SharedFunctions
[2023.02.20-01.50.27:681][392]LogUObjectHash: Compacting FUObjectHashTables data took   5.39ms
[2023.02.20-01.50.27:683][392]LogFileHelpers: Editor autosave (incl. sublevels) for '/Game/Maps/MainMap' took 0.055
[2023.02.20-01.50.27:684][392]OBJ SavePackage: Generating thumbnails for [0] asset(s) in package [/Game/Blueprints/SharedMacros] ([1] browsable assets)...
[2023.02.20-01.50.27:684][392]OBJ SavePackage: Finished generating thumbnails for package [/Game/Blueprints/SharedMacros]
[2023.02.20-01.50.27:797][392]LogSavePackage: Moving '../../../../../../Users/carlt/source/repos/HexAdventure/Unreal Project/HexAdventure/Saved/SharedMacros_Auto2C6C1F68A40E651DEC98035BCE0CC35A5.tmp' to '../../../../../../Users/carlt/source/repos/HexAdventure/Unreal Project/HexAdventure/Saved/Autosaves/Game/Blueprints/SharedMacros_Auto2.uasset'
[2023.02.20-01.50.27:800][392]OBJ SavePackage: Generating thumbnails for [0] asset(s) in package [/Game/Blueprints/SharedFunctions] ([1] browsable assets)...
[2023.02.20-01.50.27:800][392]OBJ SavePackage: Finished generating thumbnails for package [/Game/Blueprints/SharedFunctions]
[2023.02.20-01.50.27:901][392]LogSavePackage: Moving '../../../../../../Users/carlt/source/repos/HexAdventure/Unreal Project/HexAdventure/Saved/SharedFunctions_Auto27F7C5B15400E254635C3839DB1524014.tmp' to '../../../../../../Users/carlt/source/repos/HexAdventure/Unreal Project/HexAdventure/Saved/Autosaves/Game/Blueprints/SharedFunctions_Auto2.uasset'
[2023.02.20-01.50.27:903][392]LogFileHelpers: Auto-saving content packages took 0.220
[2023.02.20-01.51.17:103][619]BlueprintLog: New page: Compile SharedFunctions
[2023.02.20-01.51.17:196][619]LogUObjectHash: Compacting FUObjectHashTables data took   5.94ms
[2023.02.20-01.51.18:625][631]LogSavePackage: Moving '../../../../../../Users/carlt/source/repos/HexAdventure/Unreal Project/HexAdventure/Saved/SharedFunctions2A2052EC47804E231B5CC192EB750568.tmp' to '../../../../../../Users/carlt/source/repos/HexAdventure/Unreal Project/HexAdventure/Content/Blueprints/SharedFunctions.uasset'
[2023.02.20-01.51.18:655][631]AssetCheck: New page: Asset Save: SharedFunctions
[2023.02.20-01.51.18:655][631]LogContentValidation: Display: Validating Blueprint /Game/Blueprints/SharedFunctions.SharedFunctions
[2023.02.20-01.52.00:275][373]LogSavePackage: Moving '../../../../../../Users/carlt/source/repos/HexAdventure/Unreal Project/HexAdventure/Saved/SharedFunctions2B22BD344AEA02B92EFCF59018AC2517.tmp' to '../../../../../../Users/carlt/source/repos/HexAdventure/Unreal Project/HexAdventure/Content/Blueprints/SharedFunctions.uasset'
[2023.02.20-01.52.00:301][373]AssetCheck: New page: Asset Save: SharedFunctions
[2023.02.20-01.52.00:302][373]LogContentValidation: Display: Validating Blueprint /Game/Blueprints/SharedFunctions.SharedFunctions
[2023.02.20-01.54.30:624][948]BlueprintLog: New page: Compile AdventurePlayerPawn
[2023.02.20-01.54.30:840][948]LogUObjectHash: Compacting FUObjectHashTables data took   6.65ms
[2023.02.20-01.54.32:236][958]LogSavePackage: Moving '../../../../../../Users/carlt/source/repos/HexAdventure/Unreal Project/HexAdventure/Saved/AdventurePlayerPawn897ADBBE441FBCCC5E4DFCAA12DA27A3.tmp' to '../../../../../../Users/carlt/source/repos/HexAdventure/Unreal Project/HexAdventure/Content/Blueprints/Adventure/AdventurePlayerPawn.uasset'
[2023.02.20-01.54.32:259][958]AssetCheck: New page: Asset Save: AdventurePlayerPawn
[2023.02.20-01.54.32:259][958]LogContentValidation: Display: Validating Blueprint /Game/Blueprints/Adventure/AdventurePlayerPawn.AdventurePlayerPawn
[2023.02.20-01.54.44:021][233]LogSavePackage: Moving '../../../../../../Users/carlt/source/repos/HexAdventure/Unreal Project/HexAdventure/Saved/AdventurePlayerPawnF9AF036446BD2EA0B30E08BC625373EE.tmp' to '../../../../../../Users/carlt/source/repos/HexAdventure/Unreal Project/HexAdventure/Content/Blueprints/Adventure/AdventurePlayerPawn.uasset'
[2023.02.20-01.54.44:044][233]AssetCheck: New page: Asset Save: AdventurePlayerPawn
[2023.02.20-01.54.44:044][233]LogContentValidation: Display: Validating Blueprint /Game/Blueprints/Adventure/AdventurePlayerPawn.AdventurePlayerPawn
[2023.02.20-01.54.53:857][606]LogTemp: Repeating last play command: Selected Viewport
[2023.02.20-01.54.53:897][606]BlueprintLog: New page: Pre-Play auto-recompile
[2023.02.20-01.54.53:921][606]LogPlayLevel: [PlayLevel] Compiling SharedMacros before play...
[2023.02.20-01.54.53:987][606]LogPlayLevel: [PlayLevel]   Compiling Hex as a dependent...
[2023.02.20-01.54.53:989][606]LogPlayLevel: [PlayLevel]   Compiling SharedFunctions as a dependent...
[2023.02.20-01.54.53:993][606]LogPlayLevel: [PlayLevel]   Compiling AdventurePlayerPawn as a dependent...
[2023.02.20-01.54.54:000][606]LogPlayLevel: [PlayLevel]   Compiling AdventureGameMode as a dependent...
[2023.02.20-01.54.54:354][606]LogUObjectHash: Compacting FUObjectHashTables data took   4.69ms
[2023.02.20-01.54.54:356][606]LogPlayLevel: PlayLevel: Blueprint regeneration took 459 ms (5 blueprints)
[2023.02.20-01.54.54:356][606]PIE: New page: PIE session: MainMap (19 Feb 2023, 09:54:54)
[2023.02.20-01.54.54:356][606]LogPlayLevel: Creating play world package: /Game/Maps/UEDPIE_0_MainMap
[2023.02.20-01.54.54:359][606]LogPlayLevel: PIE: StaticDuplicateObject took: (0.002872s)
[2023.02.20-01.54.54:361][606]LogAIModule: Creating AISystem for world MainMap
[2023.02.20-01.54.54:361][606]LogAISub: UAISubsystem::UAISubsystem EnvQueryManager (000002039AB9C800), frame # 73606
[2023.02.20-01.54.54:361][606]LogAISub: UAISubsystem::UAISubsystem AIPerceptionSystem (00000203369D20C0), frame # 73606
[2023.02.20-01.54.54:361][606]LogPlayLevel: PIE: World Init took: (0.001826s)
[2023.02.20-01.54.54:361][606]LogPlayLevel: PIE: Created PIE world by copying editor world from /Game/Maps/MainMap.MainMap to /Game/Maps/UEDPIE_0_MainMap.MainMap (0.004895s)
[2023.02.20-01.54.54:402][606]LogUObjectHash: Compacting FUObjectHashTables data took   2.96ms
[2023.02.20-01.54.54:403][606]LogAudioMixer: Display: Audio Mixer Platform Settings:
[2023.02.20-01.54.54:403][606]LogAudioMixer: Display: 	Sample Rate:						  48000
[2023.02.20-01.54.54:403][606]LogAudioMixer: Display: 	Callback Buffer Frame Size Requested: 256
[2023.02.20-01.54.54:403][606]LogAudioMixer: Display: 	Callback Buffer Frame Size To Use:	  256
[2023.02.20-01.54.54:403][606]LogAudioMixer: Display: 	Number of buffers to queue:			  7
[2023.02.20-01.54.54:403][606]LogAudioMixer: Display: 	Max Channels (voices):				  32
[2023.02.20-01.54.54:403][606]LogAudioMixer: Display: 	Number of Async Source Workers:		  0
[2023.02.20-01.54.54:403][606]LogAudio: Display: AudioDevice MaxSources: 32
[2023.02.20-01.54.54:404][606]LogAudio: Display: Using built-in audio occlusion.
[2023.02.20-01.54.54:404][606]LogAudioMixer: Display: Initializing audio mixer.
[2023.02.20-01.54.54:410][606]LogAudioMixer: Display: 0: FrontLeft
[2023.02.20-01.54.54:410][606]LogAudioMixer: Display: 1: FrontRight
[2023.02.20-01.54.54:459][606]LogAudioMixer: Display: Using Audio Device Speakers / Headphones (Realtek Audio)
[2023.02.20-01.54.54:459][606]LogAudioMixer: Display: Initializing Sound Submixes...
[2023.02.20-01.54.54:459][606]LogAudioMixer: Display: Creating Master Submix 'MasterSubmixDefault'
[2023.02.20-01.54.54:459][606]LogAudioMixer: Display: Creating Master Submix 'MasterReverbSubmixDefault'
[2023.02.20-01.54.54:460][606]LogAudioMixer: Display: Creating Master Submix 'MasterEQSubmixDefault'
[2023.02.20-01.54.54:484][606]LogInit: FAudioDevice initialized.
[2023.02.20-01.54.54:497][606]LogLoad: Game class is 'AdventureGameMode_C'
[2023.02.20-01.54.54:500][606]LogWorld: Bringing World /Game/Maps/UEDPIE_0_MainMap.MainMap up for play (max tick rate 60) at 2023.02.19-17.54.54
[2023.02.20-01.54.54:500][606]LogWorld: Bringing up level for play took: 0.000643
[2023.02.20-01.54.54:501][606]LogOnline: OSS: Creating online subsystem instance for: :Context_12
[2023.02.20-01.54.54:552][606]PIE: Server logged in
[2023.02.20-01.54.54:553][606]PIE: Play in editor total start time 0.663 seconds.
[2023.02.20-01.55.43:732][103]LogSlate: Updating window title bar state: overlay mode, drag disabled, window buttons hidden, title bar hidden
[2023.02.20-01.55.43:732][103]LogWorld: BeginTearingDown for /Game/Maps/UEDPIE_0_MainMap
[2023.02.20-01.55.43:733][103]LogWorld: UWorld::CleanupWorld for MainMap, bSessionEnded=true, bCleanupResources=true
[2023.02.20-01.55.43:736][103]LogSlate: InvalidateAllWidgets triggered.  All widgets were invalidated
[2023.02.20-01.55.43:777][103]LogPlayLevel: Display: Shutting down PIE online subsystems
[2023.02.20-01.55.43:781][103]LogSlate: InvalidateAllWidgets triggered.  All widgets were invalidated
[2023.02.20-01.55.43:834][103]LogSlate: Updating window title bar state: overlay mode, drag disabled, window buttons hidden, title bar hidden
[2023.02.20-01.55.43:879][103]LogAISub: UAISubsystem::~UAISubsystem AIPerceptionSystem (00000203369D20C0), frame # 75103
[2023.02.20-01.55.43:879][103]LogAISub: UAISubsystem::~UAISubsystem EnvQueryManager (000002039AB9C800), frame # 75103
[2023.02.20-01.55.43:883][103]LogUObjectHash: Compacting FUObjectHashTables data took   4.01ms
[2023.02.20-01.55.43:936][104]LogPlayLevel: Display: Destroying online subsystem :Context_12
