"C:/Users/carlt/source/repos/HexAdventure/Unreal Project/HexAdventure 4.27/Content/Blueprints/Adventure/AdventurePlayerController.uasset" 0
"C:/Users/carlt/source/repos/HexAdventure/Unreal Project/HexAdventure 4.27/Content/Blueprints/Adventure/AdventurePlayerController.uexp" 1
"../../../Engine/Content/EngineMaterials/T_Default_Material_Grid_N.uasset" 2
"../../../Engine/Content/EngineMaterials/T_Default_Material_Grid_N.uexp" 3
"../../../Engine/Content/EngineMaterials/T_Default_Material_Grid_N.ubulk" 4
"../../../Engine/Content/EngineMaterials/T_Default_Material_Grid_M.uasset" 5
"../../../Engine/Content/EngineMaterials/T_Default_Material_Grid_M.uexp" 6
"../../../Engine/Content/EngineMaterials/T_Default_Material_Grid_M.ubulk" 7
"../../../Engine/Content/Functions/Engine_MaterialFunctions01/Opacity/CameraDepthFade.uasset" 8
"../../../Engine/Content/Functions/Engine_MaterialFunctions01/Opacity/CameraDepthFade.uexp" 9
"../../../Engine/Content/EngineMaterials/WorldGridMaterial.uasset" 10
"../../../Engine/Content/EngineMaterials/WorldGridMaterial.uexp" 11
"C:/Users/carlt/source/repos/HexAdventure/Unreal Project/HexAdventure 4.27/Content/Models/MODEL_Hex.uasset" 12
"C:/Users/carlt/source/repos/HexAdventure/Unreal Project/HexAdventure 4.27/Content/Models/MODEL_Hex.uexp" 13
"C:/Users/carlt/source/repos/HexAdventure/Unreal Project/HexAdventure 4.27/Content/Materials/HexBase.uasset" 14
"C:/Users/carlt/source/repos/HexAdventure/Unreal Project/HexAdventure 4.27/Content/Materials/HexBase.uexp" 15
"C:/Users/carlt/source/repos/HexAdventure/Unreal Project/HexAdventure 4.27/Content/Materials/HexMaterials/HexGreen.uasset" 16
"C:/Users/carlt/source/repos/HexAdventure/Unreal Project/HexAdventure 4.27/Content/Materials/HexMaterials/HexGreen.uexp" 17
"C:/Users/carlt/source/repos/HexAdventure/Unreal Project/HexAdventure 4.27/Content/Blueprints/Adventure/Hexes/HexTypes.uasset" 18
"C:/Users/carlt/source/repos/HexAdventure/Unreal Project/HexAdventure 4.27/Content/Blueprints/Adventure/Hexes/HexTypes.uexp" 19
"C:/Users/carlt/source/repos/HexAdventure/Unreal Project/HexAdventure 4.27/Content/Blueprints/Adventure/Hexes/HexObjects/HexObjectTypes.uasset" 20
"C:/Users/carlt/source/repos/HexAdventure/Unreal Project/HexAdventure 4.27/Content/Blueprints/Adventure/Hexes/HexObjects/HexObjectTypes.uexp" 21
"C:/Users/carlt/source/repos/HexAdventure/Unreal Project/HexAdventure 4.27/Content/Blueprints/Adventure/Hexes/HexObjects/HexObject.uasset" 22
"C:/Users/carlt/source/repos/HexAdventure/Unreal Project/HexAdventure 4.27/Content/Blueprints/Adventure/Hexes/HexObjects/HexObject.uexp" 23
"C:/Users/carlt/source/repos/HexAdventure/Unreal Project/HexAdventure 4.27/Content/Models/MODEL_Player.uasset" 24
"C:/Users/carlt/source/repos/HexAdventure/Unreal Project/HexAdventure 4.27/Content/Models/MODEL_Player.uexp" 25
"C:/Users/carlt/source/repos/HexAdventure/Unreal Project/HexAdventure 4.27/Content/Materials/PlayerMaterial.uasset" 26
"C:/Users/carlt/source/repos/HexAdventure/Unreal Project/HexAdventure 4.27/Content/Materials/PlayerMaterial.uexp" 27
"C:/Users/carlt/source/repos/HexAdventure/Unreal Project/HexAdventure 4.27/Content/Materials/PlayerMaterials/PlayerMainMaterial.uasset" 28
"C:/Users/carlt/source/repos/HexAdventure/Unreal Project/HexAdventure 4.27/Content/Materials/PlayerMaterials/PlayerMainMaterial.uexp" 29
"C:/Users/carlt/source/repos/HexAdventure/Unreal Project/HexAdventure 4.27/Content/Blueprints/Adventure/AdventurePlayerState.uasset" 30
"C:/Users/carlt/source/repos/HexAdventure/Unreal Project/HexAdventure 4.27/Content/Blueprints/Adventure/AdventurePlayerState.uexp" 31
"../../../Engine/Content/EditorBlueprintResources/StandardMacros.uasset" 32
"../../../Engine/Content/EditorBlueprintResources/StandardMacros.uexp" 33
"C:/Users/carlt/source/repos/HexAdventure/Unreal Project/HexAdventure 4.27/Content/Blueprints/Adventure/AdventureGameState.uasset" 34
"C:/Users/carlt/source/repos/HexAdventure/Unreal Project/HexAdventure 4.27/Content/Blueprints/Adventure/AdventureGameState.uexp" 35
"C:/Users/carlt/source/repos/HexAdventure/Unreal Project/HexAdventure 4.27/Content/Blueprints/SharedMacros.uasset" 36
"C:/Users/carlt/source/repos/HexAdventure/Unreal Project/HexAdventure 4.27/Content/Blueprints/SharedMacros.uexp" 37
"C:/Users/carlt/source/repos/HexAdventure/Unreal Project/HexAdventure 4.27/Content/Blueprints/SharedFunctions.uasset" 38
"C:/Users/carlt/source/repos/HexAdventure/Unreal Project/HexAdventure 4.27/Content/Blueprints/SharedFunctions.uexp" 39
"C:/Users/carlt/source/repos/HexAdventure/Unreal Project/HexAdventure 4.27/Content/UI/AdventureHUD/AdventureHUD.uasset" 40
"C:/Users/carlt/source/repos/HexAdventure/Unreal Project/HexAdventure 4.27/Content/UI/AdventureHUD/AdventureHUD.uexp" 41
"C:/Users/carlt/source/repos/HexAdventure/Unreal Project/HexAdventure 4.27/Content/Blueprints/SaveGames/HexSaveData.uasset" 42
"C:/Users/carlt/source/repos/HexAdventure/Unreal Project/HexAdventure 4.27/Content/Blueprints/SaveGames/HexSaveData.uexp" 43
"C:/Users/carlt/source/repos/HexAdventure/Unreal Project/HexAdventure 4.27/Content/Models/LeafGreen.uasset" 44
"C:/Users/carlt/source/repos/HexAdventure/Unreal Project/HexAdventure 4.27/Content/Models/LeafGreen.uexp" 45
"C:/Users/carlt/source/repos/HexAdventure/Unreal Project/HexAdventure 4.27/Content/Models/HedgeGreen.uasset" 46
"C:/Users/carlt/source/repos/HexAdventure/Unreal Project/HexAdventure 4.27/Content/Models/HedgeGreen.uexp" 47
"C:/Users/carlt/source/repos/HexAdventure/Unreal Project/HexAdventure 4.27/Content/Models/FieldYellow_004.uasset" 48
"C:/Users/carlt/source/repos/HexAdventure/Unreal Project/HexAdventure 4.27/Content/Models/FieldYellow_004.uexp" 49
"C:/Users/carlt/source/repos/HexAdventure/Unreal Project/HexAdventure 4.27/Content/Models/FieldYellow_003.uasset" 50
"C:/Users/carlt/source/repos/HexAdventure/Unreal Project/HexAdventure 4.27/Content/Models/FieldYellow_003.uexp" 51
"C:/Users/carlt/source/repos/HexAdventure/Unreal Project/HexAdventure 4.27/Content/Models/FieldYellow_002.uasset" 52
"C:/Users/carlt/source/repos/HexAdventure/Unreal Project/HexAdventure 4.27/Content/Models/FieldYellow_002.uexp" 53
"C:/Users/carlt/source/repos/HexAdventure/Unreal Project/HexAdventure 4.27/Content/Models/FieldYellow_001.uasset" 54
"C:/Users/carlt/source/repos/HexAdventure/Unreal Project/HexAdventure 4.27/Content/Models/FieldYellow_001.uexp" 55
"C:/Users/carlt/source/repos/HexAdventure/Unreal Project/HexAdventure 4.27/Content/Models/FieldYellow.uasset" 56
"C:/Users/carlt/source/repos/HexAdventure/Unreal Project/HexAdventure 4.27/Content/Models/FieldYellow.uexp" 57
"C:/Users/carlt/source/repos/HexAdventure/Unreal Project/HexAdventure 4.27/Content/Models/FenceBrown.uasset" 58
"C:/Users/carlt/source/repos/HexAdventure/Unreal Project/HexAdventure 4.27/Content/Models/FenceBrown.uexp" 59
"C:/Users/carlt/source/repos/HexAdventure/Unreal Project/HexAdventure 4.27/Content/Models/BarkBrown.uasset" 60
"C:/Users/carlt/source/repos/HexAdventure/Unreal Project/HexAdventure 4.27/Content/Models/BarkBrown.uexp" 61
"C:/Users/carlt/source/repos/HexAdventure/Unreal Project/HexAdventure 4.27/Content/Models/MODEL_Fields.uasset" 62
"C:/Users/carlt/source/repos/HexAdventure/Unreal Project/HexAdventure 4.27/Content/Models/MODEL_Fields.uexp" 63
"C:/Users/carlt/source/repos/HexAdventure/Unreal Project/HexAdventure 4.27/Content/Materials/HexMaterials/HexLightGreen.uasset" 64
"C:/Users/carlt/source/repos/HexAdventure/Unreal Project/HexAdventure 4.27/Content/Materials/HexMaterials/HexLightGreen.uexp" 65
"C:/Users/carlt/source/repos/HexAdventure/Unreal Project/HexAdventure 4.27/Content/Blueprints/Adventure/Hexes/GrassHex.uasset" 66
"C:/Users/carlt/source/repos/HexAdventure/Unreal Project/HexAdventure 4.27/Content/Blueprints/Adventure/Hexes/GrassHex.uexp" 67
"C:/Users/carlt/source/repos/HexAdventure/Unreal Project/HexAdventure 4.27/Content/Blueprints/Adventure/Hexes/GrassHexes/FieldHex.uasset" 68
"C:/Users/carlt/source/repos/HexAdventure/Unreal Project/HexAdventure 4.27/Content/Blueprints/Adventure/Hexes/GrassHexes/FieldHex.uexp" 69
"C:/Users/carlt/source/repos/HexAdventure/Unreal Project/HexAdventure 4.27/Content/Blueprints/Adventure/Hexes/HexTypeDetails.uasset" 70
"C:/Users/carlt/source/repos/HexAdventure/Unreal Project/HexAdventure 4.27/Content/Blueprints/Adventure/Hexes/HexTypeDetails.uexp" 71
"C:/Users/carlt/source/repos/HexAdventure/Unreal Project/HexAdventure 4.27/Content/Blueprints/Adventure/Hexes/HexObjects/HexObjectDetails.uasset" 72
"C:/Users/carlt/source/repos/HexAdventure/Unreal Project/HexAdventure 4.27/Content/Blueprints/Adventure/Hexes/HexObjects/HexObjectDetails.uexp" 73
"C:/Users/carlt/source/repos/HexAdventure/Unreal Project/HexAdventure 4.27/Content/Materials/HexMaterials/HexLightBlue.uasset" 74
"C:/Users/carlt/source/repos/HexAdventure/Unreal Project/HexAdventure 4.27/Content/Materials/HexMaterials/HexLightBlue.uexp" 75
"C:/Users/carlt/source/repos/HexAdventure/Unreal Project/HexAdventure 4.27/Content/Blueprints/Adventure/Hexes/HexObjects/HexRiver.uasset" 76
"C:/Users/carlt/source/repos/HexAdventure/Unreal Project/HexAdventure 4.27/Content/Blueprints/Adventure/Hexes/HexObjects/HexRiver.uexp" 77
"C:/Users/carlt/source/repos/HexAdventure/Unreal Project/HexAdventure 4.27/Content/Materials/HexMaterials/HexBlue.uasset" 78
"C:/Users/carlt/source/repos/HexAdventure/Unreal Project/HexAdventure 4.27/Content/Materials/HexMaterials/HexBlue.uexp" 79
"C:/Users/carlt/source/repos/HexAdventure/Unreal Project/HexAdventure 4.27/Content/Blueprints/Adventure/Hexes/WaterHex.uasset" 80
"C:/Users/carlt/source/repos/HexAdventure/Unreal Project/HexAdventure 4.27/Content/Blueprints/Adventure/Hexes/WaterHex.uexp" 81
"C:/Users/carlt/source/repos/HexAdventure/Unreal Project/HexAdventure 4.27/Content/Blueprints/Adventure/Hexes/WaterHexes/RiverHex.uasset" 82
"C:/Users/carlt/source/repos/HexAdventure/Unreal Project/HexAdventure 4.27/Content/Blueprints/Adventure/Hexes/WaterHexes/RiverHex.uexp" 83
"C:/Users/carlt/source/repos/HexAdventure/Unreal Project/HexAdventure 4.27/Content/Materials/HexMaterials/HexDarkBlue.uasset" 84
"C:/Users/carlt/source/repos/HexAdventure/Unreal Project/HexAdventure 4.27/Content/Materials/HexMaterials/HexDarkBlue.uexp" 85
"C:/Users/carlt/source/repos/HexAdventure/Unreal Project/HexAdventure 4.27/Content/Blueprints/Adventure/Hexes/HexObjects/HexOcean.uasset" 86
"C:/Users/carlt/source/repos/HexAdventure/Unreal Project/HexAdventure 4.27/Content/Blueprints/Adventure/Hexes/HexObjects/HexOcean.uexp" 87
"C:/Users/carlt/source/repos/HexAdventure/Unreal Project/HexAdventure 4.27/Content/Blueprints/Adventure/Hexes/WaterHexes/OceanHex.uasset" 88
"C:/Users/carlt/source/repos/HexAdventure/Unreal Project/HexAdventure 4.27/Content/Blueprints/Adventure/Hexes/WaterHexes/OceanHex.uexp" 89
"C:/Users/carlt/source/repos/HexAdventure/Unreal Project/HexAdventure 4.27/Content/Blueprints/Adventure/Hexes/WaterHexes/LakeHex.uasset" 90
"C:/Users/carlt/source/repos/HexAdventure/Unreal Project/HexAdventure 4.27/Content/Blueprints/Adventure/Hexes/WaterHexes/LakeHex.uexp" 91
"C:/Users/carlt/source/repos/HexAdventure/Unreal Project/HexAdventure 4.27/Content/Models/SnowyMountainMaterialImage.uasset" 92
"C:/Users/carlt/source/repos/HexAdventure/Unreal Project/HexAdventure 4.27/Content/Models/SnowyMountainMaterialImage.uexp" 93
"C:/Users/carlt/source/repos/HexAdventure/Unreal Project/HexAdventure 4.27/Content/Models/SnowyMountainMaterialImage.ubulk" 94
"C:/Users/carlt/source/repos/HexAdventure/Unreal Project/HexAdventure 4.27/Content/Models/SnowyMountain.uasset" 95
"C:/Users/carlt/source/repos/HexAdventure/Unreal Project/HexAdventure 4.27/Content/Models/SnowyMountain.uexp" 96
"C:/Users/carlt/source/repos/HexAdventure/Unreal Project/HexAdventure 4.27/Content/Models/MODEL_Mountains.uasset" 97
"C:/Users/carlt/source/repos/HexAdventure/Unreal Project/HexAdventure 4.27/Content/Models/MODEL_Mountains.uexp" 98
"C:/Users/carlt/source/repos/HexAdventure/Unreal Project/HexAdventure 4.27/Content/Materials/HexMaterials/HexGrey.uasset" 99
"C:/Users/carlt/source/repos/HexAdventure/Unreal Project/HexAdventure 4.27/Content/Materials/HexMaterials/HexGrey.uexp" 100
"C:/Users/carlt/source/repos/HexAdventure/Unreal Project/HexAdventure 4.27/Content/Blueprints/Adventure/Hexes/StoneHex.uasset" 101
"C:/Users/carlt/source/repos/HexAdventure/Unreal Project/HexAdventure 4.27/Content/Blueprints/Adventure/Hexes/StoneHex.uexp" 102
"C:/Users/carlt/source/repos/HexAdventure/Unreal Project/HexAdventure 4.27/Content/Blueprints/Adventure/Hexes/StoneHexes/MountainHex.uasset" 103
"C:/Users/carlt/source/repos/HexAdventure/Unreal Project/HexAdventure 4.27/Content/Blueprints/Adventure/Hexes/StoneHexes/MountainHex.uexp" 104
"C:/Users/carlt/source/repos/HexAdventure/Unreal Project/HexAdventure 4.27/Content/Models/RockGrey.uasset" 105
"C:/Users/carlt/source/repos/HexAdventure/Unreal Project/HexAdventure 4.27/Content/Models/RockGrey.uexp" 106
"C:/Users/carlt/source/repos/HexAdventure/Unreal Project/HexAdventure 4.27/Content/Models/MODEL_Hills.uasset" 107
"C:/Users/carlt/source/repos/HexAdventure/Unreal Project/HexAdventure 4.27/Content/Models/MODEL_Hills.uexp" 108
"C:/Users/carlt/source/repos/HexAdventure/Unreal Project/HexAdventure 4.27/Content/Materials/HexMaterials/HexLightGrey.uasset" 109
"C:/Users/carlt/source/repos/HexAdventure/Unreal Project/HexAdventure 4.27/Content/Materials/HexMaterials/HexLightGrey.uexp" 110
"C:/Users/carlt/source/repos/HexAdventure/Unreal Project/HexAdventure 4.27/Content/Blueprints/Adventure/Hexes/StoneHexes/HillsHex.uasset" 111
"C:/Users/carlt/source/repos/HexAdventure/Unreal Project/HexAdventure 4.27/Content/Blueprints/Adventure/Hexes/StoneHexes/HillsHex.uexp" 112
"C:/Users/carlt/source/repos/HexAdventure/Unreal Project/HexAdventure 4.27/Content/Models/MODEL_Caves.uasset" 113
"C:/Users/carlt/source/repos/HexAdventure/Unreal Project/HexAdventure 4.27/Content/Models/MODEL_Caves.uexp" 114
"C:/Users/carlt/source/repos/HexAdventure/Unreal Project/HexAdventure 4.27/Content/Materials/HexMaterials/HexDarkGrey.uasset" 115
"C:/Users/carlt/source/repos/HexAdventure/Unreal Project/HexAdventure 4.27/Content/Materials/HexMaterials/HexDarkGrey.uexp" 116
"C:/Users/carlt/source/repos/HexAdventure/Unreal Project/HexAdventure 4.27/Content/Blueprints/Adventure/Hexes/StoneHexes/CavesHex.uasset" 117
"C:/Users/carlt/source/repos/HexAdventure/Unreal Project/HexAdventure 4.27/Content/Blueprints/Adventure/Hexes/StoneHexes/CavesHex.uexp" 118
"C:/Users/carlt/source/repos/HexAdventure/Unreal Project/HexAdventure 4.27/Content/Models/WaterBlue.uasset" 119
"C:/Users/carlt/source/repos/HexAdventure/Unreal Project/HexAdventure 4.27/Content/Models/WaterBlue.uexp" 120
"C:/Users/carlt/source/repos/HexAdventure/Unreal Project/HexAdventure 4.27/Content/Models/PineGreen.uasset" 121
"C:/Users/carlt/source/repos/HexAdventure/Unreal Project/HexAdventure 4.27/Content/Models/PineGreen.uexp" 122
"C:/Users/carlt/source/repos/HexAdventure/Unreal Project/HexAdventure 4.27/Content/Models/MODEL_Meadow.uasset" 123
"C:/Users/carlt/source/repos/HexAdventure/Unreal Project/HexAdventure 4.27/Content/Models/MODEL_Meadow.uexp" 124
"C:/Users/carlt/source/repos/HexAdventure/Unreal Project/HexAdventure 4.27/Content/Blueprints/Adventure/Hexes/GrassHexes/MeadowHex.uasset" 125
"C:/Users/carlt/source/repos/HexAdventure/Unreal Project/HexAdventure 4.27/Content/Blueprints/Adventure/Hexes/GrassHexes/MeadowHex.uexp" 126
"C:/Users/carlt/source/repos/HexAdventure/Unreal Project/HexAdventure 4.27/Content/Models/MODEL_PineTrees.uasset" 127
"C:/Users/carlt/source/repos/HexAdventure/Unreal Project/HexAdventure 4.27/Content/Models/MODEL_PineTrees.uexp" 128
"C:/Users/carlt/source/repos/HexAdventure/Unreal Project/HexAdventure 4.27/Content/Materials/HexMaterials/HexDarkGreen.uasset" 129
"C:/Users/carlt/source/repos/HexAdventure/Unreal Project/HexAdventure 4.27/Content/Materials/HexMaterials/HexDarkGreen.uexp" 130
"C:/Users/carlt/source/repos/HexAdventure/Unreal Project/HexAdventure 4.27/Content/Blueprints/Adventure/Hexes/GrassHexes/ForestHex.uasset" 131
"C:/Users/carlt/source/repos/HexAdventure/Unreal Project/HexAdventure 4.27/Content/Blueprints/Adventure/Hexes/GrassHexes/ForestHex.uexp" 132
"C:/Users/carlt/source/repos/HexAdventure/Unreal Project/HexAdventure 4.27/Content/Blueprints/Adventure/Hexes/HexTypesData.uasset" 133
"C:/Users/carlt/source/repos/HexAdventure/Unreal Project/HexAdventure 4.27/Content/Blueprints/Adventure/Hexes/HexTypesData.uexp" 134
"C:/Users/carlt/source/repos/HexAdventure/Unreal Project/HexAdventure 4.27/Content/Blueprints/SaveGames/PlayerSaveData.uasset" 135
"C:/Users/carlt/source/repos/HexAdventure/Unreal Project/HexAdventure 4.27/Content/Blueprints/SaveGames/PlayerSaveData.uexp" 136
"C:/Users/carlt/source/repos/HexAdventure/Unreal Project/HexAdventure 4.27/Content/Blueprints/SaveGames/MapSaveData.uasset" 137
"C:/Users/carlt/source/repos/HexAdventure/Unreal Project/HexAdventure 4.27/Content/Blueprints/SaveGames/MapSaveData.uexp" 138
"C:/Users/carlt/source/repos/HexAdventure/Unreal Project/HexAdventure 4.27/Content/Blueprints/SaveGames/GameSaveData.uasset" 139
"C:/Users/carlt/source/repos/HexAdventure/Unreal Project/HexAdventure 4.27/Content/Blueprints/SaveGames/GameSaveData.uexp" 140
"C:/Users/carlt/source/repos/HexAdventure/Unreal Project/HexAdventure 4.27/Content/Blueprints/SaveGames/AdventureSaveGame.uasset" 141
"C:/Users/carlt/source/repos/HexAdventure/Unreal Project/HexAdventure 4.27/Content/Blueprints/SaveGames/AdventureSaveGame.uexp" 142
"C:/Users/carlt/source/repos/HexAdventure/Unreal Project/HexAdventure 4.27/Content/Blueprints/Adventure/Hexes/HexObjects/HexObjects.uasset" 143
"C:/Users/carlt/source/repos/HexAdventure/Unreal Project/HexAdventure 4.27/Content/Blueprints/Adventure/Hexes/HexObjects/HexObjects.uexp" 144
"C:/Users/carlt/source/repos/HexAdventure/Unreal Project/HexAdventure 4.27/Content/Blueprints/Adventure/AdventureHUD.uasset" 145
"C:/Users/carlt/source/repos/HexAdventure/Unreal Project/HexAdventure 4.27/Content/Blueprints/Adventure/AdventureHUD.uexp" 146
"C:/Users/carlt/source/repos/HexAdventure/Unreal Project/HexAdventure 4.27/Content/Blueprints/HexAdventureGameInstance.uasset" 147
"C:/Users/carlt/source/repos/HexAdventure/Unreal Project/HexAdventure 4.27/Content/Blueprints/HexAdventureGameInstance.uexp" 148
"C:/Users/carlt/source/repos/HexAdventure/Unreal Project/HexAdventure 4.27/Content/Blueprints/Adventure/AdventureGameMode.uasset" 149
"C:/Users/carlt/source/repos/HexAdventure/Unreal Project/HexAdventure 4.27/Content/Blueprints/Adventure/AdventureGameMode.uexp" 150
"C:/Users/carlt/source/repos/HexAdventure/Unreal Project/HexAdventure 4.27/Content/Blueprints/Adventure/AdventurePlayerPawn.uasset" 151
"C:/Users/carlt/source/repos/HexAdventure/Unreal Project/HexAdventure 4.27/Content/Blueprints/Adventure/AdventurePlayerPawn.uexp" 152
"C:/Users/carlt/source/repos/HexAdventure/Unreal Project/HexAdventure 4.27/Content/Blueprints/Adventure/Hexes/Hex.uasset" 153
"C:/Users/carlt/source/repos/HexAdventure/Unreal Project/HexAdventure 4.27/Content/Blueprints/Adventure/Hexes/Hex.uexp" 154
"C:/Users/carlt/source/repos/HexAdventure/Unreal Project/HexAdventure 4.27/Content/Blueprints/Adventure/Hexes/ArrayHexes.uasset" 155
"C:/Users/carlt/source/repos/HexAdventure/Unreal Project/HexAdventure 4.27/Content/Blueprints/Adventure/Hexes/ArrayHexes.uexp" 156
"C:/Users/carlt/source/repos/HexAdventure/Unreal Project/HexAdventure 4.27/Content/Models/GrassGreen.uasset" 157
"C:/Users/carlt/source/repos/HexAdventure/Unreal Project/HexAdventure 4.27/Content/Models/GrassGreen.uexp" 158
"C:/Users/carlt/source/repos/HexAdventure/Unreal Project/HexAdventure 4.27/Content/Models/HEX_GRASS_FIELD_CENTRE.uasset" 159
"C:/Users/carlt/source/repos/HexAdventure/Unreal Project/HexAdventure 4.27/Content/Models/HEX_GRASS_FIELD_CENTRE.uexp" 160
"../../../Engine/Content/ArtTools/RenderToTexture/Meshes/S_1_Unit_Plane.uasset" 161
"../../../Engine/Content/ArtTools/RenderToTexture/Meshes/S_1_Unit_Plane.uexp" 162
"../../../Engine/Content/EngineMaterials/DefaultMaterial.uasset" 163
"../../../Engine/Content/EngineMaterials/DefaultMaterial.uexp" 164
"../../../Engine/Content/BasicShapes/Cone.uasset" 165
"../../../Engine/Content/BasicShapes/Cone.uexp" 166
"../../../Engine/Content/BasicShapes/Cube.uasset" 167
"../../../Engine/Content/BasicShapes/Cube.uexp" 168
"../../../Engine/Content/BasicShapes/Plane.uasset" 169
"../../../Engine/Content/BasicShapes/Plane.uexp" 170
"../../../Engine/Content/BasicShapes/Sphere.uasset" 171
"../../../Engine/Content/BasicShapes/Sphere.uexp" 172
"../../../Engine/Content/EditorLandscapeResources/DataLayer.uasset" 173
"../../../Engine/Content/EditorLandscapeResources/DataLayer.uexp" 174
"../../../Engine/Content/EditorLandscapeResources/DefaultAlphaTexture.uasset" 175
"../../../Engine/Content/EditorLandscapeResources/DefaultAlphaTexture.uexp" 176
"../../../Engine/Content/EditorMaterials/MAT_Groups_Toggle.uasset" 177
"../../../Engine/Content/EditorMaterials/MAT_Groups_Toggle.uexp" 178
"../../../Engine/Content/EditorMaterials/MAT_Groups_Visibility.uasset" 179
"../../../Engine/Content/EditorMaterials/MAT_Groups_Visibility.uexp" 180
"../../../Engine/Content/EditorMaterials/PreviewShadowIndicator.uasset" 181
"../../../Engine/Content/EditorMaterials/PreviewShadowIndicator.uexp" 182
"../../../Engine/Content/EditorMaterials/PreviewShadowIndicator.ubulk" 183
"../../../Engine/Content/EditorMaterials/PreviewShadowIndicatorMaterial.uasset" 184
"../../../Engine/Content/EditorMaterials/PreviewShadowIndicatorMaterial.uexp" 185
"../../../Engine/Content/EditorMaterials/MatineeGroups/MAT_ColorTrack.uasset" 186
"../../../Engine/Content/EditorMaterials/MatineeGroups/MAT_ColorTrack.uexp" 187
"../../../Engine/Content/EditorMaterials/MatineeGroups/MAT_Groups_Anim.uasset" 188
"../../../Engine/Content/EditorMaterials/MatineeGroups/MAT_Groups_Anim.uexp" 189
"../../../Engine/Content/EditorMaterials/MatineeGroups/MAT_Groups_AudioMaster.uasset" 190
"../../../Engine/Content/EditorMaterials/MatineeGroups/MAT_Groups_AudioMaster.uexp" 191
"../../../Engine/Content/EditorMaterials/MatineeGroups/MAT_Groups_Director.uasset" 192
"../../../Engine/Content/EditorMaterials/MatineeGroups/MAT_Groups_Director.uexp" 193
"../../../Engine/Content/EditorMaterials/MatineeGroups/MAT_Groups_Event.uasset" 194
"../../../Engine/Content/EditorMaterials/MatineeGroups/MAT_Groups_Event.uexp" 195
"../../../Engine/Content/EditorMaterials/MatineeGroups/MAT_Groups_Fade.uasset" 196
"../../../Engine/Content/EditorMaterials/MatineeGroups/MAT_Groups_Fade.uexp" 197
"../../../Engine/Content/EditorMaterials/MatineeGroups/MAT_Groups_Float.uasset" 198
"../../../Engine/Content/EditorMaterials/MatineeGroups/MAT_Groups_Float.uexp" 199
"../../../Engine/Content/EditorMaterials/MatineeGroups/MAT_Groups_Move.uasset" 200
"../../../Engine/Content/EditorMaterials/MatineeGroups/MAT_Groups_Move.uexp" 201
"../../../Engine/Content/EditorMaterials/MatineeGroups/MAT_Groups_Slomo.uasset" 202
"../../../Engine/Content/EditorMaterials/MatineeGroups/MAT_Groups_Slomo.uexp" 203
"../../../Engine/Content/EditorMaterials/MatineeGroups/MAT_Groups_Sound.uasset" 204
"../../../Engine/Content/EditorMaterials/MatineeGroups/MAT_Groups_Sound.uexp" 205
"../../../Engine/Content/EditorMaterials/MatineeGroups/MAT_Groups_Vector.uasset" 206
"../../../Engine/Content/EditorMaterials/MatineeGroups/MAT_Groups_Vector.uexp" 207
"../../../Engine/Content/EditorMaterials/ParticleSystems/PSysThumbnail_NoImage.uasset" 208
"../../../Engine/Content/EditorMaterials/ParticleSystems/PSysThumbnail_NoImage.uexp" 209
"../../../Engine/Content/EditorMaterials/ParticleSystems/PSysThumbnail_NoImage.ubulk" 210
"../../../Engine/Content/EditorMaterials/ParticleSystems/PSysThumbnail_OOD.uasset" 211
"../../../Engine/Content/EditorMaterials/ParticleSystems/PSysThumbnail_OOD.uexp" 212
"../../../Engine/Content/EditorMaterials/ParticleSystems/PSysThumbnail_OOD.ubulk" 213
"../../../Engine/Content/EditorMaterials/Camera/CineMat.uasset" 214
"../../../Engine/Content/EditorMaterials/Camera/CineMat.uexp" 215
"../../../Engine/Content/EditorMaterials/Camera/MI_CineMat_Rig.uasset" 216
"../../../Engine/Content/EditorMaterials/Camera/MI_CineMat_Rig.uexp" 217
"../../../Engine/Content/EditorMeshes/Camera/SM_CraneRig_Arm.uasset" 218
"../../../Engine/Content/EditorMeshes/Camera/SM_CraneRig_Arm.uexp" 219
"../../../Engine/Content/EditorMeshes/Camera/SM_CraneRig_Base.uasset" 220
"../../../Engine/Content/EditorMeshes/Camera/SM_CraneRig_Base.uexp" 221
"../../../Engine/Content/EditorMeshes/Camera/SM_CraneRig_Body.uasset" 222
"../../../Engine/Content/EditorMeshes/Camera/SM_CraneRig_Body.uexp" 223
"../../../Engine/Content/EditorMeshes/Camera/SM_CraneRig_Mount.uasset" 224
"../../../Engine/Content/EditorMeshes/Camera/SM_CraneRig_Mount.uexp" 225
"../../../Engine/Content/EditorMeshes/Camera/SM_RailRig_Mount.uasset" 226
"../../../Engine/Content/EditorMeshes/Camera/SM_RailRig_Mount.uexp" 227
"../../../Engine/Content/EditorMeshes/Camera/SM_RailRig_Track.uasset" 228
"../../../Engine/Content/EditorMeshes/Camera/SM_RailRig_Track.uexp" 229
"../../../Engine/Content/EditorResources/BSPVertex.uasset" 230
"../../../Engine/Content/EditorResources/BSPVertex.uexp" 231
"../../../Engine/Content/EditorResources/EmptyActor.uasset" 232
"../../../Engine/Content/EditorResources/EmptyActor.uexp" 233
"../../../Engine/Content/EditorResources/S_Actor.uasset" 234
"../../../Engine/Content/EditorResources/S_Actor.uexp" 235
"../../../Engine/Content/EditorResources/S_Actor.ubulk" 236
"../../../Engine/Content/EditorResources/S_Note.uasset" 237
"../../../Engine/Content/EditorResources/S_Note.uexp" 238
"../../../Engine/Content/EditorResources/S_Note.ubulk" 239
"../../../Engine/Content/EditorResources/S_Solver.uasset" 240
"../../../Engine/Content/EditorResources/S_Solver.uexp" 241
"../../../Engine/Content/EditorResources/S_Solver.ubulk" 242
"../../../Engine/Content/EditorResources/S_Terrain.uasset" 243
"../../../Engine/Content/EditorResources/S_Terrain.uexp" 244
"../../../Engine/Content/EditorResources/S_Terrain.ubulk" 245
"../../../Engine/Content/EditorResources/S_Trigger.uasset" 246
"../../../Engine/Content/EditorResources/S_Trigger.uexp" 247
"../../../Engine/Content/EditorResources/S_Trigger.ubulk" 248
"../../../Engine/Content/EditorResources/LightIcons/S_LightError.uasset" 249
"../../../Engine/Content/EditorResources/LightIcons/S_LightError.uexp" 250
"../../../Engine/Content/EditorResources/SequenceRecorder/Countdown.uasset" 251
"../../../Engine/Content/EditorResources/SequenceRecorder/Countdown.uexp" 252
"../../../Engine/Content/EditorResources/SequenceRecorder/RecordingIndicator.uasset" 253
"../../../Engine/Content/EditorResources/SequenceRecorder/RecordingIndicator.uexp" 254
"../../../Engine/Content/EngineDamageTypes/DmgTypeBP_Environmental.uasset" 255
"../../../Engine/Content/EngineDamageTypes/DmgTypeBP_Environmental.uexp" 256
"../../../Engine/Content/EngineDebugMaterials/DebugEditorMaterial.uasset" 257
"../../../Engine/Content/EngineDebugMaterials/DebugEditorMaterial.uexp" 258
"../../../Engine/Content/EngineDebugMaterials/DebugMeshMaterial.uasset" 259
"../../../Engine/Content/EngineDebugMaterials/DebugMeshMaterial.uexp" 260
"../../../Engine/Content/EngineDebugMaterials/M_SimpleUnlitTranslucent.uasset" 261
"../../../Engine/Content/EngineDebugMaterials/M_SimpleUnlitTranslucent.uexp" 262
"../../../Engine/Content/EngineDebugMaterials/VolumeToRender.uasset" 263
"../../../Engine/Content/EngineDebugMaterials/VolumeToRender.uexp" 264
"../../../Engine/Content/Functions/Engine_MaterialFunctions02/Utility/CameraDirectionVector.uasset" 265
"../../../Engine/Content/Functions/Engine_MaterialFunctions02/Utility/CameraDirectionVector.uexp" 266
"../../../Engine/Content/EngineDebugMaterials/M_VolumeRenderSphereTracePP.uasset" 267
"../../../Engine/Content/EngineDebugMaterials/M_VolumeRenderSphereTracePP.uexp" 268
"../../../Engine/Content/Functions/Engine_MaterialFunctions01/Shading/ConvertFromDiffSpec.uasset" 269
"../../../Engine/Content/Functions/Engine_MaterialFunctions01/Shading/ConvertFromDiffSpec.uexp" 270
"../../../Engine/Content/EngineDebugMaterials/VertexColorMaterial.uasset" 271
"../../../Engine/Content/EngineDebugMaterials/VertexColorMaterial.uexp" 272
"../../../Engine/Content/EngineDebugMaterials/WireframeMaterial.uasset" 273
"../../../Engine/Content/EngineDebugMaterials/WireframeMaterial.uexp" 274
"../../../Engine/Content/EngineFonts/Faces/RobotoRegular.uasset" 275
"../../../Engine/Content/EngineFonts/Faces/RobotoRegular.uexp" 276
"../../../Engine/Content/EngineFonts/Faces/RobotoRegular.ufont" 277
"../../../Engine/Content/EngineFonts/Faces/RobotoLight.uasset" 278
"../../../Engine/Content/EngineFonts/Faces/RobotoLight.uexp" 279
"../../../Engine/Content/EngineFonts/Faces/RobotoLight.ufont" 280
"../../../Engine/Content/EngineFonts/Faces/RobotoItalic.uasset" 281
"../../../Engine/Content/EngineFonts/Faces/RobotoItalic.uexp" 282
"../../../Engine/Content/EngineFonts/Faces/RobotoItalic.ufont" 283
"../../../Engine/Content/EngineFonts/Faces/RobotoBoldItalic.uasset" 284
"../../../Engine/Content/EngineFonts/Faces/RobotoBoldItalic.uexp" 285
"../../../Engine/Content/EngineFonts/Faces/RobotoBoldItalic.ufont" 286
"../../../Engine/Content/EngineFonts/Faces/RobotoBold.uasset" 287
"../../../Engine/Content/EngineFonts/Faces/RobotoBold.uexp" 288
"../../../Engine/Content/EngineFonts/Faces/RobotoBold.ufont" 289
"../../../Engine/Content/EngineFonts/Faces/DroidSansFallback.uasset" 290
"../../../Engine/Content/EngineFonts/Faces/DroidSansFallback.uexp" 291
"../../../Engine/Content/EngineFonts/Faces/DroidSansFallback.ufont" 292
"../../../Engine/Content/EngineFonts/Roboto.uasset" 293
"../../../Engine/Content/EngineFonts/Roboto.uexp" 294
"../../../Engine/Content/EngineMaterials/BaseFlattenNormalMap.uasset" 295
"../../../Engine/Content/EngineMaterials/BaseFlattenNormalMap.uexp" 296
"../../../Engine/Content/EngineMaterials/BaseFlattenGrayscaleMap.uasset" 297
"../../../Engine/Content/EngineMaterials/BaseFlattenGrayscaleMap.uexp" 298
"../../../Engine/Content/EngineMaterials/BaseFlattenEmissiveMap.uasset" 299
"../../../Engine/Content/EngineMaterials/BaseFlattenEmissiveMap.uexp" 300
"../../../Engine/Content/EngineMaterials/BaseFlattenDiffuseMap.uasset" 301
"../../../Engine/Content/EngineMaterials/BaseFlattenDiffuseMap.uexp" 302
"../../../Engine/Content/EngineMaterials/BaseFlattenMaterial.uasset" 303
"../../../Engine/Content/EngineMaterials/BaseFlattenMaterial.uexp" 304
"../../../Engine/Content/EngineMaterials/BlueNoise.uasset" 305
"../../../Engine/Content/EngineMaterials/BlueNoise.uexp" 306
"../../../Engine/Content/EngineMaterials/DefaultBloomKernel.uasset" 307
"../../../Engine/Content/EngineMaterials/DefaultBloomKernel.uexp" 308
"../../../Engine/Content/EngineMaterials/DefaultBokeh.uasset" 309
"../../../Engine/Content/EngineMaterials/DefaultBokeh.uexp" 310
"../../../Engine/Content/EngineMaterials/DefaultDiffuse.uasset" 311
"../../../Engine/Content/EngineMaterials/DefaultDiffuse.uexp" 312
"../../../Engine/Content/EngineMaterials/DefaultDiffuse.ubulk" 313
"../../../Engine/Content/EngineMaterials/DefaultDeferredDecalMaterial.uasset" 314
"../../../Engine/Content/EngineMaterials/DefaultDeferredDecalMaterial.uexp" 315
"../../../Engine/Content/EngineMaterials/DefaultLightFunctionMaterial.uasset" 316
"../../../Engine/Content/EngineMaterials/DefaultLightFunctionMaterial.uexp" 317
"../../../Engine/Content/EngineMaterials/DefaultPhysicalMaterial.uasset" 318
"../../../Engine/Content/EngineMaterials/DefaultPhysicalMaterial.uexp" 319
"../../../Engine/Content/Functions/Engine_MaterialFunctions02/Utility/BreakOutFloat2Components.uasset" 320
"../../../Engine/Content/Functions/Engine_MaterialFunctions02/Utility/BreakOutFloat2Components.uexp" 321
"../../../Engine/Content/EngineMaterials/DefaultPostProcessMaterial.uasset" 322
"../../../Engine/Content/EngineMaterials/DefaultPostProcessMaterial.uexp" 323
"../../../Engine/Content/EngineFonts/RobotoDistanceField.uasset" 324
"../../../Engine/Content/EngineFonts/RobotoDistanceField.uexp" 325
"../../../Engine/Content/EngineMaterials/DefaultTextMaterialOpaque.uasset" 326
"../../../Engine/Content/EngineMaterials/DefaultTextMaterialOpaque.uexp" 327
"../../../Engine/Content/EngineMaterials/DefaultWhiteGrid.uasset" 328
"../../../Engine/Content/EngineMaterials/DefaultWhiteGrid.uexp" 329
"../../../Engine/Content/EngineMaterials/DefaultWhiteGrid.ubulk" 330
"../../../Engine/Content/EngineMaterials/DefaultWhiteGrid_Low.uasset" 331
"../../../Engine/Content/EngineMaterials/DefaultWhiteGrid_Low.uexp" 332
"../../../Engine/Content/EngineMaterials/EmissiveMeshMaterial.uasset" 333
"../../../Engine/Content/EngineMaterials/EmissiveMeshMaterial.uexp" 334
"../../../Engine/Content/EngineMaterials/GizmoMaterial.uasset" 335
"../../../Engine/Content/EngineMaterials/GizmoMaterial.uexp" 336
"../../../Engine/Content/EngineMaterials/Good64x64TilingNoiseHighFreq.uasset" 337
"../../../Engine/Content/EngineMaterials/Good64x64TilingNoiseHighFreq.uexp" 338
"../../../Engine/Content/EngineMaterials/MiniFont.uasset" 339
"../../../Engine/Content/EngineMaterials/MiniFont.uexp" 340
"../../../Engine/Content/EngineMaterials/InvalidLightmapSettings.uasset" 341
"../../../Engine/Content/EngineMaterials/InvalidLightmapSettings.uexp" 342
"../../../Engine/Content/EngineMaterials/InvalidLightmapSettings.ubulk" 343
"../../../Engine/Content/EngineMaterials/M_InvalidLightmapSettings.uasset" 344
"../../../Engine/Content/EngineMaterials/M_InvalidLightmapSettings.uexp" 345
"../../../Engine/Content/Functions/Engine_MaterialFunctions02/WorldPositionOffset/CameraOffset.uasset" 346
"../../../Engine/Content/Functions/Engine_MaterialFunctions02/WorldPositionOffset/CameraOffset.uexp" 347
"../../../Engine/Content/EngineMaterials/PhAT_JointLimitMaterial.uasset" 348
"../../../Engine/Content/EngineMaterials/PhAT_JointLimitMaterial.uexp" 349
"../../../Engine/Content/EngineMaterials/DefaultCalibrationColor.uasset" 350
"../../../Engine/Content/EngineMaterials/DefaultCalibrationColor.uexp" 351
"../../../Engine/Content/EngineMaterials/PPM_DefaultCalibrationColor.uasset" 352
"../../../Engine/Content/EngineMaterials/PPM_DefaultCalibrationColor.uexp" 353
"../../../Engine/Content/EngineMaterials/DefaultCalibrationGrayscale.uasset" 354
"../../../Engine/Content/EngineMaterials/DefaultCalibrationGrayscale.uexp" 355
"../../../Engine/Content/EngineMaterials/PPM_DefaultCalibrationGrayscale.uasset" 356
"../../../Engine/Content/EngineMaterials/PPM_DefaultCalibrationGrayscale.uexp" 357
"../../../Engine/Content/EngineMaterials/PreintegratedSkinBRDF.uasset" 358
"../../../Engine/Content/EngineMaterials/PreintegratedSkinBRDF.uexp" 359
"../../../Engine/Content/EngineMaterials/RemoveSurfaceMaterial.uasset" 360
"../../../Engine/Content/EngineMaterials/RemoveSurfaceMaterial.uexp" 361
"../../../Engine/Content/EngineMaterials/WeightMapPlaceholderTexture.uasset" 362
"../../../Engine/Content/EngineMaterials/WeightMapPlaceholderTexture.uexp" 363
"../../../Engine/Content/EngineResources/WhiteSquareTexture.uasset" 364
"../../../Engine/Content/EngineResources/WhiteSquareTexture.uexp" 365
"../../../Engine/Content/EngineMaterials/Widget3DPassThrough.uasset" 366
"../../../Engine/Content/EngineMaterials/Widget3DPassThrough.uexp" 367
"../../../Engine/Content/EngineMaterials/Widget3DPassThrough_Masked.uasset" 368
"../../../Engine/Content/EngineMaterials/Widget3DPassThrough_Masked.uexp" 369
"../../../Engine/Content/EngineMaterials/Widget3DPassThrough_Opaque.uasset" 370
"../../../Engine/Content/EngineMaterials/Widget3DPassThrough_Opaque.uexp" 371
"../../../Engine/Content/EngineMaterials/Widget3DPassThrough_Masked_OneSided.uasset" 372
"../../../Engine/Content/EngineMaterials/Widget3DPassThrough_Masked_OneSided.uexp" 373
"../../../Engine/Content/EngineMaterials/Widget3DPassThrough_Opaque_OneSided.uasset" 374
"../../../Engine/Content/EngineMaterials/Widget3DPassThrough_Opaque_OneSided.uexp" 375
"../../../Engine/Content/EngineMaterials/Widget3DPassThrough_Translucent.uasset" 376
"../../../Engine/Content/EngineMaterials/Widget3DPassThrough_Translucent.uexp" 377
"../../../Engine/Content/EngineMaterials/Widget3DPassThrough_Translucent_OneSided.uasset" 378
"../../../Engine/Content/EngineMaterials/Widget3DPassThrough_Translucent_OneSided.uexp" 379
"../../../Engine/Content/EngineMeshes/Cylinder.uasset" 380
"../../../Engine/Content/EngineMeshes/Cylinder.uexp" 381
"../../../Engine/Content/EngineMeshes/Sphere.uasset" 382
"../../../Engine/Content/EngineMeshes/Sphere.uexp" 383
"../../../Engine/Content/EngineResources/DefaultTexture.uasset" 384
"../../../Engine/Content/EngineResources/DefaultTexture.uexp" 385
"../../../Engine/Content/EngineResources/DefaultTexture.ubulk" 386
"../../../Engine/Content/EngineResources/DefaultTextureCube.uasset" 387
"../../../Engine/Content/EngineResources/DefaultTextureCube.uexp" 388
"../../../Engine/Content/EngineResources/DefaultVolumeTexture2D.uasset" 389
"../../../Engine/Content/EngineResources/DefaultVolumeTexture2D.uexp" 390
"../../../Engine/Content/EngineResources/DefaultVolumeTexture.uasset" 391
"../../../Engine/Content/EngineResources/DefaultVolumeTexture.uexp" 392
"../../../Engine/Content/EngineResources/GradientTexture0.uasset" 393
"../../../Engine/Content/EngineResources/GradientTexture0.uexp" 394
"../../../Engine/Content/EngineSky/VolumetricClouds/T_NoiseShape64.uasset" 395
"../../../Engine/Content/EngineSky/VolumetricClouds/T_NoiseShape64.uexp" 396
"../../../Engine/Content/EngineSky/VolumetricClouds/T_NoiseShape64.ubulk" 397
"../../../Engine/Content/EngineSky/VolumetricClouds/T_VolumeNoiseShape64.uasset" 398
"../../../Engine/Content/EngineSky/VolumetricClouds/T_VolumeNoiseShape64.uexp" 399
"../../../Engine/Content/EngineSky/VolumetricClouds/T_NoiseErosion.uasset" 400
"../../../Engine/Content/EngineSky/VolumetricClouds/T_NoiseErosion.uexp" 401
"../../../Engine/Content/EngineSky/VolumetricClouds/T_NoiseErosion.ubulk" 402
"../../../Engine/Content/EngineSky/VolumetricClouds/T_VolumeNoiseErosion32.uasset" 403
"../../../Engine/Content/EngineSky/VolumetricClouds/T_VolumeNoiseErosion32.uexp" 404
"../../../Engine/Content/EngineSky/VolumetricClouds/CloudWeatherTexture.uasset" 405
"../../../Engine/Content/EngineSky/VolumetricClouds/CloudWeatherTexture.uexp" 406
"../../../Engine/Content/EngineSky/VolumetricClouds/CloudGradientTexture.uasset" 407
"../../../Engine/Content/EngineSky/VolumetricClouds/CloudGradientTexture.uexp" 408
"../../../Engine/Content/Functions/Engine_MaterialFunctions02/Utility/MakeFloat2.uasset" 409
"../../../Engine/Content/Functions/Engine_MaterialFunctions02/Utility/MakeFloat2.uexp" 410
"../../../Engine/Content/EngineSky/VolumetricClouds/m_SimpleVolumetricCloud.uasset" 411
"../../../Engine/Content/EngineSky/VolumetricClouds/m_SimpleVolumetricCloud.uexp" 412
"../../../Engine/Content/EngineSky/VolumetricClouds/m_SimpleVolumetricCloud_Inst.uasset" 413
"../../../Engine/Content/EngineSky/VolumetricClouds/m_SimpleVolumetricCloud_Inst.uexp" 414
"../../../Engine/Content/EngineSounds/Master.uasset" 415
"../../../Engine/Content/EngineSounds/Master.uexp" 416
"../../../Engine/Content/Functions/Engine_MaterialFunctions01/Shading/PowerToRoughness.uasset" 417
"../../../Engine/Content/Functions/Engine_MaterialFunctions01/Shading/PowerToRoughness.uexp" 418
"../../../Engine/Content/Maps/Templates/Thumbnails/Default.uasset" 419
"../../../Engine/Content/Maps/Templates/Thumbnails/Default.uexp" 420
"../../../Engine/Content/Maps/Templates/Thumbnails/TimeOfDay.uasset" 421
"../../../Engine/Content/Maps/Templates/Thumbnails/TimeOfDay.uexp" 422
"../../../Engine/Content/Maps/Templates/Thumbnails/VR-Basic.uasset" 423
"../../../Engine/Content/Maps/Templates/Thumbnails/VR-Basic.uexp" 424
"../../../Engine/Content/MobileResources/T_MobileControls_texture.uasset" 425
"../../../Engine/Content/MobileResources/T_MobileControls_texture.uexp" 426
"../../../Engine/Content/MobileResources/T_MobileMenu2.uasset" 427
"../../../Engine/Content/MobileResources/T_MobileMenu2.uexp" 428
"../../../Engine/Content/MobileResources/HUD/AnalogHat.uasset" 429
"../../../Engine/Content/MobileResources/HUD/AnalogHat.uexp" 430
"../../../Engine/Content/MobileResources/HUD/VirtualJoystick_Thumb.uasset" 431
"../../../Engine/Content/MobileResources/HUD/VirtualJoystick_Thumb.uexp" 432
"../../../Engine/Content/MobileResources/HUD/VirtualJoystick_Background.uasset" 433
"../../../Engine/Content/MobileResources/HUD/VirtualJoystick_Background.uexp" 434
"../../../Engine/Content/MobileResources/HUD/DefaultVirtualJoysticks.uasset" 435
"../../../Engine/Content/MobileResources/HUD/DefaultVirtualJoysticks.uexp" 436
"../../../Engine/Content/MobileResources/HUD/LeftVirtualJoystickOnly.uasset" 437
"../../../Engine/Content/MobileResources/HUD/LeftVirtualJoystickOnly.uexp" 438
"../../../Engine/Content/MobileResources/HUD/MobileHUDButton1_off.uasset" 439
"../../../Engine/Content/MobileResources/HUD/MobileHUDButton1_off.uexp" 440
"../../../Engine/Content/MobileResources/HUD/MobileHUDButton1_on.uasset" 441
"../../../Engine/Content/MobileResources/HUD/MobileHUDButton1_on.uexp" 442
"../../../Engine/Content/MobileResources/HUD/MobileHUDButton2_off.uasset" 443
"../../../Engine/Content/MobileResources/HUD/MobileHUDButton2_off.uexp" 444
"../../../Engine/Content/MobileResources/HUD/MobileHUDButton2_on.uasset" 445
"../../../Engine/Content/MobileResources/HUD/MobileHUDButton2_on.uexp" 446
"../../../Engine/Content/MobileResources/HUD/MobileHUDButton3.uasset" 447
"../../../Engine/Content/MobileResources/HUD/MobileHUDButton3.uexp" 448
"../../../Engine/Content/MobileResources/HUD/MobileHUDButtonFire.uasset" 449
"../../../Engine/Content/MobileResources/HUD/MobileHUDButtonFire.uexp" 450
"../../../Engine/Content/MobileResources/HUD/MobileHUDDirectionPad.uasset" 451
"../../../Engine/Content/MobileResources/HUD/MobileHUDDirectionPad.uexp" 452
"../../../Engine/Content/MobileResources/HUD/MobileHUDDirectionPad2.uasset" 453
"../../../Engine/Content/MobileResources/HUD/MobileHUDDirectionPad2.uexp" 454
"../../../Engine/Content/MobileResources/HUD/MobileHUDDirectionPad3.uasset" 455
"../../../Engine/Content/MobileResources/HUD/MobileHUDDirectionPad3.uexp" 456
"../../../Engine/Content/MobileResources/HUD/MobileHUDDirectionStick.uasset" 457
"../../../Engine/Content/MobileResources/HUD/MobileHUDDirectionStick.uexp" 458
"../../../Engine/Content/MobileResources/HUD/T_Castle_ThumbstickInner.uasset" 459
"../../../Engine/Content/MobileResources/HUD/T_Castle_ThumbstickInner.uexp" 460
"../../../Engine/Content/MobileResources/HUD/T_Castle_ThumbstickOutter.uasset" 461
"../../../Engine/Content/MobileResources/HUD/T_Castle_ThumbstickOutter.uexp" 462
"../../../Engine/Content/Tutorial/ContentIntroCurve.uasset" 463
"../../../Engine/Content/Tutorial/ContentIntroCurve.uexp" 464
"../../../Engine/Content/VREditor/LaserPointer/VR_LaserPower_01.uasset" 465
"../../../Engine/Content/VREditor/LaserPointer/VR_LaserPower_01.uexp" 466
"../../../Engine/Content/VREditor/LaserPointer/VR_LaserPower_01.ubulk" 467
"../../../Engine/Content/VREditor/TransformGizmo/TransformGizmoMaterial.uasset" 468
"../../../Engine/Content/VREditor/TransformGizmo/TransformGizmoMaterial.uexp" 469
"../../../Engine/Content/VREditor/TransformGizmo/TranslucentTransformGizmoMaterial.uasset" 470
"../../../Engine/Content/VREditor/TransformGizmo/TranslucentTransformGizmoMaterial.uexp" 471
"../../../Engine/Content/VREditor/TransformGizmo/BoundingBoxCorner.uasset" 472
"../../../Engine/Content/VREditor/TransformGizmo/BoundingBoxCorner.uexp" 473
"../../../Engine/Content/VREditor/TransformGizmo/BoundingBoxEdge.uasset" 474
"../../../Engine/Content/VREditor/TransformGizmo/BoundingBoxEdge.uexp" 475
"../../../Engine/Content/VREditor/TransformGizmo/PlaneTranslationHandle.uasset" 476
"../../../Engine/Content/VREditor/TransformGizmo/PlaneTranslationHandle.uexp" 477
"../../../Engine/Content/VREditor/TransformGizmo/Xray.uasset" 478
"../../../Engine/Content/VREditor/TransformGizmo/Xray.uexp" 479
"../../../Engine/Content/VREditor/TransformGizmo/Main.uasset" 480
"../../../Engine/Content/VREditor/TransformGizmo/Main.uexp" 481
"../../../Engine/Content/VREditor/TransformGizmo/SM_Sequencer_Key.uasset" 482
"../../../Engine/Content/VREditor/TransformGizmo/SM_Sequencer_Key.uexp" 483
"../../../Engine/Content/VREditor/TransformGizmo/SM_Sequencer_Node.uasset" 484
"../../../Engine/Content/VREditor/TransformGizmo/SM_Sequencer_Node.uexp" 485
"../../../Engine/Plugins/2D/Paper2D/Content/PlaceholderTextures/DummySpriteTexture.uasset" 486
"../../../Engine/Plugins/2D/Paper2D/Content/PlaceholderTextures/DummySpriteTexture.uexp" 487
"../../../Engine/Plugins/2D/Paper2D/Content/PlaceholderTextures/DummySpriteTexture.ubulk" 488
"../../../Engine/Plugins/2D/Paper2D/Content/DummySprite.uasset" 489
"../../../Engine/Plugins/2D/Paper2D/Content/DummySprite.uexp" 490
"../../../Engine/Plugins/2D/Paper2D/Content/DefaultPaperTerrainMaterial.uasset" 491
"../../../Engine/Plugins/2D/Paper2D/Content/DefaultPaperTerrainMaterial.uexp" 492
"../../../Engine/Plugins/2D/Paper2D/Content/DefaultSpriteMaterial.uasset" 493
"../../../Engine/Plugins/2D/Paper2D/Content/DefaultSpriteMaterial.uexp" 494
"../../../Engine/Plugins/2D/Paper2D/Content/MaskedUnlitSpriteMaterial.uasset" 495
"../../../Engine/Plugins/2D/Paper2D/Content/MaskedUnlitSpriteMaterial.uexp" 496
"../../../Engine/Plugins/2D/Paper2D/Content/OpaqueUnlitSpriteMaterial.uasset" 497
"../../../Engine/Plugins/2D/Paper2D/Content/OpaqueUnlitSpriteMaterial.uexp" 498
"../../../Engine/Content/BasicShapes/Cylinder.uasset" 499
"../../../Engine/Content/BasicShapes/Cylinder.uexp" 500
"../../../Engine/Content/ArtTools/RenderToTexture/Materials/Debug/M_Emissive_Color.uasset" 501
"../../../Engine/Content/ArtTools/RenderToTexture/Materials/Debug/M_Emissive_Color.uexp" 502
"../../../Engine/Content/Functions/Engine_MaterialFunctions02/Utility/BreakOutFloat3Components.uasset" 503
"../../../Engine/Content/Functions/Engine_MaterialFunctions02/Utility/BreakOutFloat3Components.uexp" 504
"../../../Engine/Content/Functions/Engine_MaterialFunctions02/Utility/VectorLength.uasset" 505
"../../../Engine/Content/Functions/Engine_MaterialFunctions02/Utility/VectorLength.uexp" 506
"../../../Engine/Content/Functions/Engine_MaterialFunctions02/WorldPositionOffset/ObjectScale.uasset" 507
"../../../Engine/Content/Functions/Engine_MaterialFunctions02/WorldPositionOffset/ObjectScale.uexp" 508
"../../../Engine/Plugins/Editor/SpeedTreeImporter/Content/SpeedTree9/UnpackInteger3.uasset" 509
"../../../Engine/Plugins/Editor/SpeedTreeImporter/Content/SpeedTree9/UnpackInteger3.uexp" 510
"../../../Engine/Plugins/Editor/SpeedTreeImporter/Content/SpeedTree9/UnpackDirection.uasset" 511
"../../../Engine/Plugins/Editor/SpeedTreeImporter/Content/SpeedTree9/UnpackDirection.uexp" 512
"../../../Engine/Plugins/Editor/SpeedTreeImporter/Content/SpeedTree9/game_wind_noise.uasset" 513
"../../../Engine/Plugins/Editor/SpeedTreeImporter/Content/SpeedTree9/game_wind_noise.uexp" 514
"../../../Engine/Plugins/Editor/SpeedTreeImporter/Content/SpeedTree9/game_wind_noise.ubulk" 515
"../../../Engine/Content/Functions/Engine_MaterialFunctions02/SafeNormalize.uasset" 516
"../../../Engine/Content/Functions/Engine_MaterialFunctions02/SafeNormalize.uexp" 517
"../../../Engine/Plugins/Editor/SpeedTreeImporter/Content/SpeedTree9/SpeedTreeWindMotion.uasset" 518
"../../../Engine/Plugins/Editor/SpeedTreeImporter/Content/SpeedTree9/SpeedTreeWindMotion.uexp" 519
"../../../Engine/Plugins/Editor/SpeedTreeImporter/Content/SpeedTree9/SpeedTreeBranchMotion.uasset" 520
"../../../Engine/Plugins/Editor/SpeedTreeImporter/Content/SpeedTree9/SpeedTreeBranchMotion.uexp" 521
"../../../Engine/Content/Functions/Engine_MaterialFunctions02/ObjectLocalBounds.uasset" 522
"../../../Engine/Content/Functions/Engine_MaterialFunctions02/ObjectLocalBounds.uexp" 523
"../../../Engine/Content/Functions/Engine_MaterialFunctions02/UVs/BoundingBoxBased_0-1_UVW.uasset" 524
"../../../Engine/Content/Functions/Engine_MaterialFunctions02/UVs/BoundingBoxBased_0-1_UVW.uexp" 525
"../../../Engine/Plugins/Editor/SpeedTreeImporter/Content/SpeedTree9/SpeedTreeWind.uasset" 526
"../../../Engine/Plugins/Editor/SpeedTreeImporter/Content/SpeedTree9/SpeedTreeWind.uexp" 527
"../../../Engine/Plugins/Editor/SpeedTreeImporter/Content/SpeedTree9/SpeedTreeBillboard.uasset" 528
"../../../Engine/Plugins/Editor/SpeedTreeImporter/Content/SpeedTree9/SpeedTreeBillboard.uexp" 529
"../../../Engine/Plugins/Editor/SpeedTreeImporter/Content/SpeedTree9/EmptyNormal.uasset" 530
"../../../Engine/Plugins/Editor/SpeedTreeImporter/Content/SpeedTree9/EmptyNormal.uexp" 531
"../../../Engine/Plugins/Editor/SpeedTreeImporter/Content/SpeedTree9/Empty.uasset" 532
"../../../Engine/Plugins/Editor/SpeedTreeImporter/Content/SpeedTree9/Empty.uexp" 533
"../../../Engine/Plugins/Editor/SpeedTreeImporter/Content/SpeedTree9/SpeedTreeBillboardMaster.uasset" 534
"../../../Engine/Plugins/Editor/SpeedTreeImporter/Content/SpeedTree9/SpeedTreeBillboardMaster.uexp" 535
"../../../Engine/Plugins/Editor/SpeedTreeImporter/Content/SpeedTree9/SpeedTreeCameraFacing.uasset" 536
"../../../Engine/Plugins/Editor/SpeedTreeImporter/Content/SpeedTree9/SpeedTreeCameraFacing.uexp" 537
"../../../Engine/Plugins/Editor/SpeedTreeImporter/Content/SpeedTree9/SpeedTreeMaster.uasset" 538
"../../../Engine/Plugins/Editor/SpeedTreeImporter/Content/SpeedTree9/SpeedTreeMaster.uexp" 539
"../../../Engine/Plugins/Runtime/OpenXR/Content/Devices/GoogleDaydream/MRTexture.uasset" 540
"../../../Engine/Plugins/Runtime/OpenXR/Content/Devices/GoogleDaydream/MRTexture.uexp" 541
"../../../Engine/Plugins/Runtime/OpenXR/Content/Devices/GoogleDaydream/MRTexture.ubulk" 542
"../../../Engine/Plugins/Runtime/OpenXR/Content/Devices/GoogleDaydream/BaseTexture.uasset" 543
"../../../Engine/Plugins/Runtime/OpenXR/Content/Devices/GoogleDaydream/BaseTexture.uexp" 544
"../../../Engine/Plugins/Runtime/OpenXR/Content/Devices/GoogleDaydream/BaseTexture.ubulk" 545
"../../../Engine/Content/EngineResources/Black.uasset" 546
"../../../Engine/Content/EngineResources/Black.uexp" 547
"../../../Engine/Plugins/Runtime/OpenXR/Content/Devices/M_XRController.uasset" 548
"../../../Engine/Plugins/Runtime/OpenXR/Content/Devices/M_XRController.uexp" 549
"../../../Engine/Plugins/Runtime/OpenXR/Content/Devices/GoogleDaydream/MI_GoogleDaydream.uasset" 550
"../../../Engine/Plugins/Runtime/OpenXR/Content/Devices/GoogleDaydream/MI_GoogleDaydream.uexp" 551
"../../../Engine/Plugins/Runtime/OpenXR/Content/Devices/GoogleDaydream/GoogleDaydreamController.uasset" 552
"../../../Engine/Plugins/Runtime/OpenXR/Content/Devices/GoogleDaydream/GoogleDaydreamController.uexp" 553
"../../../Engine/Plugins/Runtime/OpenXR/Content/Devices/HTCVive/BaseTexture.uasset" 554
"../../../Engine/Plugins/Runtime/OpenXR/Content/Devices/HTCVive/BaseTexture.uexp" 555
"../../../Engine/Plugins/Runtime/OpenXR/Content/Devices/HTCVive/BaseTexture.ubulk" 556
"../../../Engine/Plugins/Runtime/OpenXR/Content/Devices/HTCVive/MI_HTCVive.uasset" 557
"../../../Engine/Plugins/Runtime/OpenXR/Content/Devices/HTCVive/MI_HTCVive.uexp" 558
"../../../Engine/Plugins/Runtime/OpenXR/Content/Devices/HTCVive/HTCViveController.uasset" 559
"../../../Engine/Plugins/Runtime/OpenXR/Content/Devices/HTCVive/HTCViveController.uexp" 560
"../../../Engine/Plugins/Runtime/OpenXR/Content/Devices/MicrosoftMixedReality/NormalTexture.uasset" 561
"../../../Engine/Plugins/Runtime/OpenXR/Content/Devices/MicrosoftMixedReality/NormalTexture.uexp" 562
"../../../Engine/Plugins/Runtime/OpenXR/Content/Devices/MicrosoftMixedReality/NormalTexture.ubulk" 563
"../../../Engine/Plugins/Runtime/OpenXR/Content/Devices/MicrosoftMixedReality/MRTexture.uasset" 564
"../../../Engine/Plugins/Runtime/OpenXR/Content/Devices/MicrosoftMixedReality/MRTexture.uexp" 565
"../../../Engine/Plugins/Runtime/OpenXR/Content/Devices/MicrosoftMixedReality/MRTexture.ubulk" 566
"../../../Engine/Plugins/Runtime/OpenXR/Content/Devices/MicrosoftMixedReality/EmissiveTexture.uasset" 567
"../../../Engine/Plugins/Runtime/OpenXR/Content/Devices/MicrosoftMixedReality/EmissiveTexture.uexp" 568
"../../../Engine/Plugins/Runtime/OpenXR/Content/Devices/MicrosoftMixedReality/EmissiveTexture.ubulk" 569
"../../../Engine/Plugins/Runtime/OpenXR/Content/Devices/MicrosoftMixedReality/BaseTexture.uasset" 570
"../../../Engine/Plugins/Runtime/OpenXR/Content/Devices/MicrosoftMixedReality/BaseTexture.uexp" 571
"../../../Engine/Plugins/Runtime/OpenXR/Content/Devices/MicrosoftMixedReality/BaseTexture.ubulk" 572
"../../../Engine/Plugins/Runtime/OpenXR/Content/Devices/MicrosoftMixedReality/MI_MicrosoftMixedReality.uasset" 573
"../../../Engine/Plugins/Runtime/OpenXR/Content/Devices/MicrosoftMixedReality/MI_MicrosoftMixedReality.uexp" 574
"../../../Engine/Plugins/Runtime/OpenXR/Content/Devices/MicrosoftMixedReality/Left/left_MicrosoftMixedRealityController.uasset" 575
"../../../Engine/Plugins/Runtime/OpenXR/Content/Devices/MicrosoftMixedReality/Left/left_MicrosoftMixedRealityController.uexp" 576
"../../../Engine/Plugins/Runtime/OpenXR/Content/Devices/MicrosoftMixedReality/Right/right_MicrosoftMixedRealityController.uasset" 577
"../../../Engine/Plugins/Runtime/OpenXR/Content/Devices/MicrosoftMixedReality/Right/right_MicrosoftMixedRealityController.uexp" 578
"../../../Engine/Plugins/Runtime/OpenXR/Content/Devices/OculusGo/BaseTexture.uasset" 579
"../../../Engine/Plugins/Runtime/OpenXR/Content/Devices/OculusGo/BaseTexture.uexp" 580
"../../../Engine/Plugins/Runtime/OpenXR/Content/Devices/OculusGo/BaseTexture.ubulk" 581
"../../../Engine/Plugins/Runtime/OpenXR/Content/Devices/OculusGo/MI_OculusGo.uasset" 582
"../../../Engine/Plugins/Runtime/OpenXR/Content/Devices/OculusGo/MI_OculusGo.uexp" 583
"../../../Engine/Plugins/Runtime/OpenXR/Content/Devices/OculusGo/OculusGoController.uasset" 584
"../../../Engine/Plugins/Runtime/OpenXR/Content/Devices/OculusGo/OculusGoController.uexp" 585
"../../../Engine/Plugins/Runtime/OpenXR/Content/Devices/OculusTouch/MRTexture.uasset" 586
"../../../Engine/Plugins/Runtime/OpenXR/Content/Devices/OculusTouch/MRTexture.uexp" 587
"../../../Engine/Plugins/Runtime/OpenXR/Content/Devices/OculusTouch/MRTexture.ubulk" 588
"../../../Engine/Plugins/Runtime/OpenXR/Content/Devices/OculusTouch/BaseTexture.uasset" 589
"../../../Engine/Plugins/Runtime/OpenXR/Content/Devices/OculusTouch/BaseTexture.uexp" 590
"../../../Engine/Plugins/Runtime/OpenXR/Content/Devices/OculusTouch/BaseTexture.ubulk" 591
"../../../Engine/Plugins/Runtime/OpenXR/Content/Devices/OculusTouch/MI_OculusTouch.uasset" 592
"../../../Engine/Plugins/Runtime/OpenXR/Content/Devices/OculusTouch/MI_OculusTouch.uexp" 593
"../../../Engine/Plugins/Runtime/OpenXR/Content/Devices/OculusTouch/Left/left_OculusTouchController.uasset" 594
"../../../Engine/Plugins/Runtime/OpenXR/Content/Devices/OculusTouch/Left/left_OculusTouchController.uexp" 595
"../../../Engine/Plugins/Runtime/OpenXR/Content/Devices/OculusTouch/Right/right_OculusTouchController.uasset" 596
"../../../Engine/Plugins/Runtime/OpenXR/Content/Devices/OculusTouch/Right/right_OculusTouchController.uexp" 597
"../../../Engine/Plugins/Runtime/OpenXR/Content/Devices/OculusTouch_v2/MRTexture.uasset" 598
"../../../Engine/Plugins/Runtime/OpenXR/Content/Devices/OculusTouch_v2/MRTexture.uexp" 599
"../../../Engine/Plugins/Runtime/OpenXR/Content/Devices/OculusTouch_v2/MRTexture.ubulk" 600
"../../../Engine/Plugins/Runtime/OpenXR/Content/Devices/OculusTouch_v2/BaseTexture.uasset" 601
"../../../Engine/Plugins/Runtime/OpenXR/Content/Devices/OculusTouch_v2/BaseTexture.uexp" 602
"../../../Engine/Plugins/Runtime/OpenXR/Content/Devices/OculusTouch_v2/BaseTexture.ubulk" 603
"../../../Engine/Plugins/Runtime/OpenXR/Content/Devices/OculusTouch_v2/MI_OculusTouch_v2.uasset" 604
"../../../Engine/Plugins/Runtime/OpenXR/Content/Devices/OculusTouch_v2/MI_OculusTouch_v2.uexp" 605
"../../../Engine/Plugins/Runtime/OpenXR/Content/Devices/OculusTouch_v2/Left/left_OculusTouch_v2Controller.uasset" 606
"../../../Engine/Plugins/Runtime/OpenXR/Content/Devices/OculusTouch_v2/Left/left_OculusTouch_v2Controller.uexp" 607
"../../../Engine/Plugins/Runtime/OpenXR/Content/Devices/OculusTouch_v2/Right/right_OculusTouch_v2Controller.uasset" 608
"../../../Engine/Plugins/Runtime/OpenXR/Content/Devices/OculusTouch_v2/Right/right_OculusTouch_v2Controller.uexp" 609
"../../../Engine/Plugins/Runtime/OpenXR/Content/Devices/OculusTouch_v3/MRTexture.uasset" 610
"../../../Engine/Plugins/Runtime/OpenXR/Content/Devices/OculusTouch_v3/MRTexture.uexp" 611
"../../../Engine/Plugins/Runtime/OpenXR/Content/Devices/OculusTouch_v3/MRTexture.ubulk" 612
"../../../Engine/Plugins/Runtime/OpenXR/Content/Devices/OculusTouch_v3/BaseTexture.uasset" 613
"../../../Engine/Plugins/Runtime/OpenXR/Content/Devices/OculusTouch_v3/BaseTexture.uexp" 614
"../../../Engine/Plugins/Runtime/OpenXR/Content/Devices/OculusTouch_v3/BaseTexture.ubulk" 615
"../../../Engine/Plugins/Runtime/OpenXR/Content/Devices/OculusTouch_v3/MI_OculusTouch_v3.uasset" 616
"../../../Engine/Plugins/Runtime/OpenXR/Content/Devices/OculusTouch_v3/MI_OculusTouch_v3.uexp" 617
"../../../Engine/Plugins/Runtime/OpenXR/Content/Devices/OculusTouch_v3/Left/left_OculusTouch_v3Controller.uasset" 618
"../../../Engine/Plugins/Runtime/OpenXR/Content/Devices/OculusTouch_v3/Left/left_OculusTouch_v3Controller.uexp" 619
"../../../Engine/Plugins/Runtime/OpenXR/Content/Devices/OculusTouch_v3/Right/right_OculusTouch_v3Controller.uasset" 620
"../../../Engine/Plugins/Runtime/OpenXR/Content/Devices/OculusTouch_v3/Right/right_OculusTouch_v3Controller.uexp" 621
"../../../Engine/Plugins/Runtime/OpenXR/Content/Devices/ValveIndex/MRTexture.uasset" 622
"../../../Engine/Plugins/Runtime/OpenXR/Content/Devices/ValveIndex/MRTexture.uexp" 623
"../../../Engine/Plugins/Runtime/OpenXR/Content/Devices/ValveIndex/MRTexture.ubulk" 624
"../../../Engine/Plugins/Runtime/OpenXR/Content/Devices/ValveIndex/BaseTexture.uasset" 625
"../../../Engine/Plugins/Runtime/OpenXR/Content/Devices/ValveIndex/BaseTexture.uexp" 626
"../../../Engine/Plugins/Runtime/OpenXR/Content/Devices/ValveIndex/BaseTexture.ubulk" 627
"../../../Engine/Plugins/Runtime/OpenXR/Content/Devices/ValveIndex/Left/MI_left_ValveIndex.uasset" 628
"../../../Engine/Plugins/Runtime/OpenXR/Content/Devices/ValveIndex/Left/MI_left_ValveIndex.uexp" 629
"../../../Engine/Plugins/Runtime/OpenXR/Content/Devices/ValveIndex/Left/left_ValveIndexController.uasset" 630
"../../../Engine/Plugins/Runtime/OpenXR/Content/Devices/ValveIndex/Left/left_ValveIndexController.uexp" 631
"../../../Engine/Plugins/Runtime/OpenXR/Content/Devices/ValveIndex/Right/MI_right_ValveIndex.uasset" 632
"../../../Engine/Plugins/Runtime/OpenXR/Content/Devices/ValveIndex/Right/MI_right_ValveIndex.uexp" 633
"../../../Engine/Plugins/Runtime/OpenXR/Content/Devices/ValveIndex/Right/right_ValveIndexController.uasset" 634
"../../../Engine/Plugins/Runtime/OpenXR/Content/Devices/ValveIndex/Right/right_ValveIndexController.uexp" 635
"../../../Engine/Content/Functions/Engine_MaterialFunctions02/Utility/BreakOutFloat4Components.uasset" 636
"../../../Engine/Content/Functions/Engine_MaterialFunctions02/Utility/BreakOutFloat4Components.uexp" 637
"../../../Engine/Content/Functions/Engine_MaterialFunctions02/Utility/MakeFloat3.uasset" 638
"../../../Engine/Content/Functions/Engine_MaterialFunctions02/Utility/MakeFloat3.uexp" 639
"../../../Engine/Plugins/Runtime/Oculus/OculusVR/Content/Materials/OculusMR_ChromaKey.uasset" 640
"../../../Engine/Plugins/Runtime/Oculus/OculusVR/Content/Materials/OculusMR_ChromaKey.uexp" 641
"../../../Engine/Plugins/Runtime/Oculus/OculusVR/Content/Materials/OculusMR_OpaqueColoredMaterial.uasset" 642
"../../../Engine/Plugins/Runtime/Oculus/OculusVR/Content/Materials/OculusMR_OpaqueColoredMaterial.uexp" 643
"../../../Engine/Plugins/Runtime/Oculus/OculusVR/Content/Materials/PokeAHoleMaterial.uasset" 644
"../../../Engine/Plugins/Runtime/Oculus/OculusVR/Content/Materials/PokeAHoleMaterial.uexp" 645
"../../../Engine/Plugins/Runtime/Oculus/OculusVR/Content/Textures/touchController_controlmap.uasset" 646
"../../../Engine/Plugins/Runtime/Oculus/OculusVR/Content/Textures/touchController_controlmap.uexp" 647
"../../../Engine/Plugins/Runtime/Oculus/OculusVR/Content/Textures/touchController_controlmap.ubulk" 648
"../../../Engine/Plugins/Runtime/Oculus/OculusVR/Content/Textures/touchController_albedo.uasset" 649
"../../../Engine/Plugins/Runtime/Oculus/OculusVR/Content/Textures/touchController_albedo.uexp" 650
"../../../Engine/Plugins/Runtime/Oculus/OculusVR/Content/Textures/touchController_albedo.ubulk" 651
"../../../Engine/Plugins/Runtime/Oculus/OculusVR/Content/Materials/touchController_mat.uasset" 652
"../../../Engine/Plugins/Runtime/Oculus/OculusVR/Content/Materials/touchController_mat.uexp" 653
"../../../Engine/Plugins/Runtime/Oculus/OculusVR/Content/Meshes/LeftTouchController.uasset" 654
"../../../Engine/Plugins/Runtime/Oculus/OculusVR/Content/Meshes/LeftTouchController.uexp" 655
"../../../Engine/Plugins/Runtime/Oculus/OculusVR/Content/Textures/TouchForQuestRiftSController_albedo.uasset" 656
"../../../Engine/Plugins/Runtime/Oculus/OculusVR/Content/Textures/TouchForQuestRiftSController_albedo.uexp" 657
"../../../Engine/Plugins/Runtime/Oculus/OculusVR/Content/Textures/TouchForQuestRiftSController_albedo.ubulk" 658
"../../../Engine/Plugins/Runtime/Oculus/OculusVR/Content/Materials/TouchForQuestRiftSControllerMaterial.uasset" 659
"../../../Engine/Plugins/Runtime/Oculus/OculusVR/Content/Materials/TouchForQuestRiftSControllerMaterial.uexp" 660
"../../../Engine/Plugins/Runtime/Oculus/OculusVR/Content/Meshes/LeftTouchForQuestRiftSController.uasset" 661
"../../../Engine/Plugins/Runtime/Oculus/OculusVR/Content/Meshes/LeftTouchForQuestRiftSController.uexp" 662
"../../../Engine/Plugins/Runtime/Oculus/OculusVR/Content/Meshes/RiftHMD.uasset" 663
"../../../Engine/Plugins/Runtime/Oculus/OculusVR/Content/Meshes/RiftHMD.uexp" 664
"../../../Engine/Plugins/Runtime/Oculus/OculusVR/Content/Meshes/RightTouchController.uasset" 665
"../../../Engine/Plugins/Runtime/Oculus/OculusVR/Content/Meshes/RightTouchController.uexp" 666
"../../../Engine/Plugins/Runtime/Oculus/OculusVR/Content/Meshes/RightTouchForQuestRiftSController.uasset" 667
"../../../Engine/Plugins/Runtime/Oculus/OculusVR/Content/Meshes/RightTouchForQuestRiftSController.uexp" 668
"../../../Engine/Content/EngineSky/T_Sky_Stars.uasset" 669
"../../../Engine/Content/EngineSky/T_Sky_Stars.uexp" 670
"../../../Engine/Content/EngineSky/T_Sky_Stars.ubulk" 671
"../../../Engine/Content/EngineSky/T_Sky_Clouds_M.uasset" 672
"../../../Engine/Content/EngineSky/T_Sky_Clouds_M.uexp" 673
"../../../Engine/Content/EngineSky/T_Sky_Clouds_M.ubulk" 674
"../../../Engine/Content/EngineSky/T_Sky_Blue.uasset" 675
"../../../Engine/Content/EngineSky/T_Sky_Blue.uexp" 676
"../../../Engine/Content/EngineSky/T_Sky_Blue.ubulk" 677
"../../../Engine/Content/EngineSky/M_Sky_Panning_Clouds2.uasset" 678
"../../../Engine/Content/EngineSky/M_Sky_Panning_Clouds2.uexp" 679
"C:/Users/carlt/source/repos/HexAdventure/Unreal Project/HexAdventure 4.27/Content/Maps/MainMap_BuiltData.uasset" 680
"C:/Users/carlt/source/repos/HexAdventure/Unreal Project/HexAdventure 4.27/Content/Maps/MainMap_BuiltData.uexp" 681
"C:/Users/carlt/source/repos/HexAdventure/Unreal Project/HexAdventure 4.27/Content/Maps/MainMap_BuiltData.ubulk" 682
"../../../Engine/Content/EngineSky/SM_SkySphere.uasset" 683
"../../../Engine/Content/EngineSky/SM_SkySphere.uexp" 684
"../../../Engine/Content/EngineSky/C_Sky_Zenith_Color.uasset" 685
"../../../Engine/Content/EngineSky/C_Sky_Zenith_Color.uexp" 686
"../../../Engine/Content/EngineSky/C_Sky_Horizon_Color.uasset" 687
"../../../Engine/Content/EngineSky/C_Sky_Horizon_Color.uexp" 688
"../../../Engine/Content/EngineSky/C_Sky_Cloud_Color.uasset" 689
"../../../Engine/Content/EngineSky/C_Sky_Cloud_Color.uexp" 690
"../../../Engine/Content/EngineSky/BP_Sky_Sphere.uasset" 691
"../../../Engine/Content/EngineSky/BP_Sky_Sphere.uexp" 692
"C:/Users/carlt/source/repos/HexAdventure/Unreal Project/HexAdventure 4.27/Content/Maps/MainMap.uexp" 693
"C:/Users/carlt/source/repos/HexAdventure/Unreal Project/HexAdventure 4.27/Content/Maps/MainMap.umap" 694
"C:/Users/carlt/source/repos/HexAdventure/Unreal Project/HexAdventure 4.27/Content/Blueprints/SaveGames/SaveGamesList.uasset" 695
"C:/Users/carlt/source/repos/HexAdventure/Unreal Project/HexAdventure 4.27/Content/Blueprints/SaveGames/SaveGamesList.uexp" 696
"C:/Users/carlt/source/repos/HexAdventure/Unreal Project/HexAdventure 4.27/Content/Blueprints/MainMenu/MainMenuGameMode.uasset" 697
"C:/Users/carlt/source/repos/HexAdventure/Unreal Project/HexAdventure 4.27/Content/Blueprints/MainMenu/MainMenuGameMode.uexp" 698
"C:/Users/carlt/source/repos/HexAdventure/Unreal Project/HexAdventure 4.27/Content/UI/NewGame.uasset" 699
"C:/Users/carlt/source/repos/HexAdventure/Unreal Project/HexAdventure 4.27/Content/UI/NewGame.uexp" 700
"C:/Users/carlt/source/repos/HexAdventure/Unreal Project/HexAdventure 4.27/Content/UI/LoadableGamePanel.uasset" 701
"C:/Users/carlt/source/repos/HexAdventure/Unreal Project/HexAdventure 4.27/Content/UI/LoadableGamePanel.uexp" 702
"C:/Users/carlt/source/repos/HexAdventure/Unreal Project/HexAdventure 4.27/Content/UI/LoadGame.uasset" 703
"C:/Users/carlt/source/repos/HexAdventure/Unreal Project/HexAdventure 4.27/Content/UI/LoadGame.uexp" 704
"C:/Users/carlt/source/repos/HexAdventure/Unreal Project/HexAdventure 4.27/Content/UI/MainMenu.uasset" 705
"C:/Users/carlt/source/repos/HexAdventure/Unreal Project/HexAdventure 4.27/Content/UI/MainMenu.uexp" 706
"C:/Users/carlt/source/repos/HexAdventure/Unreal Project/HexAdventure 4.27/Content/Maps/MainMenu.uexp" 707
"C:/Users/carlt/source/repos/HexAdventure/Unreal Project/HexAdventure 4.27/Content/Maps/MainMenu.umap" 708
"../../../Engine/Content/Maps/Entry_BuiltData.uasset" 709
"../../../Engine/Content/Maps/Entry_BuiltData.uexp" 710
"../../../Engine/Content/Maps/Entry.uexp" 711
"../../../Engine/Content/Maps/Entry.umap" 712
